{"uid":"abd59bf53eec4a58","name":"test","fullName":"sanity.TC007_VerifyAvailableEndpointHasSuccessfulPingsTest.test","historyId":"5889f6f9570d002fb607185cebaaf1c2","time":{"start":1739231107689,"stop":1739231150884,"duration":43195},"description":"Report JSON file matches expected schema.","descriptionHtml":"<p>Report JSON file matches expected schema.</p>\n","status":"failed","statusMessage":"The following asserts failed:\n\tVerify that start and end time differs. did not expect [2025-02-10T23:45:20.764528430Z] but found [2025-02-10T23:45:20.764528430Z]\nStack Trace :[org.testng.Assert.fail(Assert.java:111)\n org.testng.Assert.failEquals(Assert.java:1582)\n org.testng.Assert.assertNotEqualsImpl(Assert.java:157)\n org.testng.Assert.assertNotEquals(Assert.java:2201)\n org.testng.asserts.Assertion$47.doAssert(Assertion.java:550)\n com.pinger.automation.utils.SoftVerifier.doAssert(SoftVerifier.java:20)\n org.testng.asserts.Assertion.assertNotEquals(Assertion.java:546)\n com.pinger.automation.core.clients.PingerClient.processValidScenario(PingerClient.java:56)\n sanity.TC007_VerifyAvailableEndpointHasSuccessfulPingsTest.test(TC007_VerifyAvailableEndpointHasSuccessfulPingsTest.java:35)\n java.base/jdk.internal.reflect.DirectMethodHandleAccessor.invoke(DirectMethodHandleAccessor.java:103)\n java.base/java.lang.reflect.Method.invoke(Method.java:580)\n org.testng.internal.invokers.MethodInvocationHelper.invokeMethod(MethodInvocationHelper.java:139)\n org.testng.internal.invokers.TestInvoker.invokeMethod(TestInvoker.java:664)\n org.testng.internal.invokers.TestInvoker.invokeTestMethod(TestInvoker.java:228)\n org.testng.internal.invokers.MethodRunner.runInSequence(MethodRunner.java:63)\n org.testng.internal.invokers.TestInvoker$MethodInvocationAgent.invoke(TestInvoker.java:961)\n org.testng.internal.invokers.TestInvoker.invokeTestMethods(TestInvoker.java:201)\n org.testng.internal.invokers.TestMethodWorker.invokeTestMethods(TestMethodWorker.java:148)\n org.testng.internal.invokers.TestMethodWorker.run(TestMethodWorker.java:128)\n java.base/java.util.ArrayList.forEach(ArrayList.java:1596)\n org.testng.TestRunner.privateRun(TestRunner.java:819)\n org.testng.TestRunner.run(TestRunner.java:619)\n org.testng.SuiteRunner.runTest(SuiteRunner.java:443)\n org.testng.SuiteRunner.runSequentially(SuiteRunner.java:437)\n org.testng.SuiteRunner.privateRun(SuiteRunner.java:397)\n org.testng.SuiteRunner.run(SuiteRunner.java:336)\n org.testng.SuiteRunnerWorker.runSuite(SuiteRunnerWorker.java:52)\n org.testng.SuiteRunnerWorker.run(SuiteRunnerWorker.java:95)\n org.testng.TestNG.runSuitesSequentially(TestNG.java:1301)\n org.testng.TestNG.runSuitesLocally(TestNG.java:1228)\n org.testng.TestNG.runSuites(TestNG.java:1134)\n org.testng.TestNG.run(TestNG.java:1101)\n org.apache.maven.surefire.testng.TestNGExecutor.run(TestNGExecutor.java:155)\n org.apache.maven.surefire.testng.TestNGDirectoryTestSuite.executeMulti(TestNGDirectoryTestSuite.java:169)\n org.apache.maven.surefire.testng.TestNGDirectoryTestSuite.execute(TestNGDirectoryTestSuite.java:88)\n org.apache.maven.surefire.testng.TestNGProvider.invoke(TestNGProvider.java:137)\n org.apache.maven.surefire.booter.ForkedBooter.runSuitesInProcess(ForkedBooter.java:385)\n org.apache.maven.surefire.booter.ForkedBooter.execute(ForkedBooter.java:162)\n org.apache.maven.surefire.booter.ForkedBooter.run(ForkedBooter.java:507)\n org.apache.maven.surefire.booter.ForkedBooter.main(ForkedBooter.java:495)],\n\tVerify that start date is before end date. expected [true] but found [false]\nStack Trace :[org.testng.Assert.fail(Assert.java:111)\n org.testng.Assert.failNotEquals(Assert.java:1578)\n org.testng.Assert.assertTrue(Assert.java:57)\n org.testng.asserts.Assertion$1.doAssert(Assertion.java:86)\n com.pinger.automation.utils.SoftVerifier.doAssert(SoftVerifier.java:20)\n org.testng.asserts.Assertion.assertTrue(Assertion.java:82)\n com.pinger.automation.core.clients.PingerClient.processValidScenario(PingerClient.java:57)\n sanity.TC007_VerifyAvailableEndpointHasSuccessfulPingsTest.test(TC007_VerifyAvailableEndpointHasSuccessfulPingsTest.java:35)\n java.base/jdk.internal.reflect.DirectMethodHandleAccessor.invoke(DirectMethodHandleAccessor.java:103)\n java.base/java.lang.reflect.Method.invoke(Method.java:580)\n org.testng.internal.invokers.MethodInvocationHelper.invokeMethod(MethodInvocationHelper.java:139)\n org.testng.internal.invokers.TestInvoker.invokeMethod(TestInvoker.java:664)\n org.testng.internal.invokers.TestInvoker.invokeTestMethod(TestInvoker.java:228)\n org.testng.internal.invokers.MethodRunner.runInSequence(MethodRunner.java:63)\n org.testng.internal.invokers.TestInvoker$MethodInvocationAgent.invoke(TestInvoker.java:961)\n org.testng.internal.invokers.TestInvoker.invokeTestMethods(TestInvoker.java:201)\n org.testng.internal.invokers.TestMethodWorker.invokeTestMethods(TestMethodWorker.java:148)\n org.testng.internal.invokers.TestMethodWorker.run(TestMethodWorker.java:128)\n java.base/java.util.ArrayList.forEach(ArrayList.java:1596)\n org.testng.TestRunner.privateRun(TestRunner.java:819)\n org.testng.TestRunner.run(TestRunner.java:619)\n org.testng.SuiteRunner.runTest(SuiteRunner.java:443)\n org.testng.SuiteRunner.runSequentially(SuiteRunner.java:437)\n org.testng.SuiteRunner.privateRun(SuiteRunner.java:397)\n org.testng.SuiteRunner.run(SuiteRunner.java:336)\n org.testng.SuiteRunnerWorker.runSuite(SuiteRunnerWorker.java:52)\n org.testng.SuiteRunnerWorker.run(SuiteRunnerWorker.java:95)\n org.testng.TestNG.runSuitesSequentially(TestNG.java:1301)\n org.testng.TestNG.runSuitesLocally(TestNG.java:1228)\n org.testng.TestNG.runSuites(TestNG.java:1134)\n org.testng.TestNG.run(TestNG.java:1101)\n org.apache.maven.surefire.testng.TestNGExecutor.run(TestNGExecutor.java:155)\n org.apache.maven.surefire.testng.TestNGDirectoryTestSuite.executeMulti(TestNGDirectoryTestSuite.java:169)\n org.apache.maven.surefire.testng.TestNGDirectoryTestSuite.execute(TestNGDirectoryTestSuite.java:88)\n org.apache.maven.surefire.testng.TestNGProvider.invoke(TestNGProvider.java:137)\n org.apache.maven.surefire.booter.ForkedBooter.runSuitesInProcess(ForkedBooter.java:385)\n org.apache.maven.surefire.booter.ForkedBooter.execute(ForkedBooter.java:162)\n org.apache.maven.surefire.booter.ForkedBooter.run(ForkedBooter.java:507)\n org.apache.maven.surefire.booter.ForkedBooter.main(ForkedBooter.java:495)],\n\tVerity end date time. expected [2025-02-10T23:45:20Z] but found [2025-02-10T23:45:50Z]\nStack Trace :[org.testng.Assert.fail(Assert.java:111)\n org.testng.Assert.failNotEquals(Assert.java:1578)\n org.testng.Assert.assertEqualsImpl(Assert.java:150)\n org.testng.Assert.assertEquals(Assert.java:132)\n org.testng.asserts.Assertion$8.doAssert(Assertion.java:156)\n com.pinger.automation.utils.SoftVerifier.doAssert(SoftVerifier.java:20)\n org.testng.asserts.Assertion.assertEquals(Assertion.java:152)\n com.pinger.automation.core.clients.PingerClient.processValidScenario(PingerClient.java:59)\n sanity.TC007_VerifyAvailableEndpointHasSuccessfulPingsTest.test(TC007_VerifyAvailableEndpointHasSuccessfulPingsTest.java:35)\n java.base/jdk.internal.reflect.DirectMethodHandleAccessor.invoke(DirectMethodHandleAccessor.java:103)\n java.base/java.lang.reflect.Method.invoke(Method.java:580)\n org.testng.internal.invokers.MethodInvocationHelper.invokeMethod(MethodInvocationHelper.java:139)\n org.testng.internal.invokers.TestInvoker.invokeMethod(TestInvoker.java:664)\n org.testng.internal.invokers.TestInvoker.invokeTestMethod(TestInvoker.java:228)\n org.testng.internal.invokers.MethodRunner.runInSequence(MethodRunner.java:63)\n org.testng.internal.invokers.TestInvoker$MethodInvocationAgent.invoke(TestInvoker.java:961)\n org.testng.internal.invokers.TestInvoker.invokeTestMethods(TestInvoker.java:201)\n org.testng.internal.invokers.TestMethodWorker.invokeTestMethods(TestMethodWorker.java:148)\n org.testng.internal.invokers.TestMethodWorker.run(TestMethodWorker.java:128)\n java.base/java.util.ArrayList.forEach(ArrayList.java:1596)\n org.testng.TestRunner.privateRun(TestRunner.java:819)\n org.testng.TestRunner.run(TestRunner.java:619)\n org.testng.SuiteRunner.runTest(SuiteRunner.java:443)\n org.testng.SuiteRunner.runSequentially(SuiteRunner.java:437)\n org.testng.SuiteRunner.privateRun(SuiteRunner.java:397)\n org.testng.SuiteRunner.run(SuiteRunner.java:336)\n org.testng.SuiteRunnerWorker.runSuite(SuiteRunnerWorker.java:52)\n org.testng.SuiteRunnerWorker.run(SuiteRunnerWorker.java:95)\n org.testng.TestNG.runSuitesSequentially(TestNG.java:1301)\n org.testng.TestNG.runSuitesLocally(TestNG.java:1228)\n org.testng.TestNG.runSuites(TestNG.java:1134)\n org.testng.TestNG.run(TestNG.java:1101)\n org.apache.maven.surefire.testng.TestNGExecutor.run(TestNGExecutor.java:155)\n org.apache.maven.surefire.testng.TestNGDirectoryTestSuite.executeMulti(TestNGDirectoryTestSuite.java:169)\n org.apache.maven.surefire.testng.TestNGDirectoryTestSuite.execute(TestNGDirectoryTestSuite.java:88)\n org.apache.maven.surefire.testng.TestNGProvider.invoke(TestNGProvider.java:137)\n org.apache.maven.surefire.booter.ForkedBooter.runSuitesInProcess(ForkedBooter.java:385)\n org.apache.maven.surefire.booter.ForkedBooter.execute(ForkedBooter.java:162)\n org.apache.maven.surefire.booter.ForkedBooter.run(ForkedBooter.java:507)\n org.apache.maven.surefire.booter.ForkedBooter.main(ForkedBooter.java:495)],\n\tVerity min successful pings. expected [2] but found [1]\nStack Trace :[org.testng.Assert.fail(Assert.java:111)\n org.testng.Assert.failNotEquals(Assert.java:1578)\n org.testng.Assert.assertEqualsImpl(Assert.java:150)\n org.testng.Assert.assertEquals(Assert.java:132)\n org.testng.Assert.assertEquals(Assert.java:1419)\n org.testng.Assert.assertEquals(Assert.java:1383)\n org.testng.asserts.Assertion$26.doAssert(Assertion.java:338)\n com.pinger.automation.utils.SoftVerifier.doAssert(SoftVerifier.java:20)\n org.testng.asserts.Assertion.assertEquals(Assertion.java:334)\n com.pinger.automation.core.clients.PingerClient.processValidScenario(PingerClient.java:62)\n sanity.TC007_VerifyAvailableEndpointHasSuccessfulPingsTest.test(TC007_VerifyAvailableEndpointHasSuccessfulPingsTest.java:35)\n java.base/jdk.internal.reflect.DirectMethodHandleAccessor.invoke(DirectMethodHandleAccessor.java:103)\n java.base/java.lang.reflect.Method.invoke(Method.java:580)\n org.testng.internal.invokers.MethodInvocationHelper.invokeMethod(MethodInvocationHelper.java:139)\n org.testng.internal.invokers.TestInvoker.invokeMethod(TestInvoker.java:664)\n org.testng.internal.invokers.TestInvoker.invokeTestMethod(TestInvoker.java:228)\n org.testng.internal.invokers.MethodRunner.runInSequence(MethodRunner.java:63)\n org.testng.internal.invokers.TestInvoker$MethodInvocationAgent.invoke(TestInvoker.java:961)\n org.testng.internal.invokers.TestInvoker.invokeTestMethods(TestInvoker.java:201)\n org.testng.internal.invokers.TestMethodWorker.invokeTestMethods(TestMethodWorker.java:148)\n org.testng.internal.invokers.TestMethodWorker.run(TestMethodWorker.java:128)\n java.base/java.util.ArrayList.forEach(ArrayList.java:1596)\n org.testng.TestRunner.privateRun(TestRunner.java:819)\n org.testng.TestRunner.run(TestRunner.java:619)\n org.testng.SuiteRunner.runTest(SuiteRunner.java:443)\n org.testng.SuiteRunner.runSequentially(SuiteRunner.java:437)\n org.testng.SuiteRunner.privateRun(SuiteRunner.java:397)\n org.testng.SuiteRunner.run(SuiteRunner.java:336)\n org.testng.SuiteRunnerWorker.runSuite(SuiteRunnerWorker.java:52)\n org.testng.SuiteRunnerWorker.run(SuiteRunnerWorker.java:95)\n org.testng.TestNG.runSuitesSequentially(TestNG.java:1301)\n org.testng.TestNG.runSuitesLocally(TestNG.java:1228)\n org.testng.TestNG.runSuites(TestNG.java:1134)\n org.testng.TestNG.run(TestNG.java:1101)\n org.apache.maven.surefire.testng.TestNGExecutor.run(TestNGExecutor.java:155)\n org.apache.maven.surefire.testng.TestNGDirectoryTestSuite.executeMulti(TestNGDirectoryTestSuite.java:169)\n org.apache.maven.surefire.testng.TestNGDirectoryTestSuite.execute(TestNGDirectoryTestSuite.java:88)\n org.apache.maven.surefire.testng.TestNGProvider.invoke(TestNGProvider.java:137)\n org.apache.maven.surefire.booter.ForkedBooter.runSuitesInProcess(ForkedBooter.java:385)\n org.apache.maven.surefire.booter.ForkedBooter.execute(ForkedBooter.java:162)\n org.apache.maven.surefire.booter.ForkedBooter.run(ForkedBooter.java:507)\n org.apache.maven.surefire.booter.ForkedBooter.main(ForkedBooter.java:495)]","statusTrace":"java.lang.AssertionError: The following asserts failed:\n\tVerify that start and end time differs. did not expect [2025-02-10T23:45:20.764528430Z] but found [2025-02-10T23:45:20.764528430Z]\nStack Trace :[org.testng.Assert.fail(Assert.java:111)\n org.testng.Assert.failEquals(Assert.java:1582)\n org.testng.Assert.assertNotEqualsImpl(Assert.java:157)\n org.testng.Assert.assertNotEquals(Assert.java:2201)\n org.testng.asserts.Assertion$47.doAssert(Assertion.java:550)\n com.pinger.automation.utils.SoftVerifier.doAssert(SoftVerifier.java:20)\n org.testng.asserts.Assertion.assertNotEquals(Assertion.java:546)\n com.pinger.automation.core.clients.PingerClient.processValidScenario(PingerClient.java:56)\n sanity.TC007_VerifyAvailableEndpointHasSuccessfulPingsTest.test(TC007_VerifyAvailableEndpointHasSuccessfulPingsTest.java:35)\n java.base/jdk.internal.reflect.DirectMethodHandleAccessor.invoke(DirectMethodHandleAccessor.java:103)\n java.base/java.lang.reflect.Method.invoke(Method.java:580)\n org.testng.internal.invokers.MethodInvocationHelper.invokeMethod(MethodInvocationHelper.java:139)\n org.testng.internal.invokers.TestInvoker.invokeMethod(TestInvoker.java:664)\n org.testng.internal.invokers.TestInvoker.invokeTestMethod(TestInvoker.java:228)\n org.testng.internal.invokers.MethodRunner.runInSequence(MethodRunner.java:63)\n org.testng.internal.invokers.TestInvoker$MethodInvocationAgent.invoke(TestInvoker.java:961)\n org.testng.internal.invokers.TestInvoker.invokeTestMethods(TestInvoker.java:201)\n org.testng.internal.invokers.TestMethodWorker.invokeTestMethods(TestMethodWorker.java:148)\n org.testng.internal.invokers.TestMethodWorker.run(TestMethodWorker.java:128)\n java.base/java.util.ArrayList.forEach(ArrayList.java:1596)\n org.testng.TestRunner.privateRun(TestRunner.java:819)\n org.testng.TestRunner.run(TestRunner.java:619)\n org.testng.SuiteRunner.runTest(SuiteRunner.java:443)\n org.testng.SuiteRunner.runSequentially(SuiteRunner.java:437)\n org.testng.SuiteRunner.privateRun(SuiteRunner.java:397)\n org.testng.SuiteRunner.run(SuiteRunner.java:336)\n org.testng.SuiteRunnerWorker.runSuite(SuiteRunnerWorker.java:52)\n org.testng.SuiteRunnerWorker.run(SuiteRunnerWorker.java:95)\n org.testng.TestNG.runSuitesSequentially(TestNG.java:1301)\n org.testng.TestNG.runSuitesLocally(TestNG.java:1228)\n org.testng.TestNG.runSuites(TestNG.java:1134)\n org.testng.TestNG.run(TestNG.java:1101)\n org.apache.maven.surefire.testng.TestNGExecutor.run(TestNGExecutor.java:155)\n org.apache.maven.surefire.testng.TestNGDirectoryTestSuite.executeMulti(TestNGDirectoryTestSuite.java:169)\n org.apache.maven.surefire.testng.TestNGDirectoryTestSuite.execute(TestNGDirectoryTestSuite.java:88)\n org.apache.maven.surefire.testng.TestNGProvider.invoke(TestNGProvider.java:137)\n org.apache.maven.surefire.booter.ForkedBooter.runSuitesInProcess(ForkedBooter.java:385)\n org.apache.maven.surefire.booter.ForkedBooter.execute(ForkedBooter.java:162)\n org.apache.maven.surefire.booter.ForkedBooter.run(ForkedBooter.java:507)\n org.apache.maven.surefire.booter.ForkedBooter.main(ForkedBooter.java:495)],\n\tVerify that start date is before end date. expected [true] but found [false]\nStack Trace :[org.testng.Assert.fail(Assert.java:111)\n org.testng.Assert.failNotEquals(Assert.java:1578)\n org.testng.Assert.assertTrue(Assert.java:57)\n org.testng.asserts.Assertion$1.doAssert(Assertion.java:86)\n com.pinger.automation.utils.SoftVerifier.doAssert(SoftVerifier.java:20)\n org.testng.asserts.Assertion.assertTrue(Assertion.java:82)\n com.pinger.automation.core.clients.PingerClient.processValidScenario(PingerClient.java:57)\n sanity.TC007_VerifyAvailableEndpointHasSuccessfulPingsTest.test(TC007_VerifyAvailableEndpointHasSuccessfulPingsTest.java:35)\n java.base/jdk.internal.reflect.DirectMethodHandleAccessor.invoke(DirectMethodHandleAccessor.java:103)\n java.base/java.lang.reflect.Method.invoke(Method.java:580)\n org.testng.internal.invokers.MethodInvocationHelper.invokeMethod(MethodInvocationHelper.java:139)\n org.testng.internal.invokers.TestInvoker.invokeMethod(TestInvoker.java:664)\n org.testng.internal.invokers.TestInvoker.invokeTestMethod(TestInvoker.java:228)\n org.testng.internal.invokers.MethodRunner.runInSequence(MethodRunner.java:63)\n org.testng.internal.invokers.TestInvoker$MethodInvocationAgent.invoke(TestInvoker.java:961)\n org.testng.internal.invokers.TestInvoker.invokeTestMethods(TestInvoker.java:201)\n org.testng.internal.invokers.TestMethodWorker.invokeTestMethods(TestMethodWorker.java:148)\n org.testng.internal.invokers.TestMethodWorker.run(TestMethodWorker.java:128)\n java.base/java.util.ArrayList.forEach(ArrayList.java:1596)\n org.testng.TestRunner.privateRun(TestRunner.java:819)\n org.testng.TestRunner.run(TestRunner.java:619)\n org.testng.SuiteRunner.runTest(SuiteRunner.java:443)\n org.testng.SuiteRunner.runSequentially(SuiteRunner.java:437)\n org.testng.SuiteRunner.privateRun(SuiteRunner.java:397)\n org.testng.SuiteRunner.run(SuiteRunner.java:336)\n org.testng.SuiteRunnerWorker.runSuite(SuiteRunnerWorker.java:52)\n org.testng.SuiteRunnerWorker.run(SuiteRunnerWorker.java:95)\n org.testng.TestNG.runSuitesSequentially(TestNG.java:1301)\n org.testng.TestNG.runSuitesLocally(TestNG.java:1228)\n org.testng.TestNG.runSuites(TestNG.java:1134)\n org.testng.TestNG.run(TestNG.java:1101)\n org.apache.maven.surefire.testng.TestNGExecutor.run(TestNGExecutor.java:155)\n org.apache.maven.surefire.testng.TestNGDirectoryTestSuite.executeMulti(TestNGDirectoryTestSuite.java:169)\n org.apache.maven.surefire.testng.TestNGDirectoryTestSuite.execute(TestNGDirectoryTestSuite.java:88)\n org.apache.maven.surefire.testng.TestNGProvider.invoke(TestNGProvider.java:137)\n org.apache.maven.surefire.booter.ForkedBooter.runSuitesInProcess(ForkedBooter.java:385)\n org.apache.maven.surefire.booter.ForkedBooter.execute(ForkedBooter.java:162)\n org.apache.maven.surefire.booter.ForkedBooter.run(ForkedBooter.java:507)\n org.apache.maven.surefire.booter.ForkedBooter.main(ForkedBooter.java:495)],\n\tVerity end date time. expected [2025-02-10T23:45:20Z] but found [2025-02-10T23:45:50Z]\nStack Trace :[org.testng.Assert.fail(Assert.java:111)\n org.testng.Assert.failNotEquals(Assert.java:1578)\n org.testng.Assert.assertEqualsImpl(Assert.java:150)\n org.testng.Assert.assertEquals(Assert.java:132)\n org.testng.asserts.Assertion$8.doAssert(Assertion.java:156)\n com.pinger.automation.utils.SoftVerifier.doAssert(SoftVerifier.java:20)\n org.testng.asserts.Assertion.assertEquals(Assertion.java:152)\n com.pinger.automation.core.clients.PingerClient.processValidScenario(PingerClient.java:59)\n sanity.TC007_VerifyAvailableEndpointHasSuccessfulPingsTest.test(TC007_VerifyAvailableEndpointHasSuccessfulPingsTest.java:35)\n java.base/jdk.internal.reflect.DirectMethodHandleAccessor.invoke(DirectMethodHandleAccessor.java:103)\n java.base/java.lang.reflect.Method.invoke(Method.java:580)\n org.testng.internal.invokers.MethodInvocationHelper.invokeMethod(MethodInvocationHelper.java:139)\n org.testng.internal.invokers.TestInvoker.invokeMethod(TestInvoker.java:664)\n org.testng.internal.invokers.TestInvoker.invokeTestMethod(TestInvoker.java:228)\n org.testng.internal.invokers.MethodRunner.runInSequence(MethodRunner.java:63)\n org.testng.internal.invokers.TestInvoker$MethodInvocationAgent.invoke(TestInvoker.java:961)\n org.testng.internal.invokers.TestInvoker.invokeTestMethods(TestInvoker.java:201)\n org.testng.internal.invokers.TestMethodWorker.invokeTestMethods(TestMethodWorker.java:148)\n org.testng.internal.invokers.TestMethodWorker.run(TestMethodWorker.java:128)\n java.base/java.util.ArrayList.forEach(ArrayList.java:1596)\n org.testng.TestRunner.privateRun(TestRunner.java:819)\n org.testng.TestRunner.run(TestRunner.java:619)\n org.testng.SuiteRunner.runTest(SuiteRunner.java:443)\n org.testng.SuiteRunner.runSequentially(SuiteRunner.java:437)\n org.testng.SuiteRunner.privateRun(SuiteRunner.java:397)\n org.testng.SuiteRunner.run(SuiteRunner.java:336)\n org.testng.SuiteRunnerWorker.runSuite(SuiteRunnerWorker.java:52)\n org.testng.SuiteRunnerWorker.run(SuiteRunnerWorker.java:95)\n org.testng.TestNG.runSuitesSequentially(TestNG.java:1301)\n org.testng.TestNG.runSuitesLocally(TestNG.java:1228)\n org.testng.TestNG.runSuites(TestNG.java:1134)\n org.testng.TestNG.run(TestNG.java:1101)\n org.apache.maven.surefire.testng.TestNGExecutor.run(TestNGExecutor.java:155)\n org.apache.maven.surefire.testng.TestNGDirectoryTestSuite.executeMulti(TestNGDirectoryTestSuite.java:169)\n org.apache.maven.surefire.testng.TestNGDirectoryTestSuite.execute(TestNGDirectoryTestSuite.java:88)\n org.apache.maven.surefire.testng.TestNGProvider.invoke(TestNGProvider.java:137)\n org.apache.maven.surefire.booter.ForkedBooter.runSuitesInProcess(ForkedBooter.java:385)\n org.apache.maven.surefire.booter.ForkedBooter.execute(ForkedBooter.java:162)\n org.apache.maven.surefire.booter.ForkedBooter.run(ForkedBooter.java:507)\n org.apache.maven.surefire.booter.ForkedBooter.main(ForkedBooter.java:495)],\n\tVerity min successful pings. expected [2] but found [1]\nStack Trace :[org.testng.Assert.fail(Assert.java:111)\n org.testng.Assert.failNotEquals(Assert.java:1578)\n org.testng.Assert.assertEqualsImpl(Assert.java:150)\n org.testng.Assert.assertEquals(Assert.java:132)\n org.testng.Assert.assertEquals(Assert.java:1419)\n org.testng.Assert.assertEquals(Assert.java:1383)\n org.testng.asserts.Assertion$26.doAssert(Assertion.java:338)\n com.pinger.automation.utils.SoftVerifier.doAssert(SoftVerifier.java:20)\n org.testng.asserts.Assertion.assertEquals(Assertion.java:334)\n com.pinger.automation.core.clients.PingerClient.processValidScenario(PingerClient.java:62)\n sanity.TC007_VerifyAvailableEndpointHasSuccessfulPingsTest.test(TC007_VerifyAvailableEndpointHasSuccessfulPingsTest.java:35)\n java.base/jdk.internal.reflect.DirectMethodHandleAccessor.invoke(DirectMethodHandleAccessor.java:103)\n java.base/java.lang.reflect.Method.invoke(Method.java:580)\n org.testng.internal.invokers.MethodInvocationHelper.invokeMethod(MethodInvocationHelper.java:139)\n org.testng.internal.invokers.TestInvoker.invokeMethod(TestInvoker.java:664)\n org.testng.internal.invokers.TestInvoker.invokeTestMethod(TestInvoker.java:228)\n org.testng.internal.invokers.MethodRunner.runInSequence(MethodRunner.java:63)\n org.testng.internal.invokers.TestInvoker$MethodInvocationAgent.invoke(TestInvoker.java:961)\n org.testng.internal.invokers.TestInvoker.invokeTestMethods(TestInvoker.java:201)\n org.testng.internal.invokers.TestMethodWorker.invokeTestMethods(TestMethodWorker.java:148)\n org.testng.internal.invokers.TestMethodWorker.run(TestMethodWorker.java:128)\n java.base/java.util.ArrayList.forEach(ArrayList.java:1596)\n org.testng.TestRunner.privateRun(TestRunner.java:819)\n org.testng.TestRunner.run(TestRunner.java:619)\n org.testng.SuiteRunner.runTest(SuiteRunner.java:443)\n org.testng.SuiteRunner.runSequentially(SuiteRunner.java:437)\n org.testng.SuiteRunner.privateRun(SuiteRunner.java:397)\n org.testng.SuiteRunner.run(SuiteRunner.java:336)\n org.testng.SuiteRunnerWorker.runSuite(SuiteRunnerWorker.java:52)\n org.testng.SuiteRunnerWorker.run(SuiteRunnerWorker.java:95)\n org.testng.TestNG.runSuitesSequentially(TestNG.java:1301)\n org.testng.TestNG.runSuitesLocally(TestNG.java:1228)\n org.testng.TestNG.runSuites(TestNG.java:1134)\n org.testng.TestNG.run(TestNG.java:1101)\n org.apache.maven.surefire.testng.TestNGExecutor.run(TestNGExecutor.java:155)\n org.apache.maven.surefire.testng.TestNGDirectoryTestSuite.executeMulti(TestNGDirectoryTestSuite.java:169)\n org.apache.maven.surefire.testng.TestNGDirectoryTestSuite.execute(TestNGDirectoryTestSuite.java:88)\n org.apache.maven.surefire.testng.TestNGProvider.invoke(TestNGProvider.java:137)\n org.apache.maven.surefire.booter.ForkedBooter.runSuitesInProcess(ForkedBooter.java:385)\n org.apache.maven.surefire.booter.ForkedBooter.execute(ForkedBooter.java:162)\n org.apache.maven.surefire.booter.ForkedBooter.run(ForkedBooter.java:507)\n org.apache.maven.surefire.booter.ForkedBooter.main(ForkedBooter.java:495)]\n\tat com.pinger.automation.utils.SoftVerifier.verifyAll(SoftVerifier.java:49)\n\tat com.pinger.automation.core.clients.PingerClient.processValidScenario(PingerClient.java:74)\n\tat sanity.TC007_VerifyAvailableEndpointHasSuccessfulPingsTest.test(TC007_VerifyAvailableEndpointHasSuccessfulPingsTest.java:35)\n\tat java.base/jdk.internal.reflect.DirectMethodHandleAccessor.invoke(DirectMethodHandleAccessor.java:103)\n\tat java.base/java.lang.reflect.Method.invoke(Method.java:580)\n\tat org.testng.internal.invokers.MethodInvocationHelper.invokeMethod(MethodInvocationHelper.java:139)\n\tat org.testng.internal.invokers.TestInvoker.invokeMethod(TestInvoker.java:664)\n\tat org.testng.internal.invokers.TestInvoker.invokeTestMethod(TestInvoker.java:228)\n\tat org.testng.internal.invokers.MethodRunner.runInSequence(MethodRunner.java:63)\n\tat org.testng.internal.invokers.TestInvoker$MethodInvocationAgent.invoke(TestInvoker.java:961)\n\tat org.testng.internal.invokers.TestInvoker.invokeTestMethods(TestInvoker.java:201)\n\tat org.testng.internal.invokers.TestMethodWorker.invokeTestMethods(TestMethodWorker.java:148)\n\tat org.testng.internal.invokers.TestMethodWorker.run(TestMethodWorker.java:128)\n\tat java.base/java.util.ArrayList.forEach(ArrayList.java:1596)\n\tat org.testng.TestRunner.privateRun(TestRunner.java:819)\n\tat org.testng.TestRunner.run(TestRunner.java:619)\n\tat org.testng.SuiteRunner.runTest(SuiteRunner.java:443)\n\tat org.testng.SuiteRunner.runSequentially(SuiteRunner.java:437)\n\tat org.testng.SuiteRunner.privateRun(SuiteRunner.java:397)\n\tat org.testng.SuiteRunner.run(SuiteRunner.java:336)\n\tat org.testng.SuiteRunnerWorker.runSuite(SuiteRunnerWorker.java:52)\n\tat org.testng.SuiteRunnerWorker.run(SuiteRunnerWorker.java:95)\n\tat org.testng.TestNG.runSuitesSequentially(TestNG.java:1301)\n\tat org.testng.TestNG.runSuitesLocally(TestNG.java:1228)\n\tat org.testng.TestNG.runSuites(TestNG.java:1134)\n\tat org.testng.TestNG.run(TestNG.java:1101)\n\tat org.apache.maven.surefire.testng.TestNGExecutor.run(TestNGExecutor.java:155)\n\tat org.apache.maven.surefire.testng.TestNGDirectoryTestSuite.executeMulti(TestNGDirectoryTestSuite.java:169)\n\tat org.apache.maven.surefire.testng.TestNGDirectoryTestSuite.execute(TestNGDirectoryTestSuite.java:88)\n\tat org.apache.maven.surefire.testng.TestNGProvider.invoke(TestNGProvider.java:137)\n\tat org.apache.maven.surefire.booter.ForkedBooter.runSuitesInProcess(ForkedBooter.java:385)\n\tat org.apache.maven.surefire.booter.ForkedBooter.execute(ForkedBooter.java:162)\n\tat org.apache.maven.surefire.booter.ForkedBooter.run(ForkedBooter.java:507)\n\tat org.apache.maven.surefire.booter.ForkedBooter.main(ForkedBooter.java:495)\n","flaky":false,"newFailed":false,"newBroken":false,"newPassed":false,"retriesCount":0,"retriesStatusChange":false,"beforeStages":[{"name":"beforeClass","time":{"start":1739231077672,"stop":1739231107687,"duration":30015},"description":"","status":"passed","steps":[{"name":"Generating test data.","time":{"start":1739231077672,"stop":1739231077672,"duration":0},"status":"passed","steps":[],"attachments":[],"parameters":[],"shouldDisplayMessage":false,"stepsCount":0,"attachmentsCount":0,"hasContent":false,"attachmentStep":false},{"name":"Generated TestDataDto(config=FileData(name=TC007_VerifyAvailableEndpointHasSuccessfulPingsTestConfig.json, directory=src/main/resources/testData/, path=src/main/resources/testData/TC007_VerifyAvailableEndpointHasSuccessfulPingsTestConfig.json, dto=ConfigDto(minSuccessfulPings=2, maxPings=3, endpoints=[EndpointDto(address=8.8.8.8, description=Google DNS, ignore=false)])), report=FileData(name=TC007_VerifyAvailableEndpointHasSuccessfulPingsTestReport.json, directory=src/main/resources/testData/, path=src/main/resources/testData/TC007_VerifyAvailableEndpointHasSuccessfulPingsTestReport.json, dto=null)).","time":{"start":1739231077673,"stop":1739231077673,"duration":0},"status":"passed","steps":[],"attachments":[],"parameters":[],"shouldDisplayMessage":false,"stepsCount":0,"attachmentsCount":0,"hasContent":false,"attachmentStep":false},{"name":"Running ./pinger application with TC007_VerifyAvailableEndpointHasSuccessfulPingsTestConfig.json TC007_VerifyAvailableEndpointHasSuccessfulPingsTestReport.json parameters.","time":{"start":1739231077673,"stop":1739231077673,"duration":0},"status":"passed","steps":[],"attachments":[],"parameters":[],"shouldDisplayMessage":false,"stepsCount":0,"attachmentsCount":0,"hasContent":false,"attachmentStep":false}],"attachments":[],"parameters":[],"shouldDisplayMessage":false,"stepsCount":3,"attachmentsCount":0,"hasContent":true,"attachmentStep":false}],"testStage":{"description":"Report JSON file matches expected schema.","status":"failed","statusMessage":"The following asserts failed:\n\tVerify that start and end time differs. did not expect [2025-02-10T23:45:20.764528430Z] but found [2025-02-10T23:45:20.764528430Z]\nStack Trace :[org.testng.Assert.fail(Assert.java:111)\n org.testng.Assert.failEquals(Assert.java:1582)\n org.testng.Assert.assertNotEqualsImpl(Assert.java:157)\n org.testng.Assert.assertNotEquals(Assert.java:2201)\n org.testng.asserts.Assertion$47.doAssert(Assertion.java:550)\n com.pinger.automation.utils.SoftVerifier.doAssert(SoftVerifier.java:20)\n org.testng.asserts.Assertion.assertNotEquals(Assertion.java:546)\n com.pinger.automation.core.clients.PingerClient.processValidScenario(PingerClient.java:56)\n sanity.TC007_VerifyAvailableEndpointHasSuccessfulPingsTest.test(TC007_VerifyAvailableEndpointHasSuccessfulPingsTest.java:35)\n java.base/jdk.internal.reflect.DirectMethodHandleAccessor.invoke(DirectMethodHandleAccessor.java:103)\n java.base/java.lang.reflect.Method.invoke(Method.java:580)\n org.testng.internal.invokers.MethodInvocationHelper.invokeMethod(MethodInvocationHelper.java:139)\n org.testng.internal.invokers.TestInvoker.invokeMethod(TestInvoker.java:664)\n org.testng.internal.invokers.TestInvoker.invokeTestMethod(TestInvoker.java:228)\n org.testng.internal.invokers.MethodRunner.runInSequence(MethodRunner.java:63)\n org.testng.internal.invokers.TestInvoker$MethodInvocationAgent.invoke(TestInvoker.java:961)\n org.testng.internal.invokers.TestInvoker.invokeTestMethods(TestInvoker.java:201)\n org.testng.internal.invokers.TestMethodWorker.invokeTestMethods(TestMethodWorker.java:148)\n org.testng.internal.invokers.TestMethodWorker.run(TestMethodWorker.java:128)\n java.base/java.util.ArrayList.forEach(ArrayList.java:1596)\n org.testng.TestRunner.privateRun(TestRunner.java:819)\n org.testng.TestRunner.run(TestRunner.java:619)\n org.testng.SuiteRunner.runTest(SuiteRunner.java:443)\n org.testng.SuiteRunner.runSequentially(SuiteRunner.java:437)\n org.testng.SuiteRunner.privateRun(SuiteRunner.java:397)\n org.testng.SuiteRunner.run(SuiteRunner.java:336)\n org.testng.SuiteRunnerWorker.runSuite(SuiteRunnerWorker.java:52)\n org.testng.SuiteRunnerWorker.run(SuiteRunnerWorker.java:95)\n org.testng.TestNG.runSuitesSequentially(TestNG.java:1301)\n org.testng.TestNG.runSuitesLocally(TestNG.java:1228)\n org.testng.TestNG.runSuites(TestNG.java:1134)\n org.testng.TestNG.run(TestNG.java:1101)\n org.apache.maven.surefire.testng.TestNGExecutor.run(TestNGExecutor.java:155)\n org.apache.maven.surefire.testng.TestNGDirectoryTestSuite.executeMulti(TestNGDirectoryTestSuite.java:169)\n org.apache.maven.surefire.testng.TestNGDirectoryTestSuite.execute(TestNGDirectoryTestSuite.java:88)\n org.apache.maven.surefire.testng.TestNGProvider.invoke(TestNGProvider.java:137)\n org.apache.maven.surefire.booter.ForkedBooter.runSuitesInProcess(ForkedBooter.java:385)\n org.apache.maven.surefire.booter.ForkedBooter.execute(ForkedBooter.java:162)\n org.apache.maven.surefire.booter.ForkedBooter.run(ForkedBooter.java:507)\n org.apache.maven.surefire.booter.ForkedBooter.main(ForkedBooter.java:495)],\n\tVerify that start date is before end date. expected [true] but found [false]\nStack Trace :[org.testng.Assert.fail(Assert.java:111)\n org.testng.Assert.failNotEquals(Assert.java:1578)\n org.testng.Assert.assertTrue(Assert.java:57)\n org.testng.asserts.Assertion$1.doAssert(Assertion.java:86)\n com.pinger.automation.utils.SoftVerifier.doAssert(SoftVerifier.java:20)\n org.testng.asserts.Assertion.assertTrue(Assertion.java:82)\n com.pinger.automation.core.clients.PingerClient.processValidScenario(PingerClient.java:57)\n sanity.TC007_VerifyAvailableEndpointHasSuccessfulPingsTest.test(TC007_VerifyAvailableEndpointHasSuccessfulPingsTest.java:35)\n java.base/jdk.internal.reflect.DirectMethodHandleAccessor.invoke(DirectMethodHandleAccessor.java:103)\n java.base/java.lang.reflect.Method.invoke(Method.java:580)\n org.testng.internal.invokers.MethodInvocationHelper.invokeMethod(MethodInvocationHelper.java:139)\n org.testng.internal.invokers.TestInvoker.invokeMethod(TestInvoker.java:664)\n org.testng.internal.invokers.TestInvoker.invokeTestMethod(TestInvoker.java:228)\n org.testng.internal.invokers.MethodRunner.runInSequence(MethodRunner.java:63)\n org.testng.internal.invokers.TestInvoker$MethodInvocationAgent.invoke(TestInvoker.java:961)\n org.testng.internal.invokers.TestInvoker.invokeTestMethods(TestInvoker.java:201)\n org.testng.internal.invokers.TestMethodWorker.invokeTestMethods(TestMethodWorker.java:148)\n org.testng.internal.invokers.TestMethodWorker.run(TestMethodWorker.java:128)\n java.base/java.util.ArrayList.forEach(ArrayList.java:1596)\n org.testng.TestRunner.privateRun(TestRunner.java:819)\n org.testng.TestRunner.run(TestRunner.java:619)\n org.testng.SuiteRunner.runTest(SuiteRunner.java:443)\n org.testng.SuiteRunner.runSequentially(SuiteRunner.java:437)\n org.testng.SuiteRunner.privateRun(SuiteRunner.java:397)\n org.testng.SuiteRunner.run(SuiteRunner.java:336)\n org.testng.SuiteRunnerWorker.runSuite(SuiteRunnerWorker.java:52)\n org.testng.SuiteRunnerWorker.run(SuiteRunnerWorker.java:95)\n org.testng.TestNG.runSuitesSequentially(TestNG.java:1301)\n org.testng.TestNG.runSuitesLocally(TestNG.java:1228)\n org.testng.TestNG.runSuites(TestNG.java:1134)\n org.testng.TestNG.run(TestNG.java:1101)\n org.apache.maven.surefire.testng.TestNGExecutor.run(TestNGExecutor.java:155)\n org.apache.maven.surefire.testng.TestNGDirectoryTestSuite.executeMulti(TestNGDirectoryTestSuite.java:169)\n org.apache.maven.surefire.testng.TestNGDirectoryTestSuite.execute(TestNGDirectoryTestSuite.java:88)\n org.apache.maven.surefire.testng.TestNGProvider.invoke(TestNGProvider.java:137)\n org.apache.maven.surefire.booter.ForkedBooter.runSuitesInProcess(ForkedBooter.java:385)\n org.apache.maven.surefire.booter.ForkedBooter.execute(ForkedBooter.java:162)\n org.apache.maven.surefire.booter.ForkedBooter.run(ForkedBooter.java:507)\n org.apache.maven.surefire.booter.ForkedBooter.main(ForkedBooter.java:495)],\n\tVerity end date time. expected [2025-02-10T23:45:20Z] but found [2025-02-10T23:45:50Z]\nStack Trace :[org.testng.Assert.fail(Assert.java:111)\n org.testng.Assert.failNotEquals(Assert.java:1578)\n org.testng.Assert.assertEqualsImpl(Assert.java:150)\n org.testng.Assert.assertEquals(Assert.java:132)\n org.testng.asserts.Assertion$8.doAssert(Assertion.java:156)\n com.pinger.automation.utils.SoftVerifier.doAssert(SoftVerifier.java:20)\n org.testng.asserts.Assertion.assertEquals(Assertion.java:152)\n com.pinger.automation.core.clients.PingerClient.processValidScenario(PingerClient.java:59)\n sanity.TC007_VerifyAvailableEndpointHasSuccessfulPingsTest.test(TC007_VerifyAvailableEndpointHasSuccessfulPingsTest.java:35)\n java.base/jdk.internal.reflect.DirectMethodHandleAccessor.invoke(DirectMethodHandleAccessor.java:103)\n java.base/java.lang.reflect.Method.invoke(Method.java:580)\n org.testng.internal.invokers.MethodInvocationHelper.invokeMethod(MethodInvocationHelper.java:139)\n org.testng.internal.invokers.TestInvoker.invokeMethod(TestInvoker.java:664)\n org.testng.internal.invokers.TestInvoker.invokeTestMethod(TestInvoker.java:228)\n org.testng.internal.invokers.MethodRunner.runInSequence(MethodRunner.java:63)\n org.testng.internal.invokers.TestInvoker$MethodInvocationAgent.invoke(TestInvoker.java:961)\n org.testng.internal.invokers.TestInvoker.invokeTestMethods(TestInvoker.java:201)\n org.testng.internal.invokers.TestMethodWorker.invokeTestMethods(TestMethodWorker.java:148)\n org.testng.internal.invokers.TestMethodWorker.run(TestMethodWorker.java:128)\n java.base/java.util.ArrayList.forEach(ArrayList.java:1596)\n org.testng.TestRunner.privateRun(TestRunner.java:819)\n org.testng.TestRunner.run(TestRunner.java:619)\n org.testng.SuiteRunner.runTest(SuiteRunner.java:443)\n org.testng.SuiteRunner.runSequentially(SuiteRunner.java:437)\n org.testng.SuiteRunner.privateRun(SuiteRunner.java:397)\n org.testng.SuiteRunner.run(SuiteRunner.java:336)\n org.testng.SuiteRunnerWorker.runSuite(SuiteRunnerWorker.java:52)\n org.testng.SuiteRunnerWorker.run(SuiteRunnerWorker.java:95)\n org.testng.TestNG.runSuitesSequentially(TestNG.java:1301)\n org.testng.TestNG.runSuitesLocally(TestNG.java:1228)\n org.testng.TestNG.runSuites(TestNG.java:1134)\n org.testng.TestNG.run(TestNG.java:1101)\n org.apache.maven.surefire.testng.TestNGExecutor.run(TestNGExecutor.java:155)\n org.apache.maven.surefire.testng.TestNGDirectoryTestSuite.executeMulti(TestNGDirectoryTestSuite.java:169)\n org.apache.maven.surefire.testng.TestNGDirectoryTestSuite.execute(TestNGDirectoryTestSuite.java:88)\n org.apache.maven.surefire.testng.TestNGProvider.invoke(TestNGProvider.java:137)\n org.apache.maven.surefire.booter.ForkedBooter.runSuitesInProcess(ForkedBooter.java:385)\n org.apache.maven.surefire.booter.ForkedBooter.execute(ForkedBooter.java:162)\n org.apache.maven.surefire.booter.ForkedBooter.run(ForkedBooter.java:507)\n org.apache.maven.surefire.booter.ForkedBooter.main(ForkedBooter.java:495)],\n\tVerity min successful pings. expected [2] but found [1]\nStack Trace :[org.testng.Assert.fail(Assert.java:111)\n org.testng.Assert.failNotEquals(Assert.java:1578)\n org.testng.Assert.assertEqualsImpl(Assert.java:150)\n org.testng.Assert.assertEquals(Assert.java:132)\n org.testng.Assert.assertEquals(Assert.java:1419)\n org.testng.Assert.assertEquals(Assert.java:1383)\n org.testng.asserts.Assertion$26.doAssert(Assertion.java:338)\n com.pinger.automation.utils.SoftVerifier.doAssert(SoftVerifier.java:20)\n org.testng.asserts.Assertion.assertEquals(Assertion.java:334)\n com.pinger.automation.core.clients.PingerClient.processValidScenario(PingerClient.java:62)\n sanity.TC007_VerifyAvailableEndpointHasSuccessfulPingsTest.test(TC007_VerifyAvailableEndpointHasSuccessfulPingsTest.java:35)\n java.base/jdk.internal.reflect.DirectMethodHandleAccessor.invoke(DirectMethodHandleAccessor.java:103)\n java.base/java.lang.reflect.Method.invoke(Method.java:580)\n org.testng.internal.invokers.MethodInvocationHelper.invokeMethod(MethodInvocationHelper.java:139)\n org.testng.internal.invokers.TestInvoker.invokeMethod(TestInvoker.java:664)\n org.testng.internal.invokers.TestInvoker.invokeTestMethod(TestInvoker.java:228)\n org.testng.internal.invokers.MethodRunner.runInSequence(MethodRunner.java:63)\n org.testng.internal.invokers.TestInvoker$MethodInvocationAgent.invoke(TestInvoker.java:961)\n org.testng.internal.invokers.TestInvoker.invokeTestMethods(TestInvoker.java:201)\n org.testng.internal.invokers.TestMethodWorker.invokeTestMethods(TestMethodWorker.java:148)\n org.testng.internal.invokers.TestMethodWorker.run(TestMethodWorker.java:128)\n java.base/java.util.ArrayList.forEach(ArrayList.java:1596)\n org.testng.TestRunner.privateRun(TestRunner.java:819)\n org.testng.TestRunner.run(TestRunner.java:619)\n org.testng.SuiteRunner.runTest(SuiteRunner.java:443)\n org.testng.SuiteRunner.runSequentially(SuiteRunner.java:437)\n org.testng.SuiteRunner.privateRun(SuiteRunner.java:397)\n org.testng.SuiteRunner.run(SuiteRunner.java:336)\n org.testng.SuiteRunnerWorker.runSuite(SuiteRunnerWorker.java:52)\n org.testng.SuiteRunnerWorker.run(SuiteRunnerWorker.java:95)\n org.testng.TestNG.runSuitesSequentially(TestNG.java:1301)\n org.testng.TestNG.runSuitesLocally(TestNG.java:1228)\n org.testng.TestNG.runSuites(TestNG.java:1134)\n org.testng.TestNG.run(TestNG.java:1101)\n org.apache.maven.surefire.testng.TestNGExecutor.run(TestNGExecutor.java:155)\n org.apache.maven.surefire.testng.TestNGDirectoryTestSuite.executeMulti(TestNGDirectoryTestSuite.java:169)\n org.apache.maven.surefire.testng.TestNGDirectoryTestSuite.execute(TestNGDirectoryTestSuite.java:88)\n org.apache.maven.surefire.testng.TestNGProvider.invoke(TestNGProvider.java:137)\n org.apache.maven.surefire.booter.ForkedBooter.runSuitesInProcess(ForkedBooter.java:385)\n org.apache.maven.surefire.booter.ForkedBooter.execute(ForkedBooter.java:162)\n org.apache.maven.surefire.booter.ForkedBooter.run(ForkedBooter.java:507)\n org.apache.maven.surefire.booter.ForkedBooter.main(ForkedBooter.java:495)]","statusTrace":"java.lang.AssertionError: The following asserts failed:\n\tVerify that start and end time differs. did not expect [2025-02-10T23:45:20.764528430Z] but found [2025-02-10T23:45:20.764528430Z]\nStack Trace :[org.testng.Assert.fail(Assert.java:111)\n org.testng.Assert.failEquals(Assert.java:1582)\n org.testng.Assert.assertNotEqualsImpl(Assert.java:157)\n org.testng.Assert.assertNotEquals(Assert.java:2201)\n org.testng.asserts.Assertion$47.doAssert(Assertion.java:550)\n com.pinger.automation.utils.SoftVerifier.doAssert(SoftVerifier.java:20)\n org.testng.asserts.Assertion.assertNotEquals(Assertion.java:546)\n com.pinger.automation.core.clients.PingerClient.processValidScenario(PingerClient.java:56)\n sanity.TC007_VerifyAvailableEndpointHasSuccessfulPingsTest.test(TC007_VerifyAvailableEndpointHasSuccessfulPingsTest.java:35)\n java.base/jdk.internal.reflect.DirectMethodHandleAccessor.invoke(DirectMethodHandleAccessor.java:103)\n java.base/java.lang.reflect.Method.invoke(Method.java:580)\n org.testng.internal.invokers.MethodInvocationHelper.invokeMethod(MethodInvocationHelper.java:139)\n org.testng.internal.invokers.TestInvoker.invokeMethod(TestInvoker.java:664)\n org.testng.internal.invokers.TestInvoker.invokeTestMethod(TestInvoker.java:228)\n org.testng.internal.invokers.MethodRunner.runInSequence(MethodRunner.java:63)\n org.testng.internal.invokers.TestInvoker$MethodInvocationAgent.invoke(TestInvoker.java:961)\n org.testng.internal.invokers.TestInvoker.invokeTestMethods(TestInvoker.java:201)\n org.testng.internal.invokers.TestMethodWorker.invokeTestMethods(TestMethodWorker.java:148)\n org.testng.internal.invokers.TestMethodWorker.run(TestMethodWorker.java:128)\n java.base/java.util.ArrayList.forEach(ArrayList.java:1596)\n org.testng.TestRunner.privateRun(TestRunner.java:819)\n org.testng.TestRunner.run(TestRunner.java:619)\n org.testng.SuiteRunner.runTest(SuiteRunner.java:443)\n org.testng.SuiteRunner.runSequentially(SuiteRunner.java:437)\n org.testng.SuiteRunner.privateRun(SuiteRunner.java:397)\n org.testng.SuiteRunner.run(SuiteRunner.java:336)\n org.testng.SuiteRunnerWorker.runSuite(SuiteRunnerWorker.java:52)\n org.testng.SuiteRunnerWorker.run(SuiteRunnerWorker.java:95)\n org.testng.TestNG.runSuitesSequentially(TestNG.java:1301)\n org.testng.TestNG.runSuitesLocally(TestNG.java:1228)\n org.testng.TestNG.runSuites(TestNG.java:1134)\n org.testng.TestNG.run(TestNG.java:1101)\n org.apache.maven.surefire.testng.TestNGExecutor.run(TestNGExecutor.java:155)\n org.apache.maven.surefire.testng.TestNGDirectoryTestSuite.executeMulti(TestNGDirectoryTestSuite.java:169)\n org.apache.maven.surefire.testng.TestNGDirectoryTestSuite.execute(TestNGDirectoryTestSuite.java:88)\n org.apache.maven.surefire.testng.TestNGProvider.invoke(TestNGProvider.java:137)\n org.apache.maven.surefire.booter.ForkedBooter.runSuitesInProcess(ForkedBooter.java:385)\n org.apache.maven.surefire.booter.ForkedBooter.execute(ForkedBooter.java:162)\n org.apache.maven.surefire.booter.ForkedBooter.run(ForkedBooter.java:507)\n org.apache.maven.surefire.booter.ForkedBooter.main(ForkedBooter.java:495)],\n\tVerify that start date is before end date. expected [true] but found [false]\nStack Trace :[org.testng.Assert.fail(Assert.java:111)\n org.testng.Assert.failNotEquals(Assert.java:1578)\n org.testng.Assert.assertTrue(Assert.java:57)\n org.testng.asserts.Assertion$1.doAssert(Assertion.java:86)\n com.pinger.automation.utils.SoftVerifier.doAssert(SoftVerifier.java:20)\n org.testng.asserts.Assertion.assertTrue(Assertion.java:82)\n com.pinger.automation.core.clients.PingerClient.processValidScenario(PingerClient.java:57)\n sanity.TC007_VerifyAvailableEndpointHasSuccessfulPingsTest.test(TC007_VerifyAvailableEndpointHasSuccessfulPingsTest.java:35)\n java.base/jdk.internal.reflect.DirectMethodHandleAccessor.invoke(DirectMethodHandleAccessor.java:103)\n java.base/java.lang.reflect.Method.invoke(Method.java:580)\n org.testng.internal.invokers.MethodInvocationHelper.invokeMethod(MethodInvocationHelper.java:139)\n org.testng.internal.invokers.TestInvoker.invokeMethod(TestInvoker.java:664)\n org.testng.internal.invokers.TestInvoker.invokeTestMethod(TestInvoker.java:228)\n org.testng.internal.invokers.MethodRunner.runInSequence(MethodRunner.java:63)\n org.testng.internal.invokers.TestInvoker$MethodInvocationAgent.invoke(TestInvoker.java:961)\n org.testng.internal.invokers.TestInvoker.invokeTestMethods(TestInvoker.java:201)\n org.testng.internal.invokers.TestMethodWorker.invokeTestMethods(TestMethodWorker.java:148)\n org.testng.internal.invokers.TestMethodWorker.run(TestMethodWorker.java:128)\n java.base/java.util.ArrayList.forEach(ArrayList.java:1596)\n org.testng.TestRunner.privateRun(TestRunner.java:819)\n org.testng.TestRunner.run(TestRunner.java:619)\n org.testng.SuiteRunner.runTest(SuiteRunner.java:443)\n org.testng.SuiteRunner.runSequentially(SuiteRunner.java:437)\n org.testng.SuiteRunner.privateRun(SuiteRunner.java:397)\n org.testng.SuiteRunner.run(SuiteRunner.java:336)\n org.testng.SuiteRunnerWorker.runSuite(SuiteRunnerWorker.java:52)\n org.testng.SuiteRunnerWorker.run(SuiteRunnerWorker.java:95)\n org.testng.TestNG.runSuitesSequentially(TestNG.java:1301)\n org.testng.TestNG.runSuitesLocally(TestNG.java:1228)\n org.testng.TestNG.runSuites(TestNG.java:1134)\n org.testng.TestNG.run(TestNG.java:1101)\n org.apache.maven.surefire.testng.TestNGExecutor.run(TestNGExecutor.java:155)\n org.apache.maven.surefire.testng.TestNGDirectoryTestSuite.executeMulti(TestNGDirectoryTestSuite.java:169)\n org.apache.maven.surefire.testng.TestNGDirectoryTestSuite.execute(TestNGDirectoryTestSuite.java:88)\n org.apache.maven.surefire.testng.TestNGProvider.invoke(TestNGProvider.java:137)\n org.apache.maven.surefire.booter.ForkedBooter.runSuitesInProcess(ForkedBooter.java:385)\n org.apache.maven.surefire.booter.ForkedBooter.execute(ForkedBooter.java:162)\n org.apache.maven.surefire.booter.ForkedBooter.run(ForkedBooter.java:507)\n org.apache.maven.surefire.booter.ForkedBooter.main(ForkedBooter.java:495)],\n\tVerity end date time. expected [2025-02-10T23:45:20Z] but found [2025-02-10T23:45:50Z]\nStack Trace :[org.testng.Assert.fail(Assert.java:111)\n org.testng.Assert.failNotEquals(Assert.java:1578)\n org.testng.Assert.assertEqualsImpl(Assert.java:150)\n org.testng.Assert.assertEquals(Assert.java:132)\n org.testng.asserts.Assertion$8.doAssert(Assertion.java:156)\n com.pinger.automation.utils.SoftVerifier.doAssert(SoftVerifier.java:20)\n org.testng.asserts.Assertion.assertEquals(Assertion.java:152)\n com.pinger.automation.core.clients.PingerClient.processValidScenario(PingerClient.java:59)\n sanity.TC007_VerifyAvailableEndpointHasSuccessfulPingsTest.test(TC007_VerifyAvailableEndpointHasSuccessfulPingsTest.java:35)\n java.base/jdk.internal.reflect.DirectMethodHandleAccessor.invoke(DirectMethodHandleAccessor.java:103)\n java.base/java.lang.reflect.Method.invoke(Method.java:580)\n org.testng.internal.invokers.MethodInvocationHelper.invokeMethod(MethodInvocationHelper.java:139)\n org.testng.internal.invokers.TestInvoker.invokeMethod(TestInvoker.java:664)\n org.testng.internal.invokers.TestInvoker.invokeTestMethod(TestInvoker.java:228)\n org.testng.internal.invokers.MethodRunner.runInSequence(MethodRunner.java:63)\n org.testng.internal.invokers.TestInvoker$MethodInvocationAgent.invoke(TestInvoker.java:961)\n org.testng.internal.invokers.TestInvoker.invokeTestMethods(TestInvoker.java:201)\n org.testng.internal.invokers.TestMethodWorker.invokeTestMethods(TestMethodWorker.java:148)\n org.testng.internal.invokers.TestMethodWorker.run(TestMethodWorker.java:128)\n java.base/java.util.ArrayList.forEach(ArrayList.java:1596)\n org.testng.TestRunner.privateRun(TestRunner.java:819)\n org.testng.TestRunner.run(TestRunner.java:619)\n org.testng.SuiteRunner.runTest(SuiteRunner.java:443)\n org.testng.SuiteRunner.runSequentially(SuiteRunner.java:437)\n org.testng.SuiteRunner.privateRun(SuiteRunner.java:397)\n org.testng.SuiteRunner.run(SuiteRunner.java:336)\n org.testng.SuiteRunnerWorker.runSuite(SuiteRunnerWorker.java:52)\n org.testng.SuiteRunnerWorker.run(SuiteRunnerWorker.java:95)\n org.testng.TestNG.runSuitesSequentially(TestNG.java:1301)\n org.testng.TestNG.runSuitesLocally(TestNG.java:1228)\n org.testng.TestNG.runSuites(TestNG.java:1134)\n org.testng.TestNG.run(TestNG.java:1101)\n org.apache.maven.surefire.testng.TestNGExecutor.run(TestNGExecutor.java:155)\n org.apache.maven.surefire.testng.TestNGDirectoryTestSuite.executeMulti(TestNGDirectoryTestSuite.java:169)\n org.apache.maven.surefire.testng.TestNGDirectoryTestSuite.execute(TestNGDirectoryTestSuite.java:88)\n org.apache.maven.surefire.testng.TestNGProvider.invoke(TestNGProvider.java:137)\n org.apache.maven.surefire.booter.ForkedBooter.runSuitesInProcess(ForkedBooter.java:385)\n org.apache.maven.surefire.booter.ForkedBooter.execute(ForkedBooter.java:162)\n org.apache.maven.surefire.booter.ForkedBooter.run(ForkedBooter.java:507)\n org.apache.maven.surefire.booter.ForkedBooter.main(ForkedBooter.java:495)],\n\tVerity min successful pings. expected [2] but found [1]\nStack Trace :[org.testng.Assert.fail(Assert.java:111)\n org.testng.Assert.failNotEquals(Assert.java:1578)\n org.testng.Assert.assertEqualsImpl(Assert.java:150)\n org.testng.Assert.assertEquals(Assert.java:132)\n org.testng.Assert.assertEquals(Assert.java:1419)\n org.testng.Assert.assertEquals(Assert.java:1383)\n org.testng.asserts.Assertion$26.doAssert(Assertion.java:338)\n com.pinger.automation.utils.SoftVerifier.doAssert(SoftVerifier.java:20)\n org.testng.asserts.Assertion.assertEquals(Assertion.java:334)\n com.pinger.automation.core.clients.PingerClient.processValidScenario(PingerClient.java:62)\n sanity.TC007_VerifyAvailableEndpointHasSuccessfulPingsTest.test(TC007_VerifyAvailableEndpointHasSuccessfulPingsTest.java:35)\n java.base/jdk.internal.reflect.DirectMethodHandleAccessor.invoke(DirectMethodHandleAccessor.java:103)\n java.base/java.lang.reflect.Method.invoke(Method.java:580)\n org.testng.internal.invokers.MethodInvocationHelper.invokeMethod(MethodInvocationHelper.java:139)\n org.testng.internal.invokers.TestInvoker.invokeMethod(TestInvoker.java:664)\n org.testng.internal.invokers.TestInvoker.invokeTestMethod(TestInvoker.java:228)\n org.testng.internal.invokers.MethodRunner.runInSequence(MethodRunner.java:63)\n org.testng.internal.invokers.TestInvoker$MethodInvocationAgent.invoke(TestInvoker.java:961)\n org.testng.internal.invokers.TestInvoker.invokeTestMethods(TestInvoker.java:201)\n org.testng.internal.invokers.TestMethodWorker.invokeTestMethods(TestMethodWorker.java:148)\n org.testng.internal.invokers.TestMethodWorker.run(TestMethodWorker.java:128)\n java.base/java.util.ArrayList.forEach(ArrayList.java:1596)\n org.testng.TestRunner.privateRun(TestRunner.java:819)\n org.testng.TestRunner.run(TestRunner.java:619)\n org.testng.SuiteRunner.runTest(SuiteRunner.java:443)\n org.testng.SuiteRunner.runSequentially(SuiteRunner.java:437)\n org.testng.SuiteRunner.privateRun(SuiteRunner.java:397)\n org.testng.SuiteRunner.run(SuiteRunner.java:336)\n org.testng.SuiteRunnerWorker.runSuite(SuiteRunnerWorker.java:52)\n org.testng.SuiteRunnerWorker.run(SuiteRunnerWorker.java:95)\n org.testng.TestNG.runSuitesSequentially(TestNG.java:1301)\n org.testng.TestNG.runSuitesLocally(TestNG.java:1228)\n org.testng.TestNG.runSuites(TestNG.java:1134)\n org.testng.TestNG.run(TestNG.java:1101)\n org.apache.maven.surefire.testng.TestNGExecutor.run(TestNGExecutor.java:155)\n org.apache.maven.surefire.testng.TestNGDirectoryTestSuite.executeMulti(TestNGDirectoryTestSuite.java:169)\n org.apache.maven.surefire.testng.TestNGDirectoryTestSuite.execute(TestNGDirectoryTestSuite.java:88)\n org.apache.maven.surefire.testng.TestNGProvider.invoke(TestNGProvider.java:137)\n org.apache.maven.surefire.booter.ForkedBooter.runSuitesInProcess(ForkedBooter.java:385)\n org.apache.maven.surefire.booter.ForkedBooter.execute(ForkedBooter.java:162)\n org.apache.maven.surefire.booter.ForkedBooter.run(ForkedBooter.java:507)\n org.apache.maven.surefire.booter.ForkedBooter.main(ForkedBooter.java:495)]\n\tat com.pinger.automation.utils.SoftVerifier.verifyAll(SoftVerifier.java:49)\n\tat com.pinger.automation.core.clients.PingerClient.processValidScenario(PingerClient.java:74)\n\tat sanity.TC007_VerifyAvailableEndpointHasSuccessfulPingsTest.test(TC007_VerifyAvailableEndpointHasSuccessfulPingsTest.java:35)\n\tat java.base/jdk.internal.reflect.DirectMethodHandleAccessor.invoke(DirectMethodHandleAccessor.java:103)\n\tat java.base/java.lang.reflect.Method.invoke(Method.java:580)\n\tat org.testng.internal.invokers.MethodInvocationHelper.invokeMethod(MethodInvocationHelper.java:139)\n\tat org.testng.internal.invokers.TestInvoker.invokeMethod(TestInvoker.java:664)\n\tat org.testng.internal.invokers.TestInvoker.invokeTestMethod(TestInvoker.java:228)\n\tat org.testng.internal.invokers.MethodRunner.runInSequence(MethodRunner.java:63)\n\tat org.testng.internal.invokers.TestInvoker$MethodInvocationAgent.invoke(TestInvoker.java:961)\n\tat org.testng.internal.invokers.TestInvoker.invokeTestMethods(TestInvoker.java:201)\n\tat org.testng.internal.invokers.TestMethodWorker.invokeTestMethods(TestMethodWorker.java:148)\n\tat org.testng.internal.invokers.TestMethodWorker.run(TestMethodWorker.java:128)\n\tat java.base/java.util.ArrayList.forEach(ArrayList.java:1596)\n\tat org.testng.TestRunner.privateRun(TestRunner.java:819)\n\tat org.testng.TestRunner.run(TestRunner.java:619)\n\tat org.testng.SuiteRunner.runTest(SuiteRunner.java:443)\n\tat org.testng.SuiteRunner.runSequentially(SuiteRunner.java:437)\n\tat org.testng.SuiteRunner.privateRun(SuiteRunner.java:397)\n\tat org.testng.SuiteRunner.run(SuiteRunner.java:336)\n\tat org.testng.SuiteRunnerWorker.runSuite(SuiteRunnerWorker.java:52)\n\tat org.testng.SuiteRunnerWorker.run(SuiteRunnerWorker.java:95)\n\tat org.testng.TestNG.runSuitesSequentially(TestNG.java:1301)\n\tat org.testng.TestNG.runSuitesLocally(TestNG.java:1228)\n\tat org.testng.TestNG.runSuites(TestNG.java:1134)\n\tat org.testng.TestNG.run(TestNG.java:1101)\n\tat org.apache.maven.surefire.testng.TestNGExecutor.run(TestNGExecutor.java:155)\n\tat org.apache.maven.surefire.testng.TestNGDirectoryTestSuite.executeMulti(TestNGDirectoryTestSuite.java:169)\n\tat org.apache.maven.surefire.testng.TestNGDirectoryTestSuite.execute(TestNGDirectoryTestSuite.java:88)\n\tat org.apache.maven.surefire.testng.TestNGProvider.invoke(TestNGProvider.java:137)\n\tat org.apache.maven.surefire.booter.ForkedBooter.runSuitesInProcess(ForkedBooter.java:385)\n\tat org.apache.maven.surefire.booter.ForkedBooter.execute(ForkedBooter.java:162)\n\tat org.apache.maven.surefire.booter.ForkedBooter.run(ForkedBooter.java:507)\n\tat org.apache.maven.surefire.booter.ForkedBooter.main(ForkedBooter.java:495)\n","steps":[{"name":"Running ./pinger application with TC007_VerifyAvailableEndpointHasSuccessfulPingsTestConfig.json TC007_VerifyAvailableEndpointHasSuccessfulPingsTestReport.json parameters.","time":{"start":1739231120760,"stop":1739231120760,"duration":0},"status":"passed","steps":[],"attachments":[],"parameters":[],"shouldDisplayMessage":false,"stepsCount":0,"attachmentsCount":0,"hasContent":false,"attachmentStep":false},{"name":"Assertion Passed: Verity start date time.","time":{"start":1739231150855,"stop":1739231150855,"duration":0},"status":"passed","steps":[],"attachments":[],"parameters":[],"shouldDisplayMessage":false,"stepsCount":0,"attachmentsCount":0,"hasContent":false,"attachmentStep":false},{"name":"Assertion Passed: Verity max successful pings is less or equal to successful ones.","time":{"start":1739231150856,"stop":1739231150856,"duration":0},"status":"passed","steps":[],"attachments":[],"parameters":[],"shouldDisplayMessage":false,"stepsCount":0,"attachmentsCount":0,"hasContent":false,"attachmentStep":false},{"name":"Assertion Passed: Verify that report does not contain duplicates.","time":{"start":1739231150856,"stop":1739231150856,"duration":0},"status":"passed","steps":[],"attachments":[],"parameters":[],"shouldDisplayMessage":false,"stepsCount":0,"attachmentsCount":0,"hasContent":false,"attachmentStep":false},{"name":"Assertion Passed: Verify that report contains all not ignored endpoints.","time":{"start":1739231150857,"stop":1739231150857,"duration":0},"status":"passed","steps":[],"attachments":[],"parameters":[],"shouldDisplayMessage":false,"stepsCount":0,"attachmentsCount":0,"hasContent":false,"attachmentStep":false},{"name":"Assertion Passed: Assert endpoint data.","time":{"start":1739231150861,"stop":1739231150861,"duration":0},"status":"passed","steps":[],"attachments":[],"parameters":[],"shouldDisplayMessage":false,"stepsCount":0,"attachmentsCount":0,"hasContent":false,"attachmentStep":false},{"name":"Assertion Passed: Assert actual total vs maximum successful pings.","time":{"start":1739231150861,"stop":1739231150861,"duration":0},"status":"passed","steps":[],"attachments":[],"parameters":[],"shouldDisplayMessage":false,"stepsCount":0,"attachmentsCount":0,"hasContent":false,"attachmentStep":false},{"name":"Assertion Passed: Successful pings count is >= maximum pings.","time":{"start":1739231150861,"stop":1739231150861,"duration":0},"status":"passed","steps":[],"attachments":[],"parameters":[],"shouldDisplayMessage":false,"stepsCount":0,"attachmentsCount":0,"hasContent":false,"attachmentStep":false}],"attachments":[],"parameters":[],"shouldDisplayMessage":true,"stepsCount":8,"attachmentsCount":0,"hasContent":true,"attachmentStep":false},"afterStages":[],"labels":[{"name":"package","value":"sanity.TC007_VerifyAvailableEndpointHasSuccessfulPingsTest"},{"name":"testClass","value":"sanity.TC007_VerifyAvailableEndpointHasSuccessfulPingsTest"},{"name":"testMethod","value":"test"},{"name":"parentSuite","value":"Surefire suite"},{"name":"suite","value":"Surefire test"},{"name":"subSuite","value":"sanity.TC007_VerifyAvailableEndpointHasSuccessfulPingsTest"},{"name":"host","value":"fv-az1336-681"},{"name":"thread","value":"4246@fv-az1336-681.main(1)"},{"name":"framework","value":"testng"},{"name":"language","value":"java"},{"name":"resultFormat","value":"allure2"}],"parameters":[],"links":[],"hidden":false,"retry":false,"extra":{"severity":"normal","retries":[],"categories":[{"name":"Product defects","matchedStatuses":[],"flaky":false}],"tags":[]},"source":"abd59bf53eec4a58.json","parameterValues":[]}