{"uid":"c44a52f9deef9868","name":"test","fullName":"functional.TC015_VerifyElevenEndpointsProcessingTest.test","historyId":"b38d6aaa30325f9c849cfa9d6857d59","time":{"start":1739231196582,"stop":1739231496672,"duration":300090},"description":"Execution of config file that has more than 10 endpoints.","descriptionHtml":"<p>Execution of config file that has more than 10 endpoints.</p>\n","status":"failed","statusMessage":"The following asserts failed:\n\tVerify that start and end time differs. did not expect [2025-02-10T23:46:36.587360734Z] but found [2025-02-10T23:46:36.587360734Z]\nStack Trace :[org.testng.Assert.fail(Assert.java:111)\n org.testng.Assert.failEquals(Assert.java:1582)\n org.testng.Assert.assertNotEqualsImpl(Assert.java:157)\n org.testng.Assert.assertNotEquals(Assert.java:2201)\n org.testng.asserts.Assertion$47.doAssert(Assertion.java:550)\n com.pinger.automation.utils.SoftVerifier.doAssert(SoftVerifier.java:20)\n org.testng.asserts.Assertion.assertNotEquals(Assertion.java:546)\n com.pinger.automation.core.clients.PingerClient.processValidScenario(PingerClient.java:56)\n functional.TC015_VerifyElevenEndpointsProcessingTest.test(TC015_VerifyElevenEndpointsProcessingTest.java:37)\n java.base/jdk.internal.reflect.DirectMethodHandleAccessor.invoke(DirectMethodHandleAccessor.java:103)\n java.base/java.lang.reflect.Method.invoke(Method.java:580)\n org.testng.internal.invokers.MethodInvocationHelper.invokeMethod(MethodInvocationHelper.java:139)\n org.testng.internal.invokers.TestInvoker.invokeMethod(TestInvoker.java:664)\n org.testng.internal.invokers.TestInvoker.invokeTestMethod(TestInvoker.java:228)\n org.testng.internal.invokers.MethodRunner.runInSequence(MethodRunner.java:63)\n org.testng.internal.invokers.TestInvoker$MethodInvocationAgent.invoke(TestInvoker.java:961)\n org.testng.internal.invokers.TestInvoker.invokeTestMethods(TestInvoker.java:201)\n org.testng.internal.invokers.TestMethodWorker.invokeTestMethods(TestMethodWorker.java:148)\n org.testng.internal.invokers.TestMethodWorker.run(TestMethodWorker.java:128)\n java.base/java.util.ArrayList.forEach(ArrayList.java:1596)\n org.testng.TestRunner.privateRun(TestRunner.java:819)\n org.testng.TestRunner.run(TestRunner.java:619)\n org.testng.SuiteRunner.runTest(SuiteRunner.java:443)\n org.testng.SuiteRunner.runSequentially(SuiteRunner.java:437)\n org.testng.SuiteRunner.privateRun(SuiteRunner.java:397)\n org.testng.SuiteRunner.run(SuiteRunner.java:336)\n org.testng.SuiteRunnerWorker.runSuite(SuiteRunnerWorker.java:52)\n org.testng.SuiteRunnerWorker.run(SuiteRunnerWorker.java:95)\n org.testng.TestNG.runSuitesSequentially(TestNG.java:1301)\n org.testng.TestNG.runSuitesLocally(TestNG.java:1228)\n org.testng.TestNG.runSuites(TestNG.java:1134)\n org.testng.TestNG.run(TestNG.java:1101)\n org.apache.maven.surefire.testng.TestNGExecutor.run(TestNGExecutor.java:155)\n org.apache.maven.surefire.testng.TestNGDirectoryTestSuite.executeMulti(TestNGDirectoryTestSuite.java:169)\n org.apache.maven.surefire.testng.TestNGDirectoryTestSuite.execute(TestNGDirectoryTestSuite.java:88)\n org.apache.maven.surefire.testng.TestNGProvider.invoke(TestNGProvider.java:137)\n org.apache.maven.surefire.booter.ForkedBooter.runSuitesInProcess(ForkedBooter.java:385)\n org.apache.maven.surefire.booter.ForkedBooter.execute(ForkedBooter.java:162)\n org.apache.maven.surefire.booter.ForkedBooter.run(ForkedBooter.java:507)\n org.apache.maven.surefire.booter.ForkedBooter.main(ForkedBooter.java:495)],\n\tVerify that start date is before end date. expected [true] but found [false]\nStack Trace :[org.testng.Assert.fail(Assert.java:111)\n org.testng.Assert.failNotEquals(Assert.java:1578)\n org.testng.Assert.assertTrue(Assert.java:57)\n org.testng.asserts.Assertion$1.doAssert(Assertion.java:86)\n com.pinger.automation.utils.SoftVerifier.doAssert(SoftVerifier.java:20)\n org.testng.asserts.Assertion.assertTrue(Assertion.java:82)\n com.pinger.automation.core.clients.PingerClient.processValidScenario(PingerClient.java:57)\n functional.TC015_VerifyElevenEndpointsProcessingTest.test(TC015_VerifyElevenEndpointsProcessingTest.java:37)\n java.base/jdk.internal.reflect.DirectMethodHandleAccessor.invoke(DirectMethodHandleAccessor.java:103)\n java.base/java.lang.reflect.Method.invoke(Method.java:580)\n org.testng.internal.invokers.MethodInvocationHelper.invokeMethod(MethodInvocationHelper.java:139)\n org.testng.internal.invokers.TestInvoker.invokeMethod(TestInvoker.java:664)\n org.testng.internal.invokers.TestInvoker.invokeTestMethod(TestInvoker.java:228)\n org.testng.internal.invokers.MethodRunner.runInSequence(MethodRunner.java:63)\n org.testng.internal.invokers.TestInvoker$MethodInvocationAgent.invoke(TestInvoker.java:961)\n org.testng.internal.invokers.TestInvoker.invokeTestMethods(TestInvoker.java:201)\n org.testng.internal.invokers.TestMethodWorker.invokeTestMethods(TestMethodWorker.java:148)\n org.testng.internal.invokers.TestMethodWorker.run(TestMethodWorker.java:128)\n java.base/java.util.ArrayList.forEach(ArrayList.java:1596)\n org.testng.TestRunner.privateRun(TestRunner.java:819)\n org.testng.TestRunner.run(TestRunner.java:619)\n org.testng.SuiteRunner.runTest(SuiteRunner.java:443)\n org.testng.SuiteRunner.runSequentially(SuiteRunner.java:437)\n org.testng.SuiteRunner.privateRun(SuiteRunner.java:397)\n org.testng.SuiteRunner.run(SuiteRunner.java:336)\n org.testng.SuiteRunnerWorker.runSuite(SuiteRunnerWorker.java:52)\n org.testng.SuiteRunnerWorker.run(SuiteRunnerWorker.java:95)\n org.testng.TestNG.runSuitesSequentially(TestNG.java:1301)\n org.testng.TestNG.runSuitesLocally(TestNG.java:1228)\n org.testng.TestNG.runSuites(TestNG.java:1134)\n org.testng.TestNG.run(TestNG.java:1101)\n org.apache.maven.surefire.testng.TestNGExecutor.run(TestNGExecutor.java:155)\n org.apache.maven.surefire.testng.TestNGDirectoryTestSuite.executeMulti(TestNGDirectoryTestSuite.java:169)\n org.apache.maven.surefire.testng.TestNGDirectoryTestSuite.execute(TestNGDirectoryTestSuite.java:88)\n org.apache.maven.surefire.testng.TestNGProvider.invoke(TestNGProvider.java:137)\n org.apache.maven.surefire.booter.ForkedBooter.runSuitesInProcess(ForkedBooter.java:385)\n org.apache.maven.surefire.booter.ForkedBooter.execute(ForkedBooter.java:162)\n org.apache.maven.surefire.booter.ForkedBooter.run(ForkedBooter.java:507)\n org.apache.maven.surefire.booter.ForkedBooter.main(ForkedBooter.java:495)],\n\tVerity end date time. expected [2025-02-10T23:46:36Z] but found [2025-02-10T23:51:36Z]\nStack Trace :[org.testng.Assert.fail(Assert.java:111)\n org.testng.Assert.failNotEquals(Assert.java:1578)\n org.testng.Assert.assertEqualsImpl(Assert.java:150)\n org.testng.Assert.assertEquals(Assert.java:132)\n org.testng.asserts.Assertion$8.doAssert(Assertion.java:156)\n com.pinger.automation.utils.SoftVerifier.doAssert(SoftVerifier.java:20)\n org.testng.asserts.Assertion.assertEquals(Assertion.java:152)\n com.pinger.automation.core.clients.PingerClient.processValidScenario(PingerClient.java:59)\n functional.TC015_VerifyElevenEndpointsProcessingTest.test(TC015_VerifyElevenEndpointsProcessingTest.java:37)\n java.base/jdk.internal.reflect.DirectMethodHandleAccessor.invoke(DirectMethodHandleAccessor.java:103)\n java.base/java.lang.reflect.Method.invoke(Method.java:580)\n org.testng.internal.invokers.MethodInvocationHelper.invokeMethod(MethodInvocationHelper.java:139)\n org.testng.internal.invokers.TestInvoker.invokeMethod(TestInvoker.java:664)\n org.testng.internal.invokers.TestInvoker.invokeTestMethod(TestInvoker.java:228)\n org.testng.internal.invokers.MethodRunner.runInSequence(MethodRunner.java:63)\n org.testng.internal.invokers.TestInvoker$MethodInvocationAgent.invoke(TestInvoker.java:961)\n org.testng.internal.invokers.TestInvoker.invokeTestMethods(TestInvoker.java:201)\n org.testng.internal.invokers.TestMethodWorker.invokeTestMethods(TestMethodWorker.java:148)\n org.testng.internal.invokers.TestMethodWorker.run(TestMethodWorker.java:128)\n java.base/java.util.ArrayList.forEach(ArrayList.java:1596)\n org.testng.TestRunner.privateRun(TestRunner.java:819)\n org.testng.TestRunner.run(TestRunner.java:619)\n org.testng.SuiteRunner.runTest(SuiteRunner.java:443)\n org.testng.SuiteRunner.runSequentially(SuiteRunner.java:437)\n org.testng.SuiteRunner.privateRun(SuiteRunner.java:397)\n org.testng.SuiteRunner.run(SuiteRunner.java:336)\n org.testng.SuiteRunnerWorker.runSuite(SuiteRunnerWorker.java:52)\n org.testng.SuiteRunnerWorker.run(SuiteRunnerWorker.java:95)\n org.testng.TestNG.runSuitesSequentially(TestNG.java:1301)\n org.testng.TestNG.runSuitesLocally(TestNG.java:1228)\n org.testng.TestNG.runSuites(TestNG.java:1134)\n org.testng.TestNG.run(TestNG.java:1101)\n org.apache.maven.surefire.testng.TestNGExecutor.run(TestNGExecutor.java:155)\n org.apache.maven.surefire.testng.TestNGDirectoryTestSuite.executeMulti(TestNGDirectoryTestSuite.java:169)\n org.apache.maven.surefire.testng.TestNGDirectoryTestSuite.execute(TestNGDirectoryTestSuite.java:88)\n org.apache.maven.surefire.testng.TestNGProvider.invoke(TestNGProvider.java:137)\n org.apache.maven.surefire.booter.ForkedBooter.runSuitesInProcess(ForkedBooter.java:385)\n org.apache.maven.surefire.booter.ForkedBooter.execute(ForkedBooter.java:162)\n org.apache.maven.surefire.booter.ForkedBooter.run(ForkedBooter.java:507)\n org.apache.maven.surefire.booter.ForkedBooter.main(ForkedBooter.java:495)],\n\tVerity min successful pings. expected [2] but found [1]\nStack Trace :[org.testng.Assert.fail(Assert.java:111)\n org.testng.Assert.failNotEquals(Assert.java:1578)\n org.testng.Assert.assertEqualsImpl(Assert.java:150)\n org.testng.Assert.assertEquals(Assert.java:132)\n org.testng.Assert.assertEquals(Assert.java:1419)\n org.testng.Assert.assertEquals(Assert.java:1383)\n org.testng.asserts.Assertion$26.doAssert(Assertion.java:338)\n com.pinger.automation.utils.SoftVerifier.doAssert(SoftVerifier.java:20)\n org.testng.asserts.Assertion.assertEquals(Assertion.java:334)\n com.pinger.automation.core.clients.PingerClient.processValidScenario(PingerClient.java:62)\n functional.TC015_VerifyElevenEndpointsProcessingTest.test(TC015_VerifyElevenEndpointsProcessingTest.java:37)\n java.base/jdk.internal.reflect.DirectMethodHandleAccessor.invoke(DirectMethodHandleAccessor.java:103)\n java.base/java.lang.reflect.Method.invoke(Method.java:580)\n org.testng.internal.invokers.MethodInvocationHelper.invokeMethod(MethodInvocationHelper.java:139)\n org.testng.internal.invokers.TestInvoker.invokeMethod(TestInvoker.java:664)\n org.testng.internal.invokers.TestInvoker.invokeTestMethod(TestInvoker.java:228)\n org.testng.internal.invokers.MethodRunner.runInSequence(MethodRunner.java:63)\n org.testng.internal.invokers.TestInvoker$MethodInvocationAgent.invoke(TestInvoker.java:961)\n org.testng.internal.invokers.TestInvoker.invokeTestMethods(TestInvoker.java:201)\n org.testng.internal.invokers.TestMethodWorker.invokeTestMethods(TestMethodWorker.java:148)\n org.testng.internal.invokers.TestMethodWorker.run(TestMethodWorker.java:128)\n java.base/java.util.ArrayList.forEach(ArrayList.java:1596)\n org.testng.TestRunner.privateRun(TestRunner.java:819)\n org.testng.TestRunner.run(TestRunner.java:619)\n org.testng.SuiteRunner.runTest(SuiteRunner.java:443)\n org.testng.SuiteRunner.runSequentially(SuiteRunner.java:437)\n org.testng.SuiteRunner.privateRun(SuiteRunner.java:397)\n org.testng.SuiteRunner.run(SuiteRunner.java:336)\n org.testng.SuiteRunnerWorker.runSuite(SuiteRunnerWorker.java:52)\n org.testng.SuiteRunnerWorker.run(SuiteRunnerWorker.java:95)\n org.testng.TestNG.runSuitesSequentially(TestNG.java:1301)\n org.testng.TestNG.runSuitesLocally(TestNG.java:1228)\n org.testng.TestNG.runSuites(TestNG.java:1134)\n org.testng.TestNG.run(TestNG.java:1101)\n org.apache.maven.surefire.testng.TestNGExecutor.run(TestNGExecutor.java:155)\n org.apache.maven.surefire.testng.TestNGDirectoryTestSuite.executeMulti(TestNGDirectoryTestSuite.java:169)\n org.apache.maven.surefire.testng.TestNGDirectoryTestSuite.execute(TestNGDirectoryTestSuite.java:88)\n org.apache.maven.surefire.testng.TestNGProvider.invoke(TestNGProvider.java:137)\n org.apache.maven.surefire.booter.ForkedBooter.runSuitesInProcess(ForkedBooter.java:385)\n org.apache.maven.surefire.booter.ForkedBooter.execute(ForkedBooter.java:162)\n org.apache.maven.surefire.booter.ForkedBooter.run(ForkedBooter.java:507)\n org.apache.maven.surefire.booter.ForkedBooter.main(ForkedBooter.java:495)],\n\tVerify that report contains all not ignored endpoints. expected [true] but found [false]\nStack Trace :[org.testng.Assert.fail(Assert.java:111)\n org.testng.Assert.failNotEquals(Assert.java:1578)\n org.testng.Assert.assertTrue(Assert.java:57)\n org.testng.asserts.Assertion$1.doAssert(Assertion.java:86)\n com.pinger.automation.utils.SoftVerifier.doAssert(SoftVerifier.java:20)\n org.testng.asserts.Assertion.assertTrue(Assertion.java:82)\n com.pinger.automation.core.clients.PingerClient.processValidScenario(PingerClient.java:69)\n functional.TC015_VerifyElevenEndpointsProcessingTest.test(TC015_VerifyElevenEndpointsProcessingTest.java:37)\n java.base/jdk.internal.reflect.DirectMethodHandleAccessor.invoke(DirectMethodHandleAccessor.java:103)\n java.base/java.lang.reflect.Method.invoke(Method.java:580)\n org.testng.internal.invokers.MethodInvocationHelper.invokeMethod(MethodInvocationHelper.java:139)\n org.testng.internal.invokers.TestInvoker.invokeMethod(TestInvoker.java:664)\n org.testng.internal.invokers.TestInvoker.invokeTestMethod(TestInvoker.java:228)\n org.testng.internal.invokers.MethodRunner.runInSequence(MethodRunner.java:63)\n org.testng.internal.invokers.TestInvoker$MethodInvocationAgent.invoke(TestInvoker.java:961)\n org.testng.internal.invokers.TestInvoker.invokeTestMethods(TestInvoker.java:201)\n org.testng.internal.invokers.TestMethodWorker.invokeTestMethods(TestMethodWorker.java:148)\n org.testng.internal.invokers.TestMethodWorker.run(TestMethodWorker.java:128)\n java.base/java.util.ArrayList.forEach(ArrayList.java:1596)\n org.testng.TestRunner.privateRun(TestRunner.java:819)\n org.testng.TestRunner.run(TestRunner.java:619)\n org.testng.SuiteRunner.runTest(SuiteRunner.java:443)\n org.testng.SuiteRunner.runSequentially(SuiteRunner.java:437)\n org.testng.SuiteRunner.privateRun(SuiteRunner.java:397)\n org.testng.SuiteRunner.run(SuiteRunner.java:336)\n org.testng.SuiteRunnerWorker.runSuite(SuiteRunnerWorker.java:52)\n org.testng.SuiteRunnerWorker.run(SuiteRunnerWorker.java:95)\n org.testng.TestNG.runSuitesSequentially(TestNG.java:1301)\n org.testng.TestNG.runSuitesLocally(TestNG.java:1228)\n org.testng.TestNG.runSuites(TestNG.java:1134)\n org.testng.TestNG.run(TestNG.java:1101)\n org.apache.maven.surefire.testng.TestNGExecutor.run(TestNGExecutor.java:155)\n org.apache.maven.surefire.testng.TestNGDirectoryTestSuite.executeMulti(TestNGDirectoryTestSuite.java:169)\n org.apache.maven.surefire.testng.TestNGDirectoryTestSuite.execute(TestNGDirectoryTestSuite.java:88)\n org.apache.maven.surefire.testng.TestNGProvider.invoke(TestNGProvider.java:137)\n org.apache.maven.surefire.booter.ForkedBooter.runSuitesInProcess(ForkedBooter.java:385)\n org.apache.maven.surefire.booter.ForkedBooter.execute(ForkedBooter.java:162)\n org.apache.maven.surefire.booter.ForkedBooter.run(ForkedBooter.java:507)\n org.apache.maven.surefire.booter.ForkedBooter.main(ForkedBooter.java:495)]","statusTrace":"java.lang.AssertionError: The following asserts failed:\n\tVerify that start and end time differs. did not expect [2025-02-10T23:46:36.587360734Z] but found [2025-02-10T23:46:36.587360734Z]\nStack Trace :[org.testng.Assert.fail(Assert.java:111)\n org.testng.Assert.failEquals(Assert.java:1582)\n org.testng.Assert.assertNotEqualsImpl(Assert.java:157)\n org.testng.Assert.assertNotEquals(Assert.java:2201)\n org.testng.asserts.Assertion$47.doAssert(Assertion.java:550)\n com.pinger.automation.utils.SoftVerifier.doAssert(SoftVerifier.java:20)\n org.testng.asserts.Assertion.assertNotEquals(Assertion.java:546)\n com.pinger.automation.core.clients.PingerClient.processValidScenario(PingerClient.java:56)\n functional.TC015_VerifyElevenEndpointsProcessingTest.test(TC015_VerifyElevenEndpointsProcessingTest.java:37)\n java.base/jdk.internal.reflect.DirectMethodHandleAccessor.invoke(DirectMethodHandleAccessor.java:103)\n java.base/java.lang.reflect.Method.invoke(Method.java:580)\n org.testng.internal.invokers.MethodInvocationHelper.invokeMethod(MethodInvocationHelper.java:139)\n org.testng.internal.invokers.TestInvoker.invokeMethod(TestInvoker.java:664)\n org.testng.internal.invokers.TestInvoker.invokeTestMethod(TestInvoker.java:228)\n org.testng.internal.invokers.MethodRunner.runInSequence(MethodRunner.java:63)\n org.testng.internal.invokers.TestInvoker$MethodInvocationAgent.invoke(TestInvoker.java:961)\n org.testng.internal.invokers.TestInvoker.invokeTestMethods(TestInvoker.java:201)\n org.testng.internal.invokers.TestMethodWorker.invokeTestMethods(TestMethodWorker.java:148)\n org.testng.internal.invokers.TestMethodWorker.run(TestMethodWorker.java:128)\n java.base/java.util.ArrayList.forEach(ArrayList.java:1596)\n org.testng.TestRunner.privateRun(TestRunner.java:819)\n org.testng.TestRunner.run(TestRunner.java:619)\n org.testng.SuiteRunner.runTest(SuiteRunner.java:443)\n org.testng.SuiteRunner.runSequentially(SuiteRunner.java:437)\n org.testng.SuiteRunner.privateRun(SuiteRunner.java:397)\n org.testng.SuiteRunner.run(SuiteRunner.java:336)\n org.testng.SuiteRunnerWorker.runSuite(SuiteRunnerWorker.java:52)\n org.testng.SuiteRunnerWorker.run(SuiteRunnerWorker.java:95)\n org.testng.TestNG.runSuitesSequentially(TestNG.java:1301)\n org.testng.TestNG.runSuitesLocally(TestNG.java:1228)\n org.testng.TestNG.runSuites(TestNG.java:1134)\n org.testng.TestNG.run(TestNG.java:1101)\n org.apache.maven.surefire.testng.TestNGExecutor.run(TestNGExecutor.java:155)\n org.apache.maven.surefire.testng.TestNGDirectoryTestSuite.executeMulti(TestNGDirectoryTestSuite.java:169)\n org.apache.maven.surefire.testng.TestNGDirectoryTestSuite.execute(TestNGDirectoryTestSuite.java:88)\n org.apache.maven.surefire.testng.TestNGProvider.invoke(TestNGProvider.java:137)\n org.apache.maven.surefire.booter.ForkedBooter.runSuitesInProcess(ForkedBooter.java:385)\n org.apache.maven.surefire.booter.ForkedBooter.execute(ForkedBooter.java:162)\n org.apache.maven.surefire.booter.ForkedBooter.run(ForkedBooter.java:507)\n org.apache.maven.surefire.booter.ForkedBooter.main(ForkedBooter.java:495)],\n\tVerify that start date is before end date. expected [true] but found [false]\nStack Trace :[org.testng.Assert.fail(Assert.java:111)\n org.testng.Assert.failNotEquals(Assert.java:1578)\n org.testng.Assert.assertTrue(Assert.java:57)\n org.testng.asserts.Assertion$1.doAssert(Assertion.java:86)\n com.pinger.automation.utils.SoftVerifier.doAssert(SoftVerifier.java:20)\n org.testng.asserts.Assertion.assertTrue(Assertion.java:82)\n com.pinger.automation.core.clients.PingerClient.processValidScenario(PingerClient.java:57)\n functional.TC015_VerifyElevenEndpointsProcessingTest.test(TC015_VerifyElevenEndpointsProcessingTest.java:37)\n java.base/jdk.internal.reflect.DirectMethodHandleAccessor.invoke(DirectMethodHandleAccessor.java:103)\n java.base/java.lang.reflect.Method.invoke(Method.java:580)\n org.testng.internal.invokers.MethodInvocationHelper.invokeMethod(MethodInvocationHelper.java:139)\n org.testng.internal.invokers.TestInvoker.invokeMethod(TestInvoker.java:664)\n org.testng.internal.invokers.TestInvoker.invokeTestMethod(TestInvoker.java:228)\n org.testng.internal.invokers.MethodRunner.runInSequence(MethodRunner.java:63)\n org.testng.internal.invokers.TestInvoker$MethodInvocationAgent.invoke(TestInvoker.java:961)\n org.testng.internal.invokers.TestInvoker.invokeTestMethods(TestInvoker.java:201)\n org.testng.internal.invokers.TestMethodWorker.invokeTestMethods(TestMethodWorker.java:148)\n org.testng.internal.invokers.TestMethodWorker.run(TestMethodWorker.java:128)\n java.base/java.util.ArrayList.forEach(ArrayList.java:1596)\n org.testng.TestRunner.privateRun(TestRunner.java:819)\n org.testng.TestRunner.run(TestRunner.java:619)\n org.testng.SuiteRunner.runTest(SuiteRunner.java:443)\n org.testng.SuiteRunner.runSequentially(SuiteRunner.java:437)\n org.testng.SuiteRunner.privateRun(SuiteRunner.java:397)\n org.testng.SuiteRunner.run(SuiteRunner.java:336)\n org.testng.SuiteRunnerWorker.runSuite(SuiteRunnerWorker.java:52)\n org.testng.SuiteRunnerWorker.run(SuiteRunnerWorker.java:95)\n org.testng.TestNG.runSuitesSequentially(TestNG.java:1301)\n org.testng.TestNG.runSuitesLocally(TestNG.java:1228)\n org.testng.TestNG.runSuites(TestNG.java:1134)\n org.testng.TestNG.run(TestNG.java:1101)\n org.apache.maven.surefire.testng.TestNGExecutor.run(TestNGExecutor.java:155)\n org.apache.maven.surefire.testng.TestNGDirectoryTestSuite.executeMulti(TestNGDirectoryTestSuite.java:169)\n org.apache.maven.surefire.testng.TestNGDirectoryTestSuite.execute(TestNGDirectoryTestSuite.java:88)\n org.apache.maven.surefire.testng.TestNGProvider.invoke(TestNGProvider.java:137)\n org.apache.maven.surefire.booter.ForkedBooter.runSuitesInProcess(ForkedBooter.java:385)\n org.apache.maven.surefire.booter.ForkedBooter.execute(ForkedBooter.java:162)\n org.apache.maven.surefire.booter.ForkedBooter.run(ForkedBooter.java:507)\n org.apache.maven.surefire.booter.ForkedBooter.main(ForkedBooter.java:495)],\n\tVerity end date time. expected [2025-02-10T23:46:36Z] but found [2025-02-10T23:51:36Z]\nStack Trace :[org.testng.Assert.fail(Assert.java:111)\n org.testng.Assert.failNotEquals(Assert.java:1578)\n org.testng.Assert.assertEqualsImpl(Assert.java:150)\n org.testng.Assert.assertEquals(Assert.java:132)\n org.testng.asserts.Assertion$8.doAssert(Assertion.java:156)\n com.pinger.automation.utils.SoftVerifier.doAssert(SoftVerifier.java:20)\n org.testng.asserts.Assertion.assertEquals(Assertion.java:152)\n com.pinger.automation.core.clients.PingerClient.processValidScenario(PingerClient.java:59)\n functional.TC015_VerifyElevenEndpointsProcessingTest.test(TC015_VerifyElevenEndpointsProcessingTest.java:37)\n java.base/jdk.internal.reflect.DirectMethodHandleAccessor.invoke(DirectMethodHandleAccessor.java:103)\n java.base/java.lang.reflect.Method.invoke(Method.java:580)\n org.testng.internal.invokers.MethodInvocationHelper.invokeMethod(MethodInvocationHelper.java:139)\n org.testng.internal.invokers.TestInvoker.invokeMethod(TestInvoker.java:664)\n org.testng.internal.invokers.TestInvoker.invokeTestMethod(TestInvoker.java:228)\n org.testng.internal.invokers.MethodRunner.runInSequence(MethodRunner.java:63)\n org.testng.internal.invokers.TestInvoker$MethodInvocationAgent.invoke(TestInvoker.java:961)\n org.testng.internal.invokers.TestInvoker.invokeTestMethods(TestInvoker.java:201)\n org.testng.internal.invokers.TestMethodWorker.invokeTestMethods(TestMethodWorker.java:148)\n org.testng.internal.invokers.TestMethodWorker.run(TestMethodWorker.java:128)\n java.base/java.util.ArrayList.forEach(ArrayList.java:1596)\n org.testng.TestRunner.privateRun(TestRunner.java:819)\n org.testng.TestRunner.run(TestRunner.java:619)\n org.testng.SuiteRunner.runTest(SuiteRunner.java:443)\n org.testng.SuiteRunner.runSequentially(SuiteRunner.java:437)\n org.testng.SuiteRunner.privateRun(SuiteRunner.java:397)\n org.testng.SuiteRunner.run(SuiteRunner.java:336)\n org.testng.SuiteRunnerWorker.runSuite(SuiteRunnerWorker.java:52)\n org.testng.SuiteRunnerWorker.run(SuiteRunnerWorker.java:95)\n org.testng.TestNG.runSuitesSequentially(TestNG.java:1301)\n org.testng.TestNG.runSuitesLocally(TestNG.java:1228)\n org.testng.TestNG.runSuites(TestNG.java:1134)\n org.testng.TestNG.run(TestNG.java:1101)\n org.apache.maven.surefire.testng.TestNGExecutor.run(TestNGExecutor.java:155)\n org.apache.maven.surefire.testng.TestNGDirectoryTestSuite.executeMulti(TestNGDirectoryTestSuite.java:169)\n org.apache.maven.surefire.testng.TestNGDirectoryTestSuite.execute(TestNGDirectoryTestSuite.java:88)\n org.apache.maven.surefire.testng.TestNGProvider.invoke(TestNGProvider.java:137)\n org.apache.maven.surefire.booter.ForkedBooter.runSuitesInProcess(ForkedBooter.java:385)\n org.apache.maven.surefire.booter.ForkedBooter.execute(ForkedBooter.java:162)\n org.apache.maven.surefire.booter.ForkedBooter.run(ForkedBooter.java:507)\n org.apache.maven.surefire.booter.ForkedBooter.main(ForkedBooter.java:495)],\n\tVerity min successful pings. expected [2] but found [1]\nStack Trace :[org.testng.Assert.fail(Assert.java:111)\n org.testng.Assert.failNotEquals(Assert.java:1578)\n org.testng.Assert.assertEqualsImpl(Assert.java:150)\n org.testng.Assert.assertEquals(Assert.java:132)\n org.testng.Assert.assertEquals(Assert.java:1419)\n org.testng.Assert.assertEquals(Assert.java:1383)\n org.testng.asserts.Assertion$26.doAssert(Assertion.java:338)\n com.pinger.automation.utils.SoftVerifier.doAssert(SoftVerifier.java:20)\n org.testng.asserts.Assertion.assertEquals(Assertion.java:334)\n com.pinger.automation.core.clients.PingerClient.processValidScenario(PingerClient.java:62)\n functional.TC015_VerifyElevenEndpointsProcessingTest.test(TC015_VerifyElevenEndpointsProcessingTest.java:37)\n java.base/jdk.internal.reflect.DirectMethodHandleAccessor.invoke(DirectMethodHandleAccessor.java:103)\n java.base/java.lang.reflect.Method.invoke(Method.java:580)\n org.testng.internal.invokers.MethodInvocationHelper.invokeMethod(MethodInvocationHelper.java:139)\n org.testng.internal.invokers.TestInvoker.invokeMethod(TestInvoker.java:664)\n org.testng.internal.invokers.TestInvoker.invokeTestMethod(TestInvoker.java:228)\n org.testng.internal.invokers.MethodRunner.runInSequence(MethodRunner.java:63)\n org.testng.internal.invokers.TestInvoker$MethodInvocationAgent.invoke(TestInvoker.java:961)\n org.testng.internal.invokers.TestInvoker.invokeTestMethods(TestInvoker.java:201)\n org.testng.internal.invokers.TestMethodWorker.invokeTestMethods(TestMethodWorker.java:148)\n org.testng.internal.invokers.TestMethodWorker.run(TestMethodWorker.java:128)\n java.base/java.util.ArrayList.forEach(ArrayList.java:1596)\n org.testng.TestRunner.privateRun(TestRunner.java:819)\n org.testng.TestRunner.run(TestRunner.java:619)\n org.testng.SuiteRunner.runTest(SuiteRunner.java:443)\n org.testng.SuiteRunner.runSequentially(SuiteRunner.java:437)\n org.testng.SuiteRunner.privateRun(SuiteRunner.java:397)\n org.testng.SuiteRunner.run(SuiteRunner.java:336)\n org.testng.SuiteRunnerWorker.runSuite(SuiteRunnerWorker.java:52)\n org.testng.SuiteRunnerWorker.run(SuiteRunnerWorker.java:95)\n org.testng.TestNG.runSuitesSequentially(TestNG.java:1301)\n org.testng.TestNG.runSuitesLocally(TestNG.java:1228)\n org.testng.TestNG.runSuites(TestNG.java:1134)\n org.testng.TestNG.run(TestNG.java:1101)\n org.apache.maven.surefire.testng.TestNGExecutor.run(TestNGExecutor.java:155)\n org.apache.maven.surefire.testng.TestNGDirectoryTestSuite.executeMulti(TestNGDirectoryTestSuite.java:169)\n org.apache.maven.surefire.testng.TestNGDirectoryTestSuite.execute(TestNGDirectoryTestSuite.java:88)\n org.apache.maven.surefire.testng.TestNGProvider.invoke(TestNGProvider.java:137)\n org.apache.maven.surefire.booter.ForkedBooter.runSuitesInProcess(ForkedBooter.java:385)\n org.apache.maven.surefire.booter.ForkedBooter.execute(ForkedBooter.java:162)\n org.apache.maven.surefire.booter.ForkedBooter.run(ForkedBooter.java:507)\n org.apache.maven.surefire.booter.ForkedBooter.main(ForkedBooter.java:495)],\n\tVerify that report contains all not ignored endpoints. expected [true] but found [false]\nStack Trace :[org.testng.Assert.fail(Assert.java:111)\n org.testng.Assert.failNotEquals(Assert.java:1578)\n org.testng.Assert.assertTrue(Assert.java:57)\n org.testng.asserts.Assertion$1.doAssert(Assertion.java:86)\n com.pinger.automation.utils.SoftVerifier.doAssert(SoftVerifier.java:20)\n org.testng.asserts.Assertion.assertTrue(Assertion.java:82)\n com.pinger.automation.core.clients.PingerClient.processValidScenario(PingerClient.java:69)\n functional.TC015_VerifyElevenEndpointsProcessingTest.test(TC015_VerifyElevenEndpointsProcessingTest.java:37)\n java.base/jdk.internal.reflect.DirectMethodHandleAccessor.invoke(DirectMethodHandleAccessor.java:103)\n java.base/java.lang.reflect.Method.invoke(Method.java:580)\n org.testng.internal.invokers.MethodInvocationHelper.invokeMethod(MethodInvocationHelper.java:139)\n org.testng.internal.invokers.TestInvoker.invokeMethod(TestInvoker.java:664)\n org.testng.internal.invokers.TestInvoker.invokeTestMethod(TestInvoker.java:228)\n org.testng.internal.invokers.MethodRunner.runInSequence(MethodRunner.java:63)\n org.testng.internal.invokers.TestInvoker$MethodInvocationAgent.invoke(TestInvoker.java:961)\n org.testng.internal.invokers.TestInvoker.invokeTestMethods(TestInvoker.java:201)\n org.testng.internal.invokers.TestMethodWorker.invokeTestMethods(TestMethodWorker.java:148)\n org.testng.internal.invokers.TestMethodWorker.run(TestMethodWorker.java:128)\n java.base/java.util.ArrayList.forEach(ArrayList.java:1596)\n org.testng.TestRunner.privateRun(TestRunner.java:819)\n org.testng.TestRunner.run(TestRunner.java:619)\n org.testng.SuiteRunner.runTest(SuiteRunner.java:443)\n org.testng.SuiteRunner.runSequentially(SuiteRunner.java:437)\n org.testng.SuiteRunner.privateRun(SuiteRunner.java:397)\n org.testng.SuiteRunner.run(SuiteRunner.java:336)\n org.testng.SuiteRunnerWorker.runSuite(SuiteRunnerWorker.java:52)\n org.testng.SuiteRunnerWorker.run(SuiteRunnerWorker.java:95)\n org.testng.TestNG.runSuitesSequentially(TestNG.java:1301)\n org.testng.TestNG.runSuitesLocally(TestNG.java:1228)\n org.testng.TestNG.runSuites(TestNG.java:1134)\n org.testng.TestNG.run(TestNG.java:1101)\n org.apache.maven.surefire.testng.TestNGExecutor.run(TestNGExecutor.java:155)\n org.apache.maven.surefire.testng.TestNGDirectoryTestSuite.executeMulti(TestNGDirectoryTestSuite.java:169)\n org.apache.maven.surefire.testng.TestNGDirectoryTestSuite.execute(TestNGDirectoryTestSuite.java:88)\n org.apache.maven.surefire.testng.TestNGProvider.invoke(TestNGProvider.java:137)\n org.apache.maven.surefire.booter.ForkedBooter.runSuitesInProcess(ForkedBooter.java:385)\n org.apache.maven.surefire.booter.ForkedBooter.execute(ForkedBooter.java:162)\n org.apache.maven.surefire.booter.ForkedBooter.run(ForkedBooter.java:507)\n org.apache.maven.surefire.booter.ForkedBooter.main(ForkedBooter.java:495)]\n\tat com.pinger.automation.utils.SoftVerifier.verifyAll(SoftVerifier.java:49)\n\tat com.pinger.automation.core.clients.PingerClient.processValidScenario(PingerClient.java:74)\n\tat functional.TC015_VerifyElevenEndpointsProcessingTest.test(TC015_VerifyElevenEndpointsProcessingTest.java:37)\n\tat java.base/jdk.internal.reflect.DirectMethodHandleAccessor.invoke(DirectMethodHandleAccessor.java:103)\n\tat java.base/java.lang.reflect.Method.invoke(Method.java:580)\n\tat org.testng.internal.invokers.MethodInvocationHelper.invokeMethod(MethodInvocationHelper.java:139)\n\tat org.testng.internal.invokers.TestInvoker.invokeMethod(TestInvoker.java:664)\n\tat org.testng.internal.invokers.TestInvoker.invokeTestMethod(TestInvoker.java:228)\n\tat org.testng.internal.invokers.MethodRunner.runInSequence(MethodRunner.java:63)\n\tat org.testng.internal.invokers.TestInvoker$MethodInvocationAgent.invoke(TestInvoker.java:961)\n\tat org.testng.internal.invokers.TestInvoker.invokeTestMethods(TestInvoker.java:201)\n\tat org.testng.internal.invokers.TestMethodWorker.invokeTestMethods(TestMethodWorker.java:148)\n\tat org.testng.internal.invokers.TestMethodWorker.run(TestMethodWorker.java:128)\n\tat java.base/java.util.ArrayList.forEach(ArrayList.java:1596)\n\tat org.testng.TestRunner.privateRun(TestRunner.java:819)\n\tat org.testng.TestRunner.run(TestRunner.java:619)\n\tat org.testng.SuiteRunner.runTest(SuiteRunner.java:443)\n\tat org.testng.SuiteRunner.runSequentially(SuiteRunner.java:437)\n\tat org.testng.SuiteRunner.privateRun(SuiteRunner.java:397)\n\tat org.testng.SuiteRunner.run(SuiteRunner.java:336)\n\tat org.testng.SuiteRunnerWorker.runSuite(SuiteRunnerWorker.java:52)\n\tat org.testng.SuiteRunnerWorker.run(SuiteRunnerWorker.java:95)\n\tat org.testng.TestNG.runSuitesSequentially(TestNG.java:1301)\n\tat org.testng.TestNG.runSuitesLocally(TestNG.java:1228)\n\tat org.testng.TestNG.runSuites(TestNG.java:1134)\n\tat org.testng.TestNG.run(TestNG.java:1101)\n\tat org.apache.maven.surefire.testng.TestNGExecutor.run(TestNGExecutor.java:155)\n\tat org.apache.maven.surefire.testng.TestNGDirectoryTestSuite.executeMulti(TestNGDirectoryTestSuite.java:169)\n\tat org.apache.maven.surefire.testng.TestNGDirectoryTestSuite.execute(TestNGDirectoryTestSuite.java:88)\n\tat org.apache.maven.surefire.testng.TestNGProvider.invoke(TestNGProvider.java:137)\n\tat org.apache.maven.surefire.booter.ForkedBooter.runSuitesInProcess(ForkedBooter.java:385)\n\tat org.apache.maven.surefire.booter.ForkedBooter.execute(ForkedBooter.java:162)\n\tat org.apache.maven.surefire.booter.ForkedBooter.run(ForkedBooter.java:507)\n\tat org.apache.maven.surefire.booter.ForkedBooter.main(ForkedBooter.java:495)\n","flaky":false,"newFailed":false,"newBroken":false,"newPassed":false,"retriesCount":0,"retriesStatusChange":false,"beforeStages":[{"name":"setupTestConfig","time":{"start":1739231196577,"stop":1739231196581,"duration":4},"description":"","status":"passed","steps":[{"name":"Generating test data.","time":{"start":1739231196578,"stop":1739231196578,"duration":0},"status":"passed","steps":[],"attachments":[],"parameters":[],"shouldDisplayMessage":false,"stepsCount":0,"attachmentsCount":0,"hasContent":false,"attachmentStep":false},{"name":"Generated TestDataDto(config=FileData(name=TC015_VerifyElevenEndpointsProcessingTestConfig.json, directory=src/main/resources/testData/, path=src/main/resources/testData/TC015_VerifyElevenEndpointsProcessingTestConfig.json, dto=ConfigDto(minSuccessfulPings=2, maxPings=3, endpoints=[EndpointDto(address=1.1.1.1, description=Cloudflare DNS, ignore=false), EndpointDto(address=1.0.0.1, description=Cloudflare Secondary DNS, ignore=false), EndpointDto(address=8.8.8.8, description=Google DNS, ignore=false), EndpointDto(address=8.8.4.4, description=Google Secondary DNS, ignore=false), EndpointDto(address=8.8.8.8, description=Google DNS EDGE, ignore=false), EndpointDto(address=192.168.0.1, description=My Router, ignore=false), EndpointDto(address=192.168.0.102, description=My S/O LAN, ignore=false), EndpointDto(address=123.123.123.123, description=My S/O WAN, ignore=false), EndpointDto(address=208.67.222.222, description=Open DNS, ignore=false), EndpointDto(address=9.9.9.9, description=Quad9 DNS, ignore=false), EndpointDto(address=149.112.112.112, description=Quad9 DNS, ignore=false), EndpointDto(address=1.1.1.1, description=Cloudflare DNS, ignore=true), EndpointDto(address=192.168.0.101, description=My Grandma, ignore=false), EndpointDto(address=192.168.0.101, description=My Grandma, ignore=true)])), report=FileData(name=TC015_VerifyElevenEndpointsProcessingTestReport.json, directory=src/main/resources/testData/, path=src/main/resources/testData/TC015_VerifyElevenEndpointsProcessingTestReport.json, dto=null)).","time":{"start":1739231196580,"stop":1739231196580,"duration":0},"status":"passed","steps":[],"attachments":[],"parameters":[],"shouldDisplayMessage":false,"stepsCount":0,"attachmentsCount":0,"hasContent":false,"attachmentStep":false}],"attachments":[],"parameters":[],"shouldDisplayMessage":false,"stepsCount":2,"attachmentsCount":0,"hasContent":true,"attachmentStep":false}],"testStage":{"description":"Execution of config file that has more than 10 endpoints.","status":"failed","statusMessage":"The following asserts failed:\n\tVerify that start and end time differs. did not expect [2025-02-10T23:46:36.587360734Z] but found [2025-02-10T23:46:36.587360734Z]\nStack Trace :[org.testng.Assert.fail(Assert.java:111)\n org.testng.Assert.failEquals(Assert.java:1582)\n org.testng.Assert.assertNotEqualsImpl(Assert.java:157)\n org.testng.Assert.assertNotEquals(Assert.java:2201)\n org.testng.asserts.Assertion$47.doAssert(Assertion.java:550)\n com.pinger.automation.utils.SoftVerifier.doAssert(SoftVerifier.java:20)\n org.testng.asserts.Assertion.assertNotEquals(Assertion.java:546)\n com.pinger.automation.core.clients.PingerClient.processValidScenario(PingerClient.java:56)\n functional.TC015_VerifyElevenEndpointsProcessingTest.test(TC015_VerifyElevenEndpointsProcessingTest.java:37)\n java.base/jdk.internal.reflect.DirectMethodHandleAccessor.invoke(DirectMethodHandleAccessor.java:103)\n java.base/java.lang.reflect.Method.invoke(Method.java:580)\n org.testng.internal.invokers.MethodInvocationHelper.invokeMethod(MethodInvocationHelper.java:139)\n org.testng.internal.invokers.TestInvoker.invokeMethod(TestInvoker.java:664)\n org.testng.internal.invokers.TestInvoker.invokeTestMethod(TestInvoker.java:228)\n org.testng.internal.invokers.MethodRunner.runInSequence(MethodRunner.java:63)\n org.testng.internal.invokers.TestInvoker$MethodInvocationAgent.invoke(TestInvoker.java:961)\n org.testng.internal.invokers.TestInvoker.invokeTestMethods(TestInvoker.java:201)\n org.testng.internal.invokers.TestMethodWorker.invokeTestMethods(TestMethodWorker.java:148)\n org.testng.internal.invokers.TestMethodWorker.run(TestMethodWorker.java:128)\n java.base/java.util.ArrayList.forEach(ArrayList.java:1596)\n org.testng.TestRunner.privateRun(TestRunner.java:819)\n org.testng.TestRunner.run(TestRunner.java:619)\n org.testng.SuiteRunner.runTest(SuiteRunner.java:443)\n org.testng.SuiteRunner.runSequentially(SuiteRunner.java:437)\n org.testng.SuiteRunner.privateRun(SuiteRunner.java:397)\n org.testng.SuiteRunner.run(SuiteRunner.java:336)\n org.testng.SuiteRunnerWorker.runSuite(SuiteRunnerWorker.java:52)\n org.testng.SuiteRunnerWorker.run(SuiteRunnerWorker.java:95)\n org.testng.TestNG.runSuitesSequentially(TestNG.java:1301)\n org.testng.TestNG.runSuitesLocally(TestNG.java:1228)\n org.testng.TestNG.runSuites(TestNG.java:1134)\n org.testng.TestNG.run(TestNG.java:1101)\n org.apache.maven.surefire.testng.TestNGExecutor.run(TestNGExecutor.java:155)\n org.apache.maven.surefire.testng.TestNGDirectoryTestSuite.executeMulti(TestNGDirectoryTestSuite.java:169)\n org.apache.maven.surefire.testng.TestNGDirectoryTestSuite.execute(TestNGDirectoryTestSuite.java:88)\n org.apache.maven.surefire.testng.TestNGProvider.invoke(TestNGProvider.java:137)\n org.apache.maven.surefire.booter.ForkedBooter.runSuitesInProcess(ForkedBooter.java:385)\n org.apache.maven.surefire.booter.ForkedBooter.execute(ForkedBooter.java:162)\n org.apache.maven.surefire.booter.ForkedBooter.run(ForkedBooter.java:507)\n org.apache.maven.surefire.booter.ForkedBooter.main(ForkedBooter.java:495)],\n\tVerify that start date is before end date. expected [true] but found [false]\nStack Trace :[org.testng.Assert.fail(Assert.java:111)\n org.testng.Assert.failNotEquals(Assert.java:1578)\n org.testng.Assert.assertTrue(Assert.java:57)\n org.testng.asserts.Assertion$1.doAssert(Assertion.java:86)\n com.pinger.automation.utils.SoftVerifier.doAssert(SoftVerifier.java:20)\n org.testng.asserts.Assertion.assertTrue(Assertion.java:82)\n com.pinger.automation.core.clients.PingerClient.processValidScenario(PingerClient.java:57)\n functional.TC015_VerifyElevenEndpointsProcessingTest.test(TC015_VerifyElevenEndpointsProcessingTest.java:37)\n java.base/jdk.internal.reflect.DirectMethodHandleAccessor.invoke(DirectMethodHandleAccessor.java:103)\n java.base/java.lang.reflect.Method.invoke(Method.java:580)\n org.testng.internal.invokers.MethodInvocationHelper.invokeMethod(MethodInvocationHelper.java:139)\n org.testng.internal.invokers.TestInvoker.invokeMethod(TestInvoker.java:664)\n org.testng.internal.invokers.TestInvoker.invokeTestMethod(TestInvoker.java:228)\n org.testng.internal.invokers.MethodRunner.runInSequence(MethodRunner.java:63)\n org.testng.internal.invokers.TestInvoker$MethodInvocationAgent.invoke(TestInvoker.java:961)\n org.testng.internal.invokers.TestInvoker.invokeTestMethods(TestInvoker.java:201)\n org.testng.internal.invokers.TestMethodWorker.invokeTestMethods(TestMethodWorker.java:148)\n org.testng.internal.invokers.TestMethodWorker.run(TestMethodWorker.java:128)\n java.base/java.util.ArrayList.forEach(ArrayList.java:1596)\n org.testng.TestRunner.privateRun(TestRunner.java:819)\n org.testng.TestRunner.run(TestRunner.java:619)\n org.testng.SuiteRunner.runTest(SuiteRunner.java:443)\n org.testng.SuiteRunner.runSequentially(SuiteRunner.java:437)\n org.testng.SuiteRunner.privateRun(SuiteRunner.java:397)\n org.testng.SuiteRunner.run(SuiteRunner.java:336)\n org.testng.SuiteRunnerWorker.runSuite(SuiteRunnerWorker.java:52)\n org.testng.SuiteRunnerWorker.run(SuiteRunnerWorker.java:95)\n org.testng.TestNG.runSuitesSequentially(TestNG.java:1301)\n org.testng.TestNG.runSuitesLocally(TestNG.java:1228)\n org.testng.TestNG.runSuites(TestNG.java:1134)\n org.testng.TestNG.run(TestNG.java:1101)\n org.apache.maven.surefire.testng.TestNGExecutor.run(TestNGExecutor.java:155)\n org.apache.maven.surefire.testng.TestNGDirectoryTestSuite.executeMulti(TestNGDirectoryTestSuite.java:169)\n org.apache.maven.surefire.testng.TestNGDirectoryTestSuite.execute(TestNGDirectoryTestSuite.java:88)\n org.apache.maven.surefire.testng.TestNGProvider.invoke(TestNGProvider.java:137)\n org.apache.maven.surefire.booter.ForkedBooter.runSuitesInProcess(ForkedBooter.java:385)\n org.apache.maven.surefire.booter.ForkedBooter.execute(ForkedBooter.java:162)\n org.apache.maven.surefire.booter.ForkedBooter.run(ForkedBooter.java:507)\n org.apache.maven.surefire.booter.ForkedBooter.main(ForkedBooter.java:495)],\n\tVerity end date time. expected [2025-02-10T23:46:36Z] but found [2025-02-10T23:51:36Z]\nStack Trace :[org.testng.Assert.fail(Assert.java:111)\n org.testng.Assert.failNotEquals(Assert.java:1578)\n org.testng.Assert.assertEqualsImpl(Assert.java:150)\n org.testng.Assert.assertEquals(Assert.java:132)\n org.testng.asserts.Assertion$8.doAssert(Assertion.java:156)\n com.pinger.automation.utils.SoftVerifier.doAssert(SoftVerifier.java:20)\n org.testng.asserts.Assertion.assertEquals(Assertion.java:152)\n com.pinger.automation.core.clients.PingerClient.processValidScenario(PingerClient.java:59)\n functional.TC015_VerifyElevenEndpointsProcessingTest.test(TC015_VerifyElevenEndpointsProcessingTest.java:37)\n java.base/jdk.internal.reflect.DirectMethodHandleAccessor.invoke(DirectMethodHandleAccessor.java:103)\n java.base/java.lang.reflect.Method.invoke(Method.java:580)\n org.testng.internal.invokers.MethodInvocationHelper.invokeMethod(MethodInvocationHelper.java:139)\n org.testng.internal.invokers.TestInvoker.invokeMethod(TestInvoker.java:664)\n org.testng.internal.invokers.TestInvoker.invokeTestMethod(TestInvoker.java:228)\n org.testng.internal.invokers.MethodRunner.runInSequence(MethodRunner.java:63)\n org.testng.internal.invokers.TestInvoker$MethodInvocationAgent.invoke(TestInvoker.java:961)\n org.testng.internal.invokers.TestInvoker.invokeTestMethods(TestInvoker.java:201)\n org.testng.internal.invokers.TestMethodWorker.invokeTestMethods(TestMethodWorker.java:148)\n org.testng.internal.invokers.TestMethodWorker.run(TestMethodWorker.java:128)\n java.base/java.util.ArrayList.forEach(ArrayList.java:1596)\n org.testng.TestRunner.privateRun(TestRunner.java:819)\n org.testng.TestRunner.run(TestRunner.java:619)\n org.testng.SuiteRunner.runTest(SuiteRunner.java:443)\n org.testng.SuiteRunner.runSequentially(SuiteRunner.java:437)\n org.testng.SuiteRunner.privateRun(SuiteRunner.java:397)\n org.testng.SuiteRunner.run(SuiteRunner.java:336)\n org.testng.SuiteRunnerWorker.runSuite(SuiteRunnerWorker.java:52)\n org.testng.SuiteRunnerWorker.run(SuiteRunnerWorker.java:95)\n org.testng.TestNG.runSuitesSequentially(TestNG.java:1301)\n org.testng.TestNG.runSuitesLocally(TestNG.java:1228)\n org.testng.TestNG.runSuites(TestNG.java:1134)\n org.testng.TestNG.run(TestNG.java:1101)\n org.apache.maven.surefire.testng.TestNGExecutor.run(TestNGExecutor.java:155)\n org.apache.maven.surefire.testng.TestNGDirectoryTestSuite.executeMulti(TestNGDirectoryTestSuite.java:169)\n org.apache.maven.surefire.testng.TestNGDirectoryTestSuite.execute(TestNGDirectoryTestSuite.java:88)\n org.apache.maven.surefire.testng.TestNGProvider.invoke(TestNGProvider.java:137)\n org.apache.maven.surefire.booter.ForkedBooter.runSuitesInProcess(ForkedBooter.java:385)\n org.apache.maven.surefire.booter.ForkedBooter.execute(ForkedBooter.java:162)\n org.apache.maven.surefire.booter.ForkedBooter.run(ForkedBooter.java:507)\n org.apache.maven.surefire.booter.ForkedBooter.main(ForkedBooter.java:495)],\n\tVerity min successful pings. expected [2] but found [1]\nStack Trace :[org.testng.Assert.fail(Assert.java:111)\n org.testng.Assert.failNotEquals(Assert.java:1578)\n org.testng.Assert.assertEqualsImpl(Assert.java:150)\n org.testng.Assert.assertEquals(Assert.java:132)\n org.testng.Assert.assertEquals(Assert.java:1419)\n org.testng.Assert.assertEquals(Assert.java:1383)\n org.testng.asserts.Assertion$26.doAssert(Assertion.java:338)\n com.pinger.automation.utils.SoftVerifier.doAssert(SoftVerifier.java:20)\n org.testng.asserts.Assertion.assertEquals(Assertion.java:334)\n com.pinger.automation.core.clients.PingerClient.processValidScenario(PingerClient.java:62)\n functional.TC015_VerifyElevenEndpointsProcessingTest.test(TC015_VerifyElevenEndpointsProcessingTest.java:37)\n java.base/jdk.internal.reflect.DirectMethodHandleAccessor.invoke(DirectMethodHandleAccessor.java:103)\n java.base/java.lang.reflect.Method.invoke(Method.java:580)\n org.testng.internal.invokers.MethodInvocationHelper.invokeMethod(MethodInvocationHelper.java:139)\n org.testng.internal.invokers.TestInvoker.invokeMethod(TestInvoker.java:664)\n org.testng.internal.invokers.TestInvoker.invokeTestMethod(TestInvoker.java:228)\n org.testng.internal.invokers.MethodRunner.runInSequence(MethodRunner.java:63)\n org.testng.internal.invokers.TestInvoker$MethodInvocationAgent.invoke(TestInvoker.java:961)\n org.testng.internal.invokers.TestInvoker.invokeTestMethods(TestInvoker.java:201)\n org.testng.internal.invokers.TestMethodWorker.invokeTestMethods(TestMethodWorker.java:148)\n org.testng.internal.invokers.TestMethodWorker.run(TestMethodWorker.java:128)\n java.base/java.util.ArrayList.forEach(ArrayList.java:1596)\n org.testng.TestRunner.privateRun(TestRunner.java:819)\n org.testng.TestRunner.run(TestRunner.java:619)\n org.testng.SuiteRunner.runTest(SuiteRunner.java:443)\n org.testng.SuiteRunner.runSequentially(SuiteRunner.java:437)\n org.testng.SuiteRunner.privateRun(SuiteRunner.java:397)\n org.testng.SuiteRunner.run(SuiteRunner.java:336)\n org.testng.SuiteRunnerWorker.runSuite(SuiteRunnerWorker.java:52)\n org.testng.SuiteRunnerWorker.run(SuiteRunnerWorker.java:95)\n org.testng.TestNG.runSuitesSequentially(TestNG.java:1301)\n org.testng.TestNG.runSuitesLocally(TestNG.java:1228)\n org.testng.TestNG.runSuites(TestNG.java:1134)\n org.testng.TestNG.run(TestNG.java:1101)\n org.apache.maven.surefire.testng.TestNGExecutor.run(TestNGExecutor.java:155)\n org.apache.maven.surefire.testng.TestNGDirectoryTestSuite.executeMulti(TestNGDirectoryTestSuite.java:169)\n org.apache.maven.surefire.testng.TestNGDirectoryTestSuite.execute(TestNGDirectoryTestSuite.java:88)\n org.apache.maven.surefire.testng.TestNGProvider.invoke(TestNGProvider.java:137)\n org.apache.maven.surefire.booter.ForkedBooter.runSuitesInProcess(ForkedBooter.java:385)\n org.apache.maven.surefire.booter.ForkedBooter.execute(ForkedBooter.java:162)\n org.apache.maven.surefire.booter.ForkedBooter.run(ForkedBooter.java:507)\n org.apache.maven.surefire.booter.ForkedBooter.main(ForkedBooter.java:495)],\n\tVerify that report contains all not ignored endpoints. expected [true] but found [false]\nStack Trace :[org.testng.Assert.fail(Assert.java:111)\n org.testng.Assert.failNotEquals(Assert.java:1578)\n org.testng.Assert.assertTrue(Assert.java:57)\n org.testng.asserts.Assertion$1.doAssert(Assertion.java:86)\n com.pinger.automation.utils.SoftVerifier.doAssert(SoftVerifier.java:20)\n org.testng.asserts.Assertion.assertTrue(Assertion.java:82)\n com.pinger.automation.core.clients.PingerClient.processValidScenario(PingerClient.java:69)\n functional.TC015_VerifyElevenEndpointsProcessingTest.test(TC015_VerifyElevenEndpointsProcessingTest.java:37)\n java.base/jdk.internal.reflect.DirectMethodHandleAccessor.invoke(DirectMethodHandleAccessor.java:103)\n java.base/java.lang.reflect.Method.invoke(Method.java:580)\n org.testng.internal.invokers.MethodInvocationHelper.invokeMethod(MethodInvocationHelper.java:139)\n org.testng.internal.invokers.TestInvoker.invokeMethod(TestInvoker.java:664)\n org.testng.internal.invokers.TestInvoker.invokeTestMethod(TestInvoker.java:228)\n org.testng.internal.invokers.MethodRunner.runInSequence(MethodRunner.java:63)\n org.testng.internal.invokers.TestInvoker$MethodInvocationAgent.invoke(TestInvoker.java:961)\n org.testng.internal.invokers.TestInvoker.invokeTestMethods(TestInvoker.java:201)\n org.testng.internal.invokers.TestMethodWorker.invokeTestMethods(TestMethodWorker.java:148)\n org.testng.internal.invokers.TestMethodWorker.run(TestMethodWorker.java:128)\n java.base/java.util.ArrayList.forEach(ArrayList.java:1596)\n org.testng.TestRunner.privateRun(TestRunner.java:819)\n org.testng.TestRunner.run(TestRunner.java:619)\n org.testng.SuiteRunner.runTest(SuiteRunner.java:443)\n org.testng.SuiteRunner.runSequentially(SuiteRunner.java:437)\n org.testng.SuiteRunner.privateRun(SuiteRunner.java:397)\n org.testng.SuiteRunner.run(SuiteRunner.java:336)\n org.testng.SuiteRunnerWorker.runSuite(SuiteRunnerWorker.java:52)\n org.testng.SuiteRunnerWorker.run(SuiteRunnerWorker.java:95)\n org.testng.TestNG.runSuitesSequentially(TestNG.java:1301)\n org.testng.TestNG.runSuitesLocally(TestNG.java:1228)\n org.testng.TestNG.runSuites(TestNG.java:1134)\n org.testng.TestNG.run(TestNG.java:1101)\n org.apache.maven.surefire.testng.TestNGExecutor.run(TestNGExecutor.java:155)\n org.apache.maven.surefire.testng.TestNGDirectoryTestSuite.executeMulti(TestNGDirectoryTestSuite.java:169)\n org.apache.maven.surefire.testng.TestNGDirectoryTestSuite.execute(TestNGDirectoryTestSuite.java:88)\n org.apache.maven.surefire.testng.TestNGProvider.invoke(TestNGProvider.java:137)\n org.apache.maven.surefire.booter.ForkedBooter.runSuitesInProcess(ForkedBooter.java:385)\n org.apache.maven.surefire.booter.ForkedBooter.execute(ForkedBooter.java:162)\n org.apache.maven.surefire.booter.ForkedBooter.run(ForkedBooter.java:507)\n org.apache.maven.surefire.booter.ForkedBooter.main(ForkedBooter.java:495)]","statusTrace":"java.lang.AssertionError: The following asserts failed:\n\tVerify that start and end time differs. did not expect [2025-02-10T23:46:36.587360734Z] but found [2025-02-10T23:46:36.587360734Z]\nStack Trace :[org.testng.Assert.fail(Assert.java:111)\n org.testng.Assert.failEquals(Assert.java:1582)\n org.testng.Assert.assertNotEqualsImpl(Assert.java:157)\n org.testng.Assert.assertNotEquals(Assert.java:2201)\n org.testng.asserts.Assertion$47.doAssert(Assertion.java:550)\n com.pinger.automation.utils.SoftVerifier.doAssert(SoftVerifier.java:20)\n org.testng.asserts.Assertion.assertNotEquals(Assertion.java:546)\n com.pinger.automation.core.clients.PingerClient.processValidScenario(PingerClient.java:56)\n functional.TC015_VerifyElevenEndpointsProcessingTest.test(TC015_VerifyElevenEndpointsProcessingTest.java:37)\n java.base/jdk.internal.reflect.DirectMethodHandleAccessor.invoke(DirectMethodHandleAccessor.java:103)\n java.base/java.lang.reflect.Method.invoke(Method.java:580)\n org.testng.internal.invokers.MethodInvocationHelper.invokeMethod(MethodInvocationHelper.java:139)\n org.testng.internal.invokers.TestInvoker.invokeMethod(TestInvoker.java:664)\n org.testng.internal.invokers.TestInvoker.invokeTestMethod(TestInvoker.java:228)\n org.testng.internal.invokers.MethodRunner.runInSequence(MethodRunner.java:63)\n org.testng.internal.invokers.TestInvoker$MethodInvocationAgent.invoke(TestInvoker.java:961)\n org.testng.internal.invokers.TestInvoker.invokeTestMethods(TestInvoker.java:201)\n org.testng.internal.invokers.TestMethodWorker.invokeTestMethods(TestMethodWorker.java:148)\n org.testng.internal.invokers.TestMethodWorker.run(TestMethodWorker.java:128)\n java.base/java.util.ArrayList.forEach(ArrayList.java:1596)\n org.testng.TestRunner.privateRun(TestRunner.java:819)\n org.testng.TestRunner.run(TestRunner.java:619)\n org.testng.SuiteRunner.runTest(SuiteRunner.java:443)\n org.testng.SuiteRunner.runSequentially(SuiteRunner.java:437)\n org.testng.SuiteRunner.privateRun(SuiteRunner.java:397)\n org.testng.SuiteRunner.run(SuiteRunner.java:336)\n org.testng.SuiteRunnerWorker.runSuite(SuiteRunnerWorker.java:52)\n org.testng.SuiteRunnerWorker.run(SuiteRunnerWorker.java:95)\n org.testng.TestNG.runSuitesSequentially(TestNG.java:1301)\n org.testng.TestNG.runSuitesLocally(TestNG.java:1228)\n org.testng.TestNG.runSuites(TestNG.java:1134)\n org.testng.TestNG.run(TestNG.java:1101)\n org.apache.maven.surefire.testng.TestNGExecutor.run(TestNGExecutor.java:155)\n org.apache.maven.surefire.testng.TestNGDirectoryTestSuite.executeMulti(TestNGDirectoryTestSuite.java:169)\n org.apache.maven.surefire.testng.TestNGDirectoryTestSuite.execute(TestNGDirectoryTestSuite.java:88)\n org.apache.maven.surefire.testng.TestNGProvider.invoke(TestNGProvider.java:137)\n org.apache.maven.surefire.booter.ForkedBooter.runSuitesInProcess(ForkedBooter.java:385)\n org.apache.maven.surefire.booter.ForkedBooter.execute(ForkedBooter.java:162)\n org.apache.maven.surefire.booter.ForkedBooter.run(ForkedBooter.java:507)\n org.apache.maven.surefire.booter.ForkedBooter.main(ForkedBooter.java:495)],\n\tVerify that start date is before end date. expected [true] but found [false]\nStack Trace :[org.testng.Assert.fail(Assert.java:111)\n org.testng.Assert.failNotEquals(Assert.java:1578)\n org.testng.Assert.assertTrue(Assert.java:57)\n org.testng.asserts.Assertion$1.doAssert(Assertion.java:86)\n com.pinger.automation.utils.SoftVerifier.doAssert(SoftVerifier.java:20)\n org.testng.asserts.Assertion.assertTrue(Assertion.java:82)\n com.pinger.automation.core.clients.PingerClient.processValidScenario(PingerClient.java:57)\n functional.TC015_VerifyElevenEndpointsProcessingTest.test(TC015_VerifyElevenEndpointsProcessingTest.java:37)\n java.base/jdk.internal.reflect.DirectMethodHandleAccessor.invoke(DirectMethodHandleAccessor.java:103)\n java.base/java.lang.reflect.Method.invoke(Method.java:580)\n org.testng.internal.invokers.MethodInvocationHelper.invokeMethod(MethodInvocationHelper.java:139)\n org.testng.internal.invokers.TestInvoker.invokeMethod(TestInvoker.java:664)\n org.testng.internal.invokers.TestInvoker.invokeTestMethod(TestInvoker.java:228)\n org.testng.internal.invokers.MethodRunner.runInSequence(MethodRunner.java:63)\n org.testng.internal.invokers.TestInvoker$MethodInvocationAgent.invoke(TestInvoker.java:961)\n org.testng.internal.invokers.TestInvoker.invokeTestMethods(TestInvoker.java:201)\n org.testng.internal.invokers.TestMethodWorker.invokeTestMethods(TestMethodWorker.java:148)\n org.testng.internal.invokers.TestMethodWorker.run(TestMethodWorker.java:128)\n java.base/java.util.ArrayList.forEach(ArrayList.java:1596)\n org.testng.TestRunner.privateRun(TestRunner.java:819)\n org.testng.TestRunner.run(TestRunner.java:619)\n org.testng.SuiteRunner.runTest(SuiteRunner.java:443)\n org.testng.SuiteRunner.runSequentially(SuiteRunner.java:437)\n org.testng.SuiteRunner.privateRun(SuiteRunner.java:397)\n org.testng.SuiteRunner.run(SuiteRunner.java:336)\n org.testng.SuiteRunnerWorker.runSuite(SuiteRunnerWorker.java:52)\n org.testng.SuiteRunnerWorker.run(SuiteRunnerWorker.java:95)\n org.testng.TestNG.runSuitesSequentially(TestNG.java:1301)\n org.testng.TestNG.runSuitesLocally(TestNG.java:1228)\n org.testng.TestNG.runSuites(TestNG.java:1134)\n org.testng.TestNG.run(TestNG.java:1101)\n org.apache.maven.surefire.testng.TestNGExecutor.run(TestNGExecutor.java:155)\n org.apache.maven.surefire.testng.TestNGDirectoryTestSuite.executeMulti(TestNGDirectoryTestSuite.java:169)\n org.apache.maven.surefire.testng.TestNGDirectoryTestSuite.execute(TestNGDirectoryTestSuite.java:88)\n org.apache.maven.surefire.testng.TestNGProvider.invoke(TestNGProvider.java:137)\n org.apache.maven.surefire.booter.ForkedBooter.runSuitesInProcess(ForkedBooter.java:385)\n org.apache.maven.surefire.booter.ForkedBooter.execute(ForkedBooter.java:162)\n org.apache.maven.surefire.booter.ForkedBooter.run(ForkedBooter.java:507)\n org.apache.maven.surefire.booter.ForkedBooter.main(ForkedBooter.java:495)],\n\tVerity end date time. expected [2025-02-10T23:46:36Z] but found [2025-02-10T23:51:36Z]\nStack Trace :[org.testng.Assert.fail(Assert.java:111)\n org.testng.Assert.failNotEquals(Assert.java:1578)\n org.testng.Assert.assertEqualsImpl(Assert.java:150)\n org.testng.Assert.assertEquals(Assert.java:132)\n org.testng.asserts.Assertion$8.doAssert(Assertion.java:156)\n com.pinger.automation.utils.SoftVerifier.doAssert(SoftVerifier.java:20)\n org.testng.asserts.Assertion.assertEquals(Assertion.java:152)\n com.pinger.automation.core.clients.PingerClient.processValidScenario(PingerClient.java:59)\n functional.TC015_VerifyElevenEndpointsProcessingTest.test(TC015_VerifyElevenEndpointsProcessingTest.java:37)\n java.base/jdk.internal.reflect.DirectMethodHandleAccessor.invoke(DirectMethodHandleAccessor.java:103)\n java.base/java.lang.reflect.Method.invoke(Method.java:580)\n org.testng.internal.invokers.MethodInvocationHelper.invokeMethod(MethodInvocationHelper.java:139)\n org.testng.internal.invokers.TestInvoker.invokeMethod(TestInvoker.java:664)\n org.testng.internal.invokers.TestInvoker.invokeTestMethod(TestInvoker.java:228)\n org.testng.internal.invokers.MethodRunner.runInSequence(MethodRunner.java:63)\n org.testng.internal.invokers.TestInvoker$MethodInvocationAgent.invoke(TestInvoker.java:961)\n org.testng.internal.invokers.TestInvoker.invokeTestMethods(TestInvoker.java:201)\n org.testng.internal.invokers.TestMethodWorker.invokeTestMethods(TestMethodWorker.java:148)\n org.testng.internal.invokers.TestMethodWorker.run(TestMethodWorker.java:128)\n java.base/java.util.ArrayList.forEach(ArrayList.java:1596)\n org.testng.TestRunner.privateRun(TestRunner.java:819)\n org.testng.TestRunner.run(TestRunner.java:619)\n org.testng.SuiteRunner.runTest(SuiteRunner.java:443)\n org.testng.SuiteRunner.runSequentially(SuiteRunner.java:437)\n org.testng.SuiteRunner.privateRun(SuiteRunner.java:397)\n org.testng.SuiteRunner.run(SuiteRunner.java:336)\n org.testng.SuiteRunnerWorker.runSuite(SuiteRunnerWorker.java:52)\n org.testng.SuiteRunnerWorker.run(SuiteRunnerWorker.java:95)\n org.testng.TestNG.runSuitesSequentially(TestNG.java:1301)\n org.testng.TestNG.runSuitesLocally(TestNG.java:1228)\n org.testng.TestNG.runSuites(TestNG.java:1134)\n org.testng.TestNG.run(TestNG.java:1101)\n org.apache.maven.surefire.testng.TestNGExecutor.run(TestNGExecutor.java:155)\n org.apache.maven.surefire.testng.TestNGDirectoryTestSuite.executeMulti(TestNGDirectoryTestSuite.java:169)\n org.apache.maven.surefire.testng.TestNGDirectoryTestSuite.execute(TestNGDirectoryTestSuite.java:88)\n org.apache.maven.surefire.testng.TestNGProvider.invoke(TestNGProvider.java:137)\n org.apache.maven.surefire.booter.ForkedBooter.runSuitesInProcess(ForkedBooter.java:385)\n org.apache.maven.surefire.booter.ForkedBooter.execute(ForkedBooter.java:162)\n org.apache.maven.surefire.booter.ForkedBooter.run(ForkedBooter.java:507)\n org.apache.maven.surefire.booter.ForkedBooter.main(ForkedBooter.java:495)],\n\tVerity min successful pings. expected [2] but found [1]\nStack Trace :[org.testng.Assert.fail(Assert.java:111)\n org.testng.Assert.failNotEquals(Assert.java:1578)\n org.testng.Assert.assertEqualsImpl(Assert.java:150)\n org.testng.Assert.assertEquals(Assert.java:132)\n org.testng.Assert.assertEquals(Assert.java:1419)\n org.testng.Assert.assertEquals(Assert.java:1383)\n org.testng.asserts.Assertion$26.doAssert(Assertion.java:338)\n com.pinger.automation.utils.SoftVerifier.doAssert(SoftVerifier.java:20)\n org.testng.asserts.Assertion.assertEquals(Assertion.java:334)\n com.pinger.automation.core.clients.PingerClient.processValidScenario(PingerClient.java:62)\n functional.TC015_VerifyElevenEndpointsProcessingTest.test(TC015_VerifyElevenEndpointsProcessingTest.java:37)\n java.base/jdk.internal.reflect.DirectMethodHandleAccessor.invoke(DirectMethodHandleAccessor.java:103)\n java.base/java.lang.reflect.Method.invoke(Method.java:580)\n org.testng.internal.invokers.MethodInvocationHelper.invokeMethod(MethodInvocationHelper.java:139)\n org.testng.internal.invokers.TestInvoker.invokeMethod(TestInvoker.java:664)\n org.testng.internal.invokers.TestInvoker.invokeTestMethod(TestInvoker.java:228)\n org.testng.internal.invokers.MethodRunner.runInSequence(MethodRunner.java:63)\n org.testng.internal.invokers.TestInvoker$MethodInvocationAgent.invoke(TestInvoker.java:961)\n org.testng.internal.invokers.TestInvoker.invokeTestMethods(TestInvoker.java:201)\n org.testng.internal.invokers.TestMethodWorker.invokeTestMethods(TestMethodWorker.java:148)\n org.testng.internal.invokers.TestMethodWorker.run(TestMethodWorker.java:128)\n java.base/java.util.ArrayList.forEach(ArrayList.java:1596)\n org.testng.TestRunner.privateRun(TestRunner.java:819)\n org.testng.TestRunner.run(TestRunner.java:619)\n org.testng.SuiteRunner.runTest(SuiteRunner.java:443)\n org.testng.SuiteRunner.runSequentially(SuiteRunner.java:437)\n org.testng.SuiteRunner.privateRun(SuiteRunner.java:397)\n org.testng.SuiteRunner.run(SuiteRunner.java:336)\n org.testng.SuiteRunnerWorker.runSuite(SuiteRunnerWorker.java:52)\n org.testng.SuiteRunnerWorker.run(SuiteRunnerWorker.java:95)\n org.testng.TestNG.runSuitesSequentially(TestNG.java:1301)\n org.testng.TestNG.runSuitesLocally(TestNG.java:1228)\n org.testng.TestNG.runSuites(TestNG.java:1134)\n org.testng.TestNG.run(TestNG.java:1101)\n org.apache.maven.surefire.testng.TestNGExecutor.run(TestNGExecutor.java:155)\n org.apache.maven.surefire.testng.TestNGDirectoryTestSuite.executeMulti(TestNGDirectoryTestSuite.java:169)\n org.apache.maven.surefire.testng.TestNGDirectoryTestSuite.execute(TestNGDirectoryTestSuite.java:88)\n org.apache.maven.surefire.testng.TestNGProvider.invoke(TestNGProvider.java:137)\n org.apache.maven.surefire.booter.ForkedBooter.runSuitesInProcess(ForkedBooter.java:385)\n org.apache.maven.surefire.booter.ForkedBooter.execute(ForkedBooter.java:162)\n org.apache.maven.surefire.booter.ForkedBooter.run(ForkedBooter.java:507)\n org.apache.maven.surefire.booter.ForkedBooter.main(ForkedBooter.java:495)],\n\tVerify that report contains all not ignored endpoints. expected [true] but found [false]\nStack Trace :[org.testng.Assert.fail(Assert.java:111)\n org.testng.Assert.failNotEquals(Assert.java:1578)\n org.testng.Assert.assertTrue(Assert.java:57)\n org.testng.asserts.Assertion$1.doAssert(Assertion.java:86)\n com.pinger.automation.utils.SoftVerifier.doAssert(SoftVerifier.java:20)\n org.testng.asserts.Assertion.assertTrue(Assertion.java:82)\n com.pinger.automation.core.clients.PingerClient.processValidScenario(PingerClient.java:69)\n functional.TC015_VerifyElevenEndpointsProcessingTest.test(TC015_VerifyElevenEndpointsProcessingTest.java:37)\n java.base/jdk.internal.reflect.DirectMethodHandleAccessor.invoke(DirectMethodHandleAccessor.java:103)\n java.base/java.lang.reflect.Method.invoke(Method.java:580)\n org.testng.internal.invokers.MethodInvocationHelper.invokeMethod(MethodInvocationHelper.java:139)\n org.testng.internal.invokers.TestInvoker.invokeMethod(TestInvoker.java:664)\n org.testng.internal.invokers.TestInvoker.invokeTestMethod(TestInvoker.java:228)\n org.testng.internal.invokers.MethodRunner.runInSequence(MethodRunner.java:63)\n org.testng.internal.invokers.TestInvoker$MethodInvocationAgent.invoke(TestInvoker.java:961)\n org.testng.internal.invokers.TestInvoker.invokeTestMethods(TestInvoker.java:201)\n org.testng.internal.invokers.TestMethodWorker.invokeTestMethods(TestMethodWorker.java:148)\n org.testng.internal.invokers.TestMethodWorker.run(TestMethodWorker.java:128)\n java.base/java.util.ArrayList.forEach(ArrayList.java:1596)\n org.testng.TestRunner.privateRun(TestRunner.java:819)\n org.testng.TestRunner.run(TestRunner.java:619)\n org.testng.SuiteRunner.runTest(SuiteRunner.java:443)\n org.testng.SuiteRunner.runSequentially(SuiteRunner.java:437)\n org.testng.SuiteRunner.privateRun(SuiteRunner.java:397)\n org.testng.SuiteRunner.run(SuiteRunner.java:336)\n org.testng.SuiteRunnerWorker.runSuite(SuiteRunnerWorker.java:52)\n org.testng.SuiteRunnerWorker.run(SuiteRunnerWorker.java:95)\n org.testng.TestNG.runSuitesSequentially(TestNG.java:1301)\n org.testng.TestNG.runSuitesLocally(TestNG.java:1228)\n org.testng.TestNG.runSuites(TestNG.java:1134)\n org.testng.TestNG.run(TestNG.java:1101)\n org.apache.maven.surefire.testng.TestNGExecutor.run(TestNGExecutor.java:155)\n org.apache.maven.surefire.testng.TestNGDirectoryTestSuite.executeMulti(TestNGDirectoryTestSuite.java:169)\n org.apache.maven.surefire.testng.TestNGDirectoryTestSuite.execute(TestNGDirectoryTestSuite.java:88)\n org.apache.maven.surefire.testng.TestNGProvider.invoke(TestNGProvider.java:137)\n org.apache.maven.surefire.booter.ForkedBooter.runSuitesInProcess(ForkedBooter.java:385)\n org.apache.maven.surefire.booter.ForkedBooter.execute(ForkedBooter.java:162)\n org.apache.maven.surefire.booter.ForkedBooter.run(ForkedBooter.java:507)\n org.apache.maven.surefire.booter.ForkedBooter.main(ForkedBooter.java:495)]\n\tat com.pinger.automation.utils.SoftVerifier.verifyAll(SoftVerifier.java:49)\n\tat com.pinger.automation.core.clients.PingerClient.processValidScenario(PingerClient.java:74)\n\tat functional.TC015_VerifyElevenEndpointsProcessingTest.test(TC015_VerifyElevenEndpointsProcessingTest.java:37)\n\tat java.base/jdk.internal.reflect.DirectMethodHandleAccessor.invoke(DirectMethodHandleAccessor.java:103)\n\tat java.base/java.lang.reflect.Method.invoke(Method.java:580)\n\tat org.testng.internal.invokers.MethodInvocationHelper.invokeMethod(MethodInvocationHelper.java:139)\n\tat org.testng.internal.invokers.TestInvoker.invokeMethod(TestInvoker.java:664)\n\tat org.testng.internal.invokers.TestInvoker.invokeTestMethod(TestInvoker.java:228)\n\tat org.testng.internal.invokers.MethodRunner.runInSequence(MethodRunner.java:63)\n\tat org.testng.internal.invokers.TestInvoker$MethodInvocationAgent.invoke(TestInvoker.java:961)\n\tat org.testng.internal.invokers.TestInvoker.invokeTestMethods(TestInvoker.java:201)\n\tat org.testng.internal.invokers.TestMethodWorker.invokeTestMethods(TestMethodWorker.java:148)\n\tat org.testng.internal.invokers.TestMethodWorker.run(TestMethodWorker.java:128)\n\tat java.base/java.util.ArrayList.forEach(ArrayList.java:1596)\n\tat org.testng.TestRunner.privateRun(TestRunner.java:819)\n\tat org.testng.TestRunner.run(TestRunner.java:619)\n\tat org.testng.SuiteRunner.runTest(SuiteRunner.java:443)\n\tat org.testng.SuiteRunner.runSequentially(SuiteRunner.java:437)\n\tat org.testng.SuiteRunner.privateRun(SuiteRunner.java:397)\n\tat org.testng.SuiteRunner.run(SuiteRunner.java:336)\n\tat org.testng.SuiteRunnerWorker.runSuite(SuiteRunnerWorker.java:52)\n\tat org.testng.SuiteRunnerWorker.run(SuiteRunnerWorker.java:95)\n\tat org.testng.TestNG.runSuitesSequentially(TestNG.java:1301)\n\tat org.testng.TestNG.runSuitesLocally(TestNG.java:1228)\n\tat org.testng.TestNG.runSuites(TestNG.java:1134)\n\tat org.testng.TestNG.run(TestNG.java:1101)\n\tat org.apache.maven.surefire.testng.TestNGExecutor.run(TestNGExecutor.java:155)\n\tat org.apache.maven.surefire.testng.TestNGDirectoryTestSuite.executeMulti(TestNGDirectoryTestSuite.java:169)\n\tat org.apache.maven.surefire.testng.TestNGDirectoryTestSuite.execute(TestNGDirectoryTestSuite.java:88)\n\tat org.apache.maven.surefire.testng.TestNGProvider.invoke(TestNGProvider.java:137)\n\tat org.apache.maven.surefire.booter.ForkedBooter.runSuitesInProcess(ForkedBooter.java:385)\n\tat org.apache.maven.surefire.booter.ForkedBooter.execute(ForkedBooter.java:162)\n\tat org.apache.maven.surefire.booter.ForkedBooter.run(ForkedBooter.java:507)\n\tat org.apache.maven.surefire.booter.ForkedBooter.main(ForkedBooter.java:495)\n","steps":[{"name":"Running ./pinger application with TC015_VerifyElevenEndpointsProcessingTestConfig.json TC015_VerifyElevenEndpointsProcessingTestReport.json parameters.","time":{"start":1739231196582,"stop":1739231196582,"duration":0},"status":"passed","steps":[],"attachments":[],"parameters":[],"shouldDisplayMessage":false,"stepsCount":0,"attachmentsCount":0,"hasContent":false,"attachmentStep":false},{"name":"Assertion Passed: Verity start date time.","time":{"start":1739231496666,"stop":1739231496667,"duration":1},"status":"passed","steps":[],"attachments":[],"parameters":[],"shouldDisplayMessage":false,"stepsCount":0,"attachmentsCount":0,"hasContent":false,"attachmentStep":false},{"name":"Assertion Passed: Verity max successful pings is less or equal to successful ones.","time":{"start":1739231496667,"stop":1739231496667,"duration":0},"status":"passed","steps":[],"attachments":[],"parameters":[],"shouldDisplayMessage":false,"stepsCount":0,"attachmentsCount":0,"hasContent":false,"attachmentStep":false},{"name":"Assertion Passed: Verify that report does not contain duplicates.","time":{"start":1739231496667,"stop":1739231496667,"duration":0},"status":"passed","steps":[],"attachments":[],"parameters":[],"shouldDisplayMessage":false,"stepsCount":0,"attachmentsCount":0,"hasContent":false,"attachmentStep":false},{"name":"Assertion Passed: Assert endpoint data.","time":{"start":1739231496667,"stop":1739231496667,"duration":0},"status":"passed","steps":[],"attachments":[],"parameters":[],"shouldDisplayMessage":false,"stepsCount":0,"attachmentsCount":0,"hasContent":false,"attachmentStep":false},{"name":"Assertion Passed: Assert actual total vs maximum successful pings.","time":{"start":1739231496667,"stop":1739231496667,"duration":0},"status":"passed","steps":[],"attachments":[],"parameters":[],"shouldDisplayMessage":false,"stepsCount":0,"attachmentsCount":0,"hasContent":false,"attachmentStep":false},{"name":"Assertion Passed: Successful pings count is >= maximum pings.","time":{"start":1739231496667,"stop":1739231496667,"duration":0},"status":"passed","steps":[],"attachments":[],"parameters":[],"shouldDisplayMessage":false,"stepsCount":0,"attachmentsCount":0,"hasContent":false,"attachmentStep":false},{"name":"Assertion Passed: Assert endpoint data.","time":{"start":1739231496668,"stop":1739231496668,"duration":0},"status":"passed","steps":[],"attachments":[],"parameters":[],"shouldDisplayMessage":false,"stepsCount":0,"attachmentsCount":0,"hasContent":false,"attachmentStep":false},{"name":"Assertion Passed: Assert actual total vs maximum successful pings.","time":{"start":1739231496668,"stop":1739231496668,"duration":0},"status":"passed","steps":[],"attachments":[],"parameters":[],"shouldDisplayMessage":false,"stepsCount":0,"attachmentsCount":0,"hasContent":false,"attachmentStep":false},{"name":"Assertion Passed: Successful pings count is >= maximum pings.","time":{"start":1739231496668,"stop":1739231496668,"duration":0},"status":"passed","steps":[],"attachments":[],"parameters":[],"shouldDisplayMessage":false,"stepsCount":0,"attachmentsCount":0,"hasContent":false,"attachmentStep":false},{"name":"Assertion Passed: Assert endpoint data.","time":{"start":1739231496668,"stop":1739231496668,"duration":0},"status":"passed","steps":[],"attachments":[],"parameters":[],"shouldDisplayMessage":false,"stepsCount":0,"attachmentsCount":0,"hasContent":false,"attachmentStep":false},{"name":"Assertion Passed: Assert actual total vs maximum successful pings.","time":{"start":1739231496668,"stop":1739231496668,"duration":0},"status":"passed","steps":[],"attachments":[],"parameters":[],"shouldDisplayMessage":false,"stepsCount":0,"attachmentsCount":0,"hasContent":false,"attachmentStep":false},{"name":"Assertion Passed: Successful pings count is >= maximum pings.","time":{"start":1739231496668,"stop":1739231496668,"duration":0},"status":"passed","steps":[],"attachments":[],"parameters":[],"shouldDisplayMessage":false,"stepsCount":0,"attachmentsCount":0,"hasContent":false,"attachmentStep":false},{"name":"Assertion Passed: Assert endpoint data.","time":{"start":1739231496669,"stop":1739231496669,"duration":0},"status":"passed","steps":[],"attachments":[],"parameters":[],"shouldDisplayMessage":false,"stepsCount":0,"attachmentsCount":0,"hasContent":false,"attachmentStep":false},{"name":"Assertion Passed: Assert actual total vs maximum successful pings.","time":{"start":1739231496669,"stop":1739231496669,"duration":0},"status":"passed","steps":[],"attachments":[],"parameters":[],"shouldDisplayMessage":false,"stepsCount":0,"attachmentsCount":0,"hasContent":false,"attachmentStep":false},{"name":"Assertion Passed: Successful pings count is >= maximum pings.","time":{"start":1739231496669,"stop":1739231496669,"duration":0},"status":"passed","steps":[],"attachments":[],"parameters":[],"shouldDisplayMessage":false,"stepsCount":0,"attachmentsCount":0,"hasContent":false,"attachmentStep":false},{"name":"Assertion Passed: Assert endpoint data.","time":{"start":1739231496669,"stop":1739231496669,"duration":0},"status":"passed","steps":[],"attachments":[],"parameters":[],"shouldDisplayMessage":false,"stepsCount":0,"attachmentsCount":0,"hasContent":false,"attachmentStep":false},{"name":"Assertion Passed: Assert actual total vs maximum successful pings.","time":{"start":1739231496669,"stop":1739231496669,"duration":0},"status":"passed","steps":[],"attachments":[],"parameters":[],"shouldDisplayMessage":false,"stepsCount":0,"attachmentsCount":0,"hasContent":false,"attachmentStep":false},{"name":"Assertion Passed: Successful pings count is >= maximum pings.","time":{"start":1739231496669,"stop":1739231496669,"duration":0},"status":"passed","steps":[],"attachments":[],"parameters":[],"shouldDisplayMessage":false,"stepsCount":0,"attachmentsCount":0,"hasContent":false,"attachmentStep":false},{"name":"Assertion Passed: Assert endpoint data.","time":{"start":1739231496670,"stop":1739231496670,"duration":0},"status":"passed","steps":[],"attachments":[],"parameters":[],"shouldDisplayMessage":false,"stepsCount":0,"attachmentsCount":0,"hasContent":false,"attachmentStep":false},{"name":"Assertion Passed: Assert actual total vs maximum successful pings.","time":{"start":1739231496670,"stop":1739231496670,"duration":0},"status":"passed","steps":[],"attachments":[],"parameters":[],"shouldDisplayMessage":false,"stepsCount":0,"attachmentsCount":0,"hasContent":false,"attachmentStep":false},{"name":"Assertion Passed: Successful pings count is >= maximum pings.","time":{"start":1739231496670,"stop":1739231496670,"duration":0},"status":"passed","steps":[],"attachments":[],"parameters":[],"shouldDisplayMessage":false,"stepsCount":0,"attachmentsCount":0,"hasContent":false,"attachmentStep":false},{"name":"Assertion Passed: Assert endpoint data.","time":{"start":1739231496670,"stop":1739231496670,"duration":0},"status":"passed","steps":[],"attachments":[],"parameters":[],"shouldDisplayMessage":false,"stepsCount":0,"attachmentsCount":0,"hasContent":false,"attachmentStep":false},{"name":"Assertion Passed: Assert actual total vs maximum successful pings.","time":{"start":1739231496670,"stop":1739231496670,"duration":0},"status":"passed","steps":[],"attachments":[],"parameters":[],"shouldDisplayMessage":false,"stepsCount":0,"attachmentsCount":0,"hasContent":false,"attachmentStep":false},{"name":"Assertion Passed: Successful pings count is >= maximum pings.","time":{"start":1739231496670,"stop":1739231496670,"duration":0},"status":"passed","steps":[],"attachments":[],"parameters":[],"shouldDisplayMessage":false,"stepsCount":0,"attachmentsCount":0,"hasContent":false,"attachmentStep":false},{"name":"Assertion Passed: Assert endpoint data.","time":{"start":1739231496671,"stop":1739231496671,"duration":0},"status":"passed","steps":[],"attachments":[],"parameters":[],"shouldDisplayMessage":false,"stepsCount":0,"attachmentsCount":0,"hasContent":false,"attachmentStep":false},{"name":"Assertion Passed: Assert actual total vs maximum successful pings.","time":{"start":1739231496671,"stop":1739231496671,"duration":0},"status":"passed","steps":[],"attachments":[],"parameters":[],"shouldDisplayMessage":false,"stepsCount":0,"attachmentsCount":0,"hasContent":false,"attachmentStep":false},{"name":"Assertion Passed: Successful pings count is >= maximum pings.","time":{"start":1739231496671,"stop":1739231496671,"duration":0},"status":"passed","steps":[],"attachments":[],"parameters":[],"shouldDisplayMessage":false,"stepsCount":0,"attachmentsCount":0,"hasContent":false,"attachmentStep":false},{"name":"Assertion Passed: Assert endpoint data.","time":{"start":1739231496671,"stop":1739231496671,"duration":0},"status":"passed","steps":[],"attachments":[],"parameters":[],"shouldDisplayMessage":false,"stepsCount":0,"attachmentsCount":0,"hasContent":false,"attachmentStep":false},{"name":"Assertion Passed: Assert actual total vs maximum successful pings.","time":{"start":1739231496671,"stop":1739231496671,"duration":0},"status":"passed","steps":[],"attachments":[],"parameters":[],"shouldDisplayMessage":false,"stepsCount":0,"attachmentsCount":0,"hasContent":false,"attachmentStep":false},{"name":"Assertion Passed: Successful pings count is >= maximum pings.","time":{"start":1739231496671,"stop":1739231496671,"duration":0},"status":"passed","steps":[],"attachments":[],"parameters":[],"shouldDisplayMessage":false,"stepsCount":0,"attachmentsCount":0,"hasContent":false,"attachmentStep":false},{"name":"Assertion Passed: Assert endpoint data.","time":{"start":1739231496671,"stop":1739231496671,"duration":0},"status":"passed","steps":[],"attachments":[],"parameters":[],"shouldDisplayMessage":false,"stepsCount":0,"attachmentsCount":0,"hasContent":false,"attachmentStep":false},{"name":"Assertion Passed: Assert actual total vs maximum successful pings.","time":{"start":1739231496671,"stop":1739231496671,"duration":0},"status":"passed","steps":[],"attachments":[],"parameters":[],"shouldDisplayMessage":false,"stepsCount":0,"attachmentsCount":0,"hasContent":false,"attachmentStep":false},{"name":"Assertion Passed: Successful pings count is >= maximum pings.","time":{"start":1739231496671,"stop":1739231496671,"duration":0},"status":"passed","steps":[],"attachments":[],"parameters":[],"shouldDisplayMessage":false,"stepsCount":0,"attachmentsCount":0,"hasContent":false,"attachmentStep":false}],"attachments":[],"parameters":[],"shouldDisplayMessage":true,"stepsCount":34,"attachmentsCount":0,"hasContent":true,"attachmentStep":false},"afterStages":[],"labels":[{"name":"package","value":"functional.TC015_VerifyElevenEndpointsProcessingTest"},{"name":"testClass","value":"functional.TC015_VerifyElevenEndpointsProcessingTest"},{"name":"testMethod","value":"test"},{"name":"parentSuite","value":"Surefire suite"},{"name":"suite","value":"Surefire test"},{"name":"subSuite","value":"functional.TC015_VerifyElevenEndpointsProcessingTest"},{"name":"host","value":"fv-az1373-3"},{"name":"thread","value":"4280@fv-az1373-3.main(1)"},{"name":"framework","value":"testng"},{"name":"language","value":"java"},{"name":"resultFormat","value":"allure2"}],"parameters":[],"links":[],"hidden":false,"retry":false,"extra":{"severity":"normal","retries":[],"categories":[{"name":"Product defects","matchedStatuses":[],"flaky":false}],"history":{"statistic":{"failed":3,"broken":0,"skipped":0,"passed":0,"unknown":0,"total":3},"items":[{"uid":"52971581837fec63","reportUrl":"https://ZeroTull.github.io/ns_sqa2/4//#testresult/52971581837fec63","status":"failed","statusDetails":"The following asserts failed:\n\tVerify that start and end time differs. did not expect [2025-02-10T22:36:09.988438354Z] but found [2025-02-10T22:36:09.988438354Z]\nStack Trace :[org.testng.Assert.fail(Assert.java:111)\n org.testng.Assert.failEquals(Assert.java:1582)\n org.testng.Assert.assertNotEqualsImpl(Assert.java:157)\n org.testng.Assert.assertNotEquals(Assert.java:2201)\n org.testng.asserts.Assertion$47.doAssert(Assertion.java:550)\n com.pinger.automation.utils.SoftVerifier.doAssert(SoftVerifier.java:20)\n org.testng.asserts.Assertion.assertNotEquals(Assertion.java:546)\n com.pinger.automation.core.clients.PingerClient.processValidScenario(PingerClient.java:56)\n functional.TC015_VerifyElevenEndpointsProcessingTest.test(TC015_VerifyElevenEndpointsProcessingTest.java:37)\n java.base/jdk.internal.reflect.DirectMethodHandleAccessor.invoke(DirectMethodHandleAccessor.java:103)\n java.base/java.lang.reflect.Method.invoke(Method.java:580)\n org.testng.internal.invokers.MethodInvocationHelper.invokeMethod(MethodInvocationHelper.java:139)\n org.testng.internal.invokers.TestInvoker.invokeMethod(TestInvoker.java:664)\n org.testng.internal.invokers.TestInvoker.invokeTestMethod(TestInvoker.java:228)\n org.testng.internal.invokers.MethodRunner.runInSequence(MethodRunner.java:63)\n org.testng.internal.invokers.TestInvoker$MethodInvocationAgent.invoke(TestInvoker.java:961)\n org.testng.internal.invokers.TestInvoker.invokeTestMethods(TestInvoker.java:201)\n org.testng.internal.invokers.TestMethodWorker.invokeTestMethods(TestMethodWorker.java:148)\n org.testng.internal.invokers.TestMethodWorker.run(TestMethodWorker.java:128)\n java.base/java.util.ArrayList.forEach(ArrayList.java:1596)\n org.testng.TestRunner.privateRun(TestRunner.java:819)\n org.testng.TestRunner.run(TestRunner.java:619)\n org.testng.SuiteRunner.runTest(SuiteRunner.java:443)\n org.testng.SuiteRunner.runSequentially(SuiteRunner.java:437)\n org.testng.SuiteRunner.privateRun(SuiteRunner.java:397)\n org.testng.SuiteRunner.run(SuiteRunner.java:336)\n org.testng.SuiteRunnerWorker.runSuite(SuiteRunnerWorker.java:52)\n org.testng.SuiteRunnerWorker.run(SuiteRunnerWorker.java:95)\n org.testng.TestNG.runSuitesSequentially(TestNG.java:1301)\n org.testng.TestNG.runSuitesLocally(TestNG.java:1228)\n org.testng.TestNG.runSuites(TestNG.java:1134)\n org.testng.TestNG.run(TestNG.java:1101)\n org.apache.maven.surefire.testng.TestNGExecutor.run(TestNGExecutor.java:155)\n org.apache.maven.surefire.testng.TestNGDirectoryTestSuite.executeMulti(TestNGDirectoryTestSuite.java:169)\n org.apache.maven.surefire.testng.TestNGDirectoryTestSuite.execute(TestNGDirectoryTestSuite.java:88)\n org.apache.maven.surefire.testng.TestNGProvider.invoke(TestNGProvider.java:137)\n org.apache.maven.surefire.booter.ForkedBooter.runSuitesInProcess(ForkedBooter.java:385)\n org.apache.maven.surefire.booter.ForkedBooter.execute(ForkedBooter.java:162)\n org.apache.maven.surefire.booter.ForkedBooter.run(ForkedBooter.java:507)\n org.apache.maven.surefire.booter.ForkedBooter.main(ForkedBooter.java:495)],\n\tVerify that start date is before end date. expected [true] but found [false]\nStack Trace :[org.testng.Assert.fail(Assert.java:111)\n org.testng.Assert.failNotEquals(Assert.java:1578)\n org.testng.Assert.assertTrue(Assert.java:57)\n org.testng.asserts.Assertion$1.doAssert(Assertion.java:86)\n com.pinger.automation.utils.SoftVerifier.doAssert(SoftVerifier.java:20)\n org.testng.asserts.Assertion.assertTrue(Assertion.java:82)\n com.pinger.automation.core.clients.PingerClient.processValidScenario(PingerClient.java:57)\n functional.TC015_VerifyElevenEndpointsProcessingTest.test(TC015_VerifyElevenEndpointsProcessingTest.java:37)\n java.base/jdk.internal.reflect.DirectMethodHandleAccessor.invoke(DirectMethodHandleAccessor.java:103)\n java.base/java.lang.reflect.Method.invoke(Method.java:580)\n org.testng.internal.invokers.MethodInvocationHelper.invokeMethod(MethodInvocationHelper.java:139)\n org.testng.internal.invokers.TestInvoker.invokeMethod(TestInvoker.java:664)\n org.testng.internal.invokers.TestInvoker.invokeTestMethod(TestInvoker.java:228)\n org.testng.internal.invokers.MethodRunner.runInSequence(MethodRunner.java:63)\n org.testng.internal.invokers.TestInvoker$MethodInvocationAgent.invoke(TestInvoker.java:961)\n org.testng.internal.invokers.TestInvoker.invokeTestMethods(TestInvoker.java:201)\n org.testng.internal.invokers.TestMethodWorker.invokeTestMethods(TestMethodWorker.java:148)\n org.testng.internal.invokers.TestMethodWorker.run(TestMethodWorker.java:128)\n java.base/java.util.ArrayList.forEach(ArrayList.java:1596)\n org.testng.TestRunner.privateRun(TestRunner.java:819)\n org.testng.TestRunner.run(TestRunner.java:619)\n org.testng.SuiteRunner.runTest(SuiteRunner.java:443)\n org.testng.SuiteRunner.runSequentially(SuiteRunner.java:437)\n org.testng.SuiteRunner.privateRun(SuiteRunner.java:397)\n org.testng.SuiteRunner.run(SuiteRunner.java:336)\n org.testng.SuiteRunnerWorker.runSuite(SuiteRunnerWorker.java:52)\n org.testng.SuiteRunnerWorker.run(SuiteRunnerWorker.java:95)\n org.testng.TestNG.runSuitesSequentially(TestNG.java:1301)\n org.testng.TestNG.runSuitesLocally(TestNG.java:1228)\n org.testng.TestNG.runSuites(TestNG.java:1134)\n org.testng.TestNG.run(TestNG.java:1101)\n org.apache.maven.surefire.testng.TestNGExecutor.run(TestNGExecutor.java:155)\n org.apache.maven.surefire.testng.TestNGDirectoryTestSuite.executeMulti(TestNGDirectoryTestSuite.java:169)\n org.apache.maven.surefire.testng.TestNGDirectoryTestSuite.execute(TestNGDirectoryTestSuite.java:88)\n org.apache.maven.surefire.testng.TestNGProvider.invoke(TestNGProvider.java:137)\n org.apache.maven.surefire.booter.ForkedBooter.runSuitesInProcess(ForkedBooter.java:385)\n org.apache.maven.surefire.booter.ForkedBooter.execute(ForkedBooter.java:162)\n org.apache.maven.surefire.booter.ForkedBooter.run(ForkedBooter.java:507)\n org.apache.maven.surefire.booter.ForkedBooter.main(ForkedBooter.java:495)],\n\tVerity end date time. expected [2025-02-10T22:36:09Z] but found [2025-02-10T22:41:10Z]\nStack Trace :[org.testng.Assert.fail(Assert.java:111)\n org.testng.Assert.failNotEquals(Assert.java:1578)\n org.testng.Assert.assertEqualsImpl(Assert.java:150)\n org.testng.Assert.assertEquals(Assert.java:132)\n org.testng.asserts.Assertion$8.doAssert(Assertion.java:156)\n com.pinger.automation.utils.SoftVerifier.doAssert(SoftVerifier.java:20)\n org.testng.asserts.Assertion.assertEquals(Assertion.java:152)\n com.pinger.automation.core.clients.PingerClient.processValidScenario(PingerClient.java:59)\n functional.TC015_VerifyElevenEndpointsProcessingTest.test(TC015_VerifyElevenEndpointsProcessingTest.java:37)\n java.base/jdk.internal.reflect.DirectMethodHandleAccessor.invoke(DirectMethodHandleAccessor.java:103)\n java.base/java.lang.reflect.Method.invoke(Method.java:580)\n org.testng.internal.invokers.MethodInvocationHelper.invokeMethod(MethodInvocationHelper.java:139)\n org.testng.internal.invokers.TestInvoker.invokeMethod(TestInvoker.java:664)\n org.testng.internal.invokers.TestInvoker.invokeTestMethod(TestInvoker.java:228)\n org.testng.internal.invokers.MethodRunner.runInSequence(MethodRunner.java:63)\n org.testng.internal.invokers.TestInvoker$MethodInvocationAgent.invoke(TestInvoker.java:961)\n org.testng.internal.invokers.TestInvoker.invokeTestMethods(TestInvoker.java:201)\n org.testng.internal.invokers.TestMethodWorker.invokeTestMethods(TestMethodWorker.java:148)\n org.testng.internal.invokers.TestMethodWorker.run(TestMethodWorker.java:128)\n java.base/java.util.ArrayList.forEach(ArrayList.java:1596)\n org.testng.TestRunner.privateRun(TestRunner.java:819)\n org.testng.TestRunner.run(TestRunner.java:619)\n org.testng.SuiteRunner.runTest(SuiteRunner.java:443)\n org.testng.SuiteRunner.runSequentially(SuiteRunner.java:437)\n org.testng.SuiteRunner.privateRun(SuiteRunner.java:397)\n org.testng.SuiteRunner.run(SuiteRunner.java:336)\n org.testng.SuiteRunnerWorker.runSuite(SuiteRunnerWorker.java:52)\n org.testng.SuiteRunnerWorker.run(SuiteRunnerWorker.java:95)\n org.testng.TestNG.runSuitesSequentially(TestNG.java:1301)\n org.testng.TestNG.runSuitesLocally(TestNG.java:1228)\n org.testng.TestNG.runSuites(TestNG.java:1134)\n org.testng.TestNG.run(TestNG.java:1101)\n org.apache.maven.surefire.testng.TestNGExecutor.run(TestNGExecutor.java:155)\n org.apache.maven.surefire.testng.TestNGDirectoryTestSuite.executeMulti(TestNGDirectoryTestSuite.java:169)\n org.apache.maven.surefire.testng.TestNGDirectoryTestSuite.execute(TestNGDirectoryTestSuite.java:88)\n org.apache.maven.surefire.testng.TestNGProvider.invoke(TestNGProvider.java:137)\n org.apache.maven.surefire.booter.ForkedBooter.runSuitesInProcess(ForkedBooter.java:385)\n org.apache.maven.surefire.booter.ForkedBooter.execute(ForkedBooter.java:162)\n org.apache.maven.surefire.booter.ForkedBooter.run(ForkedBooter.java:507)\n org.apache.maven.surefire.booter.ForkedBooter.main(ForkedBooter.java:495)],\n\tVerity min successful pings. expected [2] but found [1]\nStack Trace :[org.testng.Assert.fail(Assert.java:111)\n org.testng.Assert.failNotEquals(Assert.java:1578)\n org.testng.Assert.assertEqualsImpl(Assert.java:150)\n org.testng.Assert.assertEquals(Assert.java:132)\n org.testng.Assert.assertEquals(Assert.java:1419)\n org.testng.Assert.assertEquals(Assert.java:1383)\n org.testng.asserts.Assertion$26.doAssert(Assertion.java:338)\n com.pinger.automation.utils.SoftVerifier.doAssert(SoftVerifier.java:20)\n org.testng.asserts.Assertion.assertEquals(Assertion.java:334)\n com.pinger.automation.core.clients.PingerClient.processValidScenario(PingerClient.java:62)\n functional.TC015_VerifyElevenEndpointsProcessingTest.test(TC015_VerifyElevenEndpointsProcessingTest.java:37)\n java.base/jdk.internal.reflect.DirectMethodHandleAccessor.invoke(DirectMethodHandleAccessor.java:103)\n java.base/java.lang.reflect.Method.invoke(Method.java:580)\n org.testng.internal.invokers.MethodInvocationHelper.invokeMethod(MethodInvocationHelper.java:139)\n org.testng.internal.invokers.TestInvoker.invokeMethod(TestInvoker.java:664)\n org.testng.internal.invokers.TestInvoker.invokeTestMethod(TestInvoker.java:228)\n org.testng.internal.invokers.MethodRunner.runInSequence(MethodRunner.java:63)\n org.testng.internal.invokers.TestInvoker$MethodInvocationAgent.invoke(TestInvoker.java:961)\n org.testng.internal.invokers.TestInvoker.invokeTestMethods(TestInvoker.java:201)\n org.testng.internal.invokers.TestMethodWorker.invokeTestMethods(TestMethodWorker.java:148)\n org.testng.internal.invokers.TestMethodWorker.run(TestMethodWorker.java:128)\n java.base/java.util.ArrayList.forEach(ArrayList.java:1596)\n org.testng.TestRunner.privateRun(TestRunner.java:819)\n org.testng.TestRunner.run(TestRunner.java:619)\n org.testng.SuiteRunner.runTest(SuiteRunner.java:443)\n org.testng.SuiteRunner.runSequentially(SuiteRunner.java:437)\n org.testng.SuiteRunner.privateRun(SuiteRunner.java:397)\n org.testng.SuiteRunner.run(SuiteRunner.java:336)\n org.testng.SuiteRunnerWorker.runSuite(SuiteRunnerWorker.java:52)\n org.testng.SuiteRunnerWorker.run(SuiteRunnerWorker.java:95)\n org.testng.TestNG.runSuitesSequentially(TestNG.java:1301)\n org.testng.TestNG.runSuitesLocally(TestNG.java:1228)\n org.testng.TestNG.runSuites(TestNG.java:1134)\n org.testng.TestNG.run(TestNG.java:1101)\n org.apache.maven.surefire.testng.TestNGExecutor.run(TestNGExecutor.java:155)\n org.apache.maven.surefire.testng.TestNGDirectoryTestSuite.executeMulti(TestNGDirectoryTestSuite.java:169)\n org.apache.maven.surefire.testng.TestNGDirectoryTestSuite.execute(TestNGDirectoryTestSuite.java:88)\n org.apache.maven.surefire.testng.TestNGProvider.invoke(TestNGProvider.java:137)\n org.apache.maven.surefire.booter.ForkedBooter.runSuitesInProcess(ForkedBooter.java:385)\n org.apache.maven.surefire.booter.ForkedBooter.execute(ForkedBooter.java:162)\n org.apache.maven.surefire.booter.ForkedBooter.run(ForkedBooter.java:507)\n org.apache.maven.surefire.booter.ForkedBooter.main(ForkedBooter.java:495)],\n\tVerify that report contains all not ignored endpoints. expected [true] but found [false]\nStack Trace :[org.testng.Assert.fail(Assert.java:111)\n org.testng.Assert.failNotEquals(Assert.java:1578)\n org.testng.Assert.assertTrue(Assert.java:57)\n org.testng.asserts.Assertion$1.doAssert(Assertion.java:86)\n com.pinger.automation.utils.SoftVerifier.doAssert(SoftVerifier.java:20)\n org.testng.asserts.Assertion.assertTrue(Assertion.java:82)\n com.pinger.automation.core.clients.PingerClient.processValidScenario(PingerClient.java:69)\n functional.TC015_VerifyElevenEndpointsProcessingTest.test(TC015_VerifyElevenEndpointsProcessingTest.java:37)\n java.base/jdk.internal.reflect.DirectMethodHandleAccessor.invoke(DirectMethodHandleAccessor.java:103)\n java.base/java.lang.reflect.Method.invoke(Method.java:580)\n org.testng.internal.invokers.MethodInvocationHelper.invokeMethod(MethodInvocationHelper.java:139)\n org.testng.internal.invokers.TestInvoker.invokeMethod(TestInvoker.java:664)\n org.testng.internal.invokers.TestInvoker.invokeTestMethod(TestInvoker.java:228)\n org.testng.internal.invokers.MethodRunner.runInSequence(MethodRunner.java:63)\n org.testng.internal.invokers.TestInvoker$MethodInvocationAgent.invoke(TestInvoker.java:961)\n org.testng.internal.invokers.TestInvoker.invokeTestMethods(TestInvoker.java:201)\n org.testng.internal.invokers.TestMethodWorker.invokeTestMethods(TestMethodWorker.java:148)\n org.testng.internal.invokers.TestMethodWorker.run(TestMethodWorker.java:128)\n java.base/java.util.ArrayList.forEach(ArrayList.java:1596)\n org.testng.TestRunner.privateRun(TestRunner.java:819)\n org.testng.TestRunner.run(TestRunner.java:619)\n org.testng.SuiteRunner.runTest(SuiteRunner.java:443)\n org.testng.SuiteRunner.runSequentially(SuiteRunner.java:437)\n org.testng.SuiteRunner.privateRun(SuiteRunner.java:397)\n org.testng.SuiteRunner.run(SuiteRunner.java:336)\n org.testng.SuiteRunnerWorker.runSuite(SuiteRunnerWorker.java:52)\n org.testng.SuiteRunnerWorker.run(SuiteRunnerWorker.java:95)\n org.testng.TestNG.runSuitesSequentially(TestNG.java:1301)\n org.testng.TestNG.runSuitesLocally(TestNG.java:1228)\n org.testng.TestNG.runSuites(TestNG.java:1134)\n org.testng.TestNG.run(TestNG.java:1101)\n org.apache.maven.surefire.testng.TestNGExecutor.run(TestNGExecutor.java:155)\n org.apache.maven.surefire.testng.TestNGDirectoryTestSuite.executeMulti(TestNGDirectoryTestSuite.java:169)\n org.apache.maven.surefire.testng.TestNGDirectoryTestSuite.execute(TestNGDirectoryTestSuite.java:88)\n org.apache.maven.surefire.testng.TestNGProvider.invoke(TestNGProvider.java:137)\n org.apache.maven.surefire.booter.ForkedBooter.runSuitesInProcess(ForkedBooter.java:385)\n org.apache.maven.surefire.booter.ForkedBooter.execute(ForkedBooter.java:162)\n org.apache.maven.surefire.booter.ForkedBooter.run(ForkedBooter.java:507)\n org.apache.maven.surefire.booter.ForkedBooter.main(ForkedBooter.java:495)]","time":{"start":1739226969983,"stop":1739227270074,"duration":300091}},{"uid":"c5512c577723c1cd","reportUrl":"https://ZeroTull.github.io/ns_sqa2/3//#testresult/c5512c577723c1cd","status":"failed","statusDetails":"The following asserts failed:\n\tVerify that start and end time differs. did not expect [2025-02-10T21:32:37.594362350Z] but found [2025-02-10T21:32:37.594362350Z]\nStack Trace :[org.testng.Assert.fail(Assert.java:111)\n org.testng.Assert.failEquals(Assert.java:1582)\n org.testng.Assert.assertNotEqualsImpl(Assert.java:157)\n org.testng.Assert.assertNotEquals(Assert.java:2201)\n org.testng.asserts.Assertion$47.doAssert(Assertion.java:550)\n com.pinger.automation.utils.SoftVerifier.doAssert(SoftVerifier.java:20)\n org.testng.asserts.Assertion.assertNotEquals(Assertion.java:546)\n com.pinger.automation.core.clients.PingerClient.processValidScenario(PingerClient.java:56)\n functional.TC015_VerifyElevenEndpointsProcessingTest.test(TC015_VerifyElevenEndpointsProcessingTest.java:37)\n java.base/jdk.internal.reflect.DirectMethodHandleAccessor.invoke(DirectMethodHandleAccessor.java:103)\n java.base/java.lang.reflect.Method.invoke(Method.java:580)\n org.testng.internal.invokers.MethodInvocationHelper.invokeMethod(MethodInvocationHelper.java:139)\n org.testng.internal.invokers.TestInvoker.invokeMethod(TestInvoker.java:664)\n org.testng.internal.invokers.TestInvoker.invokeTestMethod(TestInvoker.java:228)\n org.testng.internal.invokers.MethodRunner.runInSequence(MethodRunner.java:63)\n org.testng.internal.invokers.TestInvoker$MethodInvocationAgent.invoke(TestInvoker.java:961)\n org.testng.internal.invokers.TestInvoker.invokeTestMethods(TestInvoker.java:201)\n org.testng.internal.invokers.TestMethodWorker.invokeTestMethods(TestMethodWorker.java:148)\n org.testng.internal.invokers.TestMethodWorker.run(TestMethodWorker.java:128)\n java.base/java.util.ArrayList.forEach(ArrayList.java:1596)\n org.testng.TestRunner.privateRun(TestRunner.java:819)\n org.testng.TestRunner.run(TestRunner.java:619)\n org.testng.SuiteRunner.runTest(SuiteRunner.java:443)\n org.testng.SuiteRunner.runSequentially(SuiteRunner.java:437)\n org.testng.SuiteRunner.privateRun(SuiteRunner.java:397)\n org.testng.SuiteRunner.run(SuiteRunner.java:336)\n org.testng.SuiteRunnerWorker.runSuite(SuiteRunnerWorker.java:52)\n org.testng.SuiteRunnerWorker.run(SuiteRunnerWorker.java:95)\n org.testng.TestNG.runSuitesSequentially(TestNG.java:1301)\n org.testng.TestNG.runSuitesLocally(TestNG.java:1228)\n org.testng.TestNG.runSuites(TestNG.java:1134)\n org.testng.TestNG.run(TestNG.java:1101)\n org.apache.maven.surefire.testng.TestNGExecutor.run(TestNGExecutor.java:155)\n org.apache.maven.surefire.testng.TestNGDirectoryTestSuite.executeMulti(TestNGDirectoryTestSuite.java:169)\n org.apache.maven.surefire.testng.TestNGDirectoryTestSuite.execute(TestNGDirectoryTestSuite.java:88)\n org.apache.maven.surefire.testng.TestNGProvider.invoke(TestNGProvider.java:137)\n org.apache.maven.surefire.booter.ForkedBooter.runSuitesInProcess(ForkedBooter.java:385)\n org.apache.maven.surefire.booter.ForkedBooter.execute(ForkedBooter.java:162)\n org.apache.maven.surefire.booter.ForkedBooter.run(ForkedBooter.java:507)\n org.apache.maven.surefire.booter.ForkedBooter.main(ForkedBooter.java:495)],\n\tVerify that start date is before end date. expected [true] but found [false]\nStack Trace :[org.testng.Assert.fail(Assert.java:111)\n org.testng.Assert.failNotEquals(Assert.java:1578)\n org.testng.Assert.assertTrue(Assert.java:57)\n org.testng.asserts.Assertion$1.doAssert(Assertion.java:86)\n com.pinger.automation.utils.SoftVerifier.doAssert(SoftVerifier.java:20)\n org.testng.asserts.Assertion.assertTrue(Assertion.java:82)\n com.pinger.automation.core.clients.PingerClient.processValidScenario(PingerClient.java:57)\n functional.TC015_VerifyElevenEndpointsProcessingTest.test(TC015_VerifyElevenEndpointsProcessingTest.java:37)\n java.base/jdk.internal.reflect.DirectMethodHandleAccessor.invoke(DirectMethodHandleAccessor.java:103)\n java.base/java.lang.reflect.Method.invoke(Method.java:580)\n org.testng.internal.invokers.MethodInvocationHelper.invokeMethod(MethodInvocationHelper.java:139)\n org.testng.internal.invokers.TestInvoker.invokeMethod(TestInvoker.java:664)\n org.testng.internal.invokers.TestInvoker.invokeTestMethod(TestInvoker.java:228)\n org.testng.internal.invokers.MethodRunner.runInSequence(MethodRunner.java:63)\n org.testng.internal.invokers.TestInvoker$MethodInvocationAgent.invoke(TestInvoker.java:961)\n org.testng.internal.invokers.TestInvoker.invokeTestMethods(TestInvoker.java:201)\n org.testng.internal.invokers.TestMethodWorker.invokeTestMethods(TestMethodWorker.java:148)\n org.testng.internal.invokers.TestMethodWorker.run(TestMethodWorker.java:128)\n java.base/java.util.ArrayList.forEach(ArrayList.java:1596)\n org.testng.TestRunner.privateRun(TestRunner.java:819)\n org.testng.TestRunner.run(TestRunner.java:619)\n org.testng.SuiteRunner.runTest(SuiteRunner.java:443)\n org.testng.SuiteRunner.runSequentially(SuiteRunner.java:437)\n org.testng.SuiteRunner.privateRun(SuiteRunner.java:397)\n org.testng.SuiteRunner.run(SuiteRunner.java:336)\n org.testng.SuiteRunnerWorker.runSuite(SuiteRunnerWorker.java:52)\n org.testng.SuiteRunnerWorker.run(SuiteRunnerWorker.java:95)\n org.testng.TestNG.runSuitesSequentially(TestNG.java:1301)\n org.testng.TestNG.runSuitesLocally(TestNG.java:1228)\n org.testng.TestNG.runSuites(TestNG.java:1134)\n org.testng.TestNG.run(TestNG.java:1101)\n org.apache.maven.surefire.testng.TestNGExecutor.run(TestNGExecutor.java:155)\n org.apache.maven.surefire.testng.TestNGDirectoryTestSuite.executeMulti(TestNGDirectoryTestSuite.java:169)\n org.apache.maven.surefire.testng.TestNGDirectoryTestSuite.execute(TestNGDirectoryTestSuite.java:88)\n org.apache.maven.surefire.testng.TestNGProvider.invoke(TestNGProvider.java:137)\n org.apache.maven.surefire.booter.ForkedBooter.runSuitesInProcess(ForkedBooter.java:385)\n org.apache.maven.surefire.booter.ForkedBooter.execute(ForkedBooter.java:162)\n org.apache.maven.surefire.booter.ForkedBooter.run(ForkedBooter.java:507)\n org.apache.maven.surefire.booter.ForkedBooter.main(ForkedBooter.java:495)],\n\tVerity end date time. expected [2025-02-10T21:32:37Z] but found [2025-02-10T21:37:37Z]\nStack Trace :[org.testng.Assert.fail(Assert.java:111)\n org.testng.Assert.failNotEquals(Assert.java:1578)\n org.testng.Assert.assertEqualsImpl(Assert.java:150)\n org.testng.Assert.assertEquals(Assert.java:132)\n org.testng.asserts.Assertion$8.doAssert(Assertion.java:156)\n com.pinger.automation.utils.SoftVerifier.doAssert(SoftVerifier.java:20)\n org.testng.asserts.Assertion.assertEquals(Assertion.java:152)\n com.pinger.automation.core.clients.PingerClient.processValidScenario(PingerClient.java:59)\n functional.TC015_VerifyElevenEndpointsProcessingTest.test(TC015_VerifyElevenEndpointsProcessingTest.java:37)\n java.base/jdk.internal.reflect.DirectMethodHandleAccessor.invoke(DirectMethodHandleAccessor.java:103)\n java.base/java.lang.reflect.Method.invoke(Method.java:580)\n org.testng.internal.invokers.MethodInvocationHelper.invokeMethod(MethodInvocationHelper.java:139)\n org.testng.internal.invokers.TestInvoker.invokeMethod(TestInvoker.java:664)\n org.testng.internal.invokers.TestInvoker.invokeTestMethod(TestInvoker.java:228)\n org.testng.internal.invokers.MethodRunner.runInSequence(MethodRunner.java:63)\n org.testng.internal.invokers.TestInvoker$MethodInvocationAgent.invoke(TestInvoker.java:961)\n org.testng.internal.invokers.TestInvoker.invokeTestMethods(TestInvoker.java:201)\n org.testng.internal.invokers.TestMethodWorker.invokeTestMethods(TestMethodWorker.java:148)\n org.testng.internal.invokers.TestMethodWorker.run(TestMethodWorker.java:128)\n java.base/java.util.ArrayList.forEach(ArrayList.java:1596)\n org.testng.TestRunner.privateRun(TestRunner.java:819)\n org.testng.TestRunner.run(TestRunner.java:619)\n org.testng.SuiteRunner.runTest(SuiteRunner.java:443)\n org.testng.SuiteRunner.runSequentially(SuiteRunner.java:437)\n org.testng.SuiteRunner.privateRun(SuiteRunner.java:397)\n org.testng.SuiteRunner.run(SuiteRunner.java:336)\n org.testng.SuiteRunnerWorker.runSuite(SuiteRunnerWorker.java:52)\n org.testng.SuiteRunnerWorker.run(SuiteRunnerWorker.java:95)\n org.testng.TestNG.runSuitesSequentially(TestNG.java:1301)\n org.testng.TestNG.runSuitesLocally(TestNG.java:1228)\n org.testng.TestNG.runSuites(TestNG.java:1134)\n org.testng.TestNG.run(TestNG.java:1101)\n org.apache.maven.surefire.testng.TestNGExecutor.run(TestNGExecutor.java:155)\n org.apache.maven.surefire.testng.TestNGDirectoryTestSuite.executeMulti(TestNGDirectoryTestSuite.java:169)\n org.apache.maven.surefire.testng.TestNGDirectoryTestSuite.execute(TestNGDirectoryTestSuite.java:88)\n org.apache.maven.surefire.testng.TestNGProvider.invoke(TestNGProvider.java:137)\n org.apache.maven.surefire.booter.ForkedBooter.runSuitesInProcess(ForkedBooter.java:385)\n org.apache.maven.surefire.booter.ForkedBooter.execute(ForkedBooter.java:162)\n org.apache.maven.surefire.booter.ForkedBooter.run(ForkedBooter.java:507)\n org.apache.maven.surefire.booter.ForkedBooter.main(ForkedBooter.java:495)],\n\tVerity min successful pings. expected [2] but found [1]\nStack Trace :[org.testng.Assert.fail(Assert.java:111)\n org.testng.Assert.failNotEquals(Assert.java:1578)\n org.testng.Assert.assertEqualsImpl(Assert.java:150)\n org.testng.Assert.assertEquals(Assert.java:132)\n org.testng.Assert.assertEquals(Assert.java:1419)\n org.testng.Assert.assertEquals(Assert.java:1383)\n org.testng.asserts.Assertion$26.doAssert(Assertion.java:338)\n com.pinger.automation.utils.SoftVerifier.doAssert(SoftVerifier.java:20)\n org.testng.asserts.Assertion.assertEquals(Assertion.java:334)\n com.pinger.automation.core.clients.PingerClient.processValidScenario(PingerClient.java:62)\n functional.TC015_VerifyElevenEndpointsProcessingTest.test(TC015_VerifyElevenEndpointsProcessingTest.java:37)\n java.base/jdk.internal.reflect.DirectMethodHandleAccessor.invoke(DirectMethodHandleAccessor.java:103)\n java.base/java.lang.reflect.Method.invoke(Method.java:580)\n org.testng.internal.invokers.MethodInvocationHelper.invokeMethod(MethodInvocationHelper.java:139)\n org.testng.internal.invokers.TestInvoker.invokeMethod(TestInvoker.java:664)\n org.testng.internal.invokers.TestInvoker.invokeTestMethod(TestInvoker.java:228)\n org.testng.internal.invokers.MethodRunner.runInSequence(MethodRunner.java:63)\n org.testng.internal.invokers.TestInvoker$MethodInvocationAgent.invoke(TestInvoker.java:961)\n org.testng.internal.invokers.TestInvoker.invokeTestMethods(TestInvoker.java:201)\n org.testng.internal.invokers.TestMethodWorker.invokeTestMethods(TestMethodWorker.java:148)\n org.testng.internal.invokers.TestMethodWorker.run(TestMethodWorker.java:128)\n java.base/java.util.ArrayList.forEach(ArrayList.java:1596)\n org.testng.TestRunner.privateRun(TestRunner.java:819)\n org.testng.TestRunner.run(TestRunner.java:619)\n org.testng.SuiteRunner.runTest(SuiteRunner.java:443)\n org.testng.SuiteRunner.runSequentially(SuiteRunner.java:437)\n org.testng.SuiteRunner.privateRun(SuiteRunner.java:397)\n org.testng.SuiteRunner.run(SuiteRunner.java:336)\n org.testng.SuiteRunnerWorker.runSuite(SuiteRunnerWorker.java:52)\n org.testng.SuiteRunnerWorker.run(SuiteRunnerWorker.java:95)\n org.testng.TestNG.runSuitesSequentially(TestNG.java:1301)\n org.testng.TestNG.runSuitesLocally(TestNG.java:1228)\n org.testng.TestNG.runSuites(TestNG.java:1134)\n org.testng.TestNG.run(TestNG.java:1101)\n org.apache.maven.surefire.testng.TestNGExecutor.run(TestNGExecutor.java:155)\n org.apache.maven.surefire.testng.TestNGDirectoryTestSuite.executeMulti(TestNGDirectoryTestSuite.java:169)\n org.apache.maven.surefire.testng.TestNGDirectoryTestSuite.execute(TestNGDirectoryTestSuite.java:88)\n org.apache.maven.surefire.testng.TestNGProvider.invoke(TestNGProvider.java:137)\n org.apache.maven.surefire.booter.ForkedBooter.runSuitesInProcess(ForkedBooter.java:385)\n org.apache.maven.surefire.booter.ForkedBooter.execute(ForkedBooter.java:162)\n org.apache.maven.surefire.booter.ForkedBooter.run(ForkedBooter.java:507)\n org.apache.maven.surefire.booter.ForkedBooter.main(ForkedBooter.java:495)],\n\tVerify that report contains all not ignored endpoints. expected [true] but found [false]\nStack Trace :[org.testng.Assert.fail(Assert.java:111)\n org.testng.Assert.failNotEquals(Assert.java:1578)\n org.testng.Assert.assertTrue(Assert.java:57)\n org.testng.asserts.Assertion$1.doAssert(Assertion.java:86)\n com.pinger.automation.utils.SoftVerifier.doAssert(SoftVerifier.java:20)\n org.testng.asserts.Assertion.assertTrue(Assertion.java:82)\n com.pinger.automation.core.clients.PingerClient.processValidScenario(PingerClient.java:69)\n functional.TC015_VerifyElevenEndpointsProcessingTest.test(TC015_VerifyElevenEndpointsProcessingTest.java:37)\n java.base/jdk.internal.reflect.DirectMethodHandleAccessor.invoke(DirectMethodHandleAccessor.java:103)\n java.base/java.lang.reflect.Method.invoke(Method.java:580)\n org.testng.internal.invokers.MethodInvocationHelper.invokeMethod(MethodInvocationHelper.java:139)\n org.testng.internal.invokers.TestInvoker.invokeMethod(TestInvoker.java:664)\n org.testng.internal.invokers.TestInvoker.invokeTestMethod(TestInvoker.java:228)\n org.testng.internal.invokers.MethodRunner.runInSequence(MethodRunner.java:63)\n org.testng.internal.invokers.TestInvoker$MethodInvocationAgent.invoke(TestInvoker.java:961)\n org.testng.internal.invokers.TestInvoker.invokeTestMethods(TestInvoker.java:201)\n org.testng.internal.invokers.TestMethodWorker.invokeTestMethods(TestMethodWorker.java:148)\n org.testng.internal.invokers.TestMethodWorker.run(TestMethodWorker.java:128)\n java.base/java.util.ArrayList.forEach(ArrayList.java:1596)\n org.testng.TestRunner.privateRun(TestRunner.java:819)\n org.testng.TestRunner.run(TestRunner.java:619)\n org.testng.SuiteRunner.runTest(SuiteRunner.java:443)\n org.testng.SuiteRunner.runSequentially(SuiteRunner.java:437)\n org.testng.SuiteRunner.privateRun(SuiteRunner.java:397)\n org.testng.SuiteRunner.run(SuiteRunner.java:336)\n org.testng.SuiteRunnerWorker.runSuite(SuiteRunnerWorker.java:52)\n org.testng.SuiteRunnerWorker.run(SuiteRunnerWorker.java:95)\n org.testng.TestNG.runSuitesSequentially(TestNG.java:1301)\n org.testng.TestNG.runSuitesLocally(TestNG.java:1228)\n org.testng.TestNG.runSuites(TestNG.java:1134)\n org.testng.TestNG.run(TestNG.java:1101)\n org.apache.maven.surefire.testng.TestNGExecutor.run(TestNGExecutor.java:155)\n org.apache.maven.surefire.testng.TestNGDirectoryTestSuite.executeMulti(TestNGDirectoryTestSuite.java:169)\n org.apache.maven.surefire.testng.TestNGDirectoryTestSuite.execute(TestNGDirectoryTestSuite.java:88)\n org.apache.maven.surefire.testng.TestNGProvider.invoke(TestNGProvider.java:137)\n org.apache.maven.surefire.booter.ForkedBooter.runSuitesInProcess(ForkedBooter.java:385)\n org.apache.maven.surefire.booter.ForkedBooter.execute(ForkedBooter.java:162)\n org.apache.maven.surefire.booter.ForkedBooter.run(ForkedBooter.java:507)\n org.apache.maven.surefire.booter.ForkedBooter.main(ForkedBooter.java:495)]","time":{"start":1739223157589,"stop":1739223457684,"duration":300095}}]},"tags":[]},"source":"c44a52f9deef9868.json","parameterValues":[]}