{"uid":"2ef79581356f4dde","name":"test","fullName":"functional.TC016_VerifyElevenEndpointsProcessingTest.test","historyId":"6c904931cfc396c9e057890bbe497abe","time":{"start":1739352907883,"stop":1739353057952,"duration":150069},"description":"Execution of config file that has more than 10 endpoints.","descriptionHtml":"<p>Execution of config file that has more than 10 endpoints.</p>\n","status":"failed","statusMessage":"The following asserts failed:\n\tVerify that start and end time differs. did not expect [2025-02-12T09:35:07.891147002Z] but found [2025-02-12T09:35:07.891147002Z]\nStack Trace :[org.testng.Assert.fail(Assert.java:111)\n org.testng.Assert.failEquals(Assert.java:1582)\n org.testng.Assert.assertNotEqualsImpl(Assert.java:157)\n org.testng.Assert.assertNotEquals(Assert.java:2201)\n org.testng.asserts.Assertion$47.doAssert(Assertion.java:550)\n com.pinger.automation.utils.SoftVerifier.doAssert(SoftVerifier.java:20)\n org.testng.asserts.Assertion.assertNotEquals(Assertion.java:546)\n com.pinger.automation.core.clients.PingerClient.processValidScenario(PingerClient.java:56)\n functional.TC016_VerifyElevenEndpointsProcessingTest.test(TC016_VerifyElevenEndpointsProcessingTest.java:34)\n java.base/jdk.internal.reflect.DirectMethodHandleAccessor.invoke(DirectMethodHandleAccessor.java:103)\n java.base/java.lang.reflect.Method.invoke(Method.java:580)\n org.testng.internal.invokers.MethodInvocationHelper.invokeMethod(MethodInvocationHelper.java:139)\n org.testng.internal.invokers.TestInvoker.invokeMethod(TestInvoker.java:664)\n org.testng.internal.invokers.TestInvoker.invokeTestMethod(TestInvoker.java:228)\n org.testng.internal.invokers.MethodRunner.runInSequence(MethodRunner.java:63)\n org.testng.internal.invokers.TestInvoker$MethodInvocationAgent.invoke(TestInvoker.java:961)\n org.testng.internal.invokers.TestInvoker.invokeTestMethods(TestInvoker.java:201)\n org.testng.internal.invokers.TestMethodWorker.invokeTestMethods(TestMethodWorker.java:148)\n org.testng.internal.invokers.TestMethodWorker.run(TestMethodWorker.java:128)\n java.base/java.util.ArrayList.forEach(ArrayList.java:1596)\n org.testng.TestRunner.privateRun(TestRunner.java:819)\n org.testng.TestRunner.run(TestRunner.java:619)\n org.testng.SuiteRunner.runTest(SuiteRunner.java:443)\n org.testng.SuiteRunner.runSequentially(SuiteRunner.java:437)\n org.testng.SuiteRunner.privateRun(SuiteRunner.java:397)\n org.testng.SuiteRunner.run(SuiteRunner.java:336)\n org.testng.SuiteRunnerWorker.runSuite(SuiteRunnerWorker.java:52)\n org.testng.SuiteRunnerWorker.run(SuiteRunnerWorker.java:95)\n org.testng.TestNG.runSuitesSequentially(TestNG.java:1301)\n org.testng.TestNG.runSuitesLocally(TestNG.java:1228)\n org.testng.TestNG.runSuites(TestNG.java:1134)\n org.testng.TestNG.run(TestNG.java:1101)\n org.apache.maven.surefire.testng.TestNGExecutor.run(TestNGExecutor.java:155)\n org.apache.maven.surefire.testng.TestNGDirectoryTestSuite.executeMulti(TestNGDirectoryTestSuite.java:169)\n org.apache.maven.surefire.testng.TestNGDirectoryTestSuite.execute(TestNGDirectoryTestSuite.java:88)\n org.apache.maven.surefire.testng.TestNGProvider.invoke(TestNGProvider.java:137)\n org.apache.maven.surefire.booter.ForkedBooter.runSuitesInProcess(ForkedBooter.java:385)\n org.apache.maven.surefire.booter.ForkedBooter.execute(ForkedBooter.java:162)\n org.apache.maven.surefire.booter.ForkedBooter.run(ForkedBooter.java:507)\n org.apache.maven.surefire.booter.ForkedBooter.main(ForkedBooter.java:495)],\n\tVerify that start date is before end date. expected [true] but found [false]\nStack Trace :[org.testng.Assert.fail(Assert.java:111)\n org.testng.Assert.failNotEquals(Assert.java:1578)\n org.testng.Assert.assertTrue(Assert.java:57)\n org.testng.asserts.Assertion$1.doAssert(Assertion.java:86)\n com.pinger.automation.utils.SoftVerifier.doAssert(SoftVerifier.java:20)\n org.testng.asserts.Assertion.assertTrue(Assertion.java:82)\n com.pinger.automation.core.clients.PingerClient.processValidScenario(PingerClient.java:57)\n functional.TC016_VerifyElevenEndpointsProcessingTest.test(TC016_VerifyElevenEndpointsProcessingTest.java:34)\n java.base/jdk.internal.reflect.DirectMethodHandleAccessor.invoke(DirectMethodHandleAccessor.java:103)\n java.base/java.lang.reflect.Method.invoke(Method.java:580)\n org.testng.internal.invokers.MethodInvocationHelper.invokeMethod(MethodInvocationHelper.java:139)\n org.testng.internal.invokers.TestInvoker.invokeMethod(TestInvoker.java:664)\n org.testng.internal.invokers.TestInvoker.invokeTestMethod(TestInvoker.java:228)\n org.testng.internal.invokers.MethodRunner.runInSequence(MethodRunner.java:63)\n org.testng.internal.invokers.TestInvoker$MethodInvocationAgent.invoke(TestInvoker.java:961)\n org.testng.internal.invokers.TestInvoker.invokeTestMethods(TestInvoker.java:201)\n org.testng.internal.invokers.TestMethodWorker.invokeTestMethods(TestMethodWorker.java:148)\n org.testng.internal.invokers.TestMethodWorker.run(TestMethodWorker.java:128)\n java.base/java.util.ArrayList.forEach(ArrayList.java:1596)\n org.testng.TestRunner.privateRun(TestRunner.java:819)\n org.testng.TestRunner.run(TestRunner.java:619)\n org.testng.SuiteRunner.runTest(SuiteRunner.java:443)\n org.testng.SuiteRunner.runSequentially(SuiteRunner.java:437)\n org.testng.SuiteRunner.privateRun(SuiteRunner.java:397)\n org.testng.SuiteRunner.run(SuiteRunner.java:336)\n org.testng.SuiteRunnerWorker.runSuite(SuiteRunnerWorker.java:52)\n org.testng.SuiteRunnerWorker.run(SuiteRunnerWorker.java:95)\n org.testng.TestNG.runSuitesSequentially(TestNG.java:1301)\n org.testng.TestNG.runSuitesLocally(TestNG.java:1228)\n org.testng.TestNG.runSuites(TestNG.java:1134)\n org.testng.TestNG.run(TestNG.java:1101)\n org.apache.maven.surefire.testng.TestNGExecutor.run(TestNGExecutor.java:155)\n org.apache.maven.surefire.testng.TestNGDirectoryTestSuite.executeMulti(TestNGDirectoryTestSuite.java:169)\n org.apache.maven.surefire.testng.TestNGDirectoryTestSuite.execute(TestNGDirectoryTestSuite.java:88)\n org.apache.maven.surefire.testng.TestNGProvider.invoke(TestNGProvider.java:137)\n org.apache.maven.surefire.booter.ForkedBooter.runSuitesInProcess(ForkedBooter.java:385)\n org.apache.maven.surefire.booter.ForkedBooter.execute(ForkedBooter.java:162)\n org.apache.maven.surefire.booter.ForkedBooter.run(ForkedBooter.java:507)\n org.apache.maven.surefire.booter.ForkedBooter.main(ForkedBooter.java:495)],\n\tVerity end date time. expected [2025-02-12T09:35:07Z] but found [2025-02-12T09:37:37Z]\nStack Trace :[org.testng.Assert.fail(Assert.java:111)\n org.testng.Assert.failNotEquals(Assert.java:1578)\n org.testng.Assert.assertEqualsImpl(Assert.java:150)\n org.testng.Assert.assertEquals(Assert.java:132)\n org.testng.asserts.Assertion$8.doAssert(Assertion.java:156)\n com.pinger.automation.utils.SoftVerifier.doAssert(SoftVerifier.java:20)\n org.testng.asserts.Assertion.assertEquals(Assertion.java:152)\n com.pinger.automation.core.clients.PingerClient.processValidScenario(PingerClient.java:59)\n functional.TC016_VerifyElevenEndpointsProcessingTest.test(TC016_VerifyElevenEndpointsProcessingTest.java:34)\n java.base/jdk.internal.reflect.DirectMethodHandleAccessor.invoke(DirectMethodHandleAccessor.java:103)\n java.base/java.lang.reflect.Method.invoke(Method.java:580)\n org.testng.internal.invokers.MethodInvocationHelper.invokeMethod(MethodInvocationHelper.java:139)\n org.testng.internal.invokers.TestInvoker.invokeMethod(TestInvoker.java:664)\n org.testng.internal.invokers.TestInvoker.invokeTestMethod(TestInvoker.java:228)\n org.testng.internal.invokers.MethodRunner.runInSequence(MethodRunner.java:63)\n org.testng.internal.invokers.TestInvoker$MethodInvocationAgent.invoke(TestInvoker.java:961)\n org.testng.internal.invokers.TestInvoker.invokeTestMethods(TestInvoker.java:201)\n org.testng.internal.invokers.TestMethodWorker.invokeTestMethods(TestMethodWorker.java:148)\n org.testng.internal.invokers.TestMethodWorker.run(TestMethodWorker.java:128)\n java.base/java.util.ArrayList.forEach(ArrayList.java:1596)\n org.testng.TestRunner.privateRun(TestRunner.java:819)\n org.testng.TestRunner.run(TestRunner.java:619)\n org.testng.SuiteRunner.runTest(SuiteRunner.java:443)\n org.testng.SuiteRunner.runSequentially(SuiteRunner.java:437)\n org.testng.SuiteRunner.privateRun(SuiteRunner.java:397)\n org.testng.SuiteRunner.run(SuiteRunner.java:336)\n org.testng.SuiteRunnerWorker.runSuite(SuiteRunnerWorker.java:52)\n org.testng.SuiteRunnerWorker.run(SuiteRunnerWorker.java:95)\n org.testng.TestNG.runSuitesSequentially(TestNG.java:1301)\n org.testng.TestNG.runSuitesLocally(TestNG.java:1228)\n org.testng.TestNG.runSuites(TestNG.java:1134)\n org.testng.TestNG.run(TestNG.java:1101)\n org.apache.maven.surefire.testng.TestNGExecutor.run(TestNGExecutor.java:155)\n org.apache.maven.surefire.testng.TestNGDirectoryTestSuite.executeMulti(TestNGDirectoryTestSuite.java:169)\n org.apache.maven.surefire.testng.TestNGDirectoryTestSuite.execute(TestNGDirectoryTestSuite.java:88)\n org.apache.maven.surefire.testng.TestNGProvider.invoke(TestNGProvider.java:137)\n org.apache.maven.surefire.booter.ForkedBooter.runSuitesInProcess(ForkedBooter.java:385)\n org.apache.maven.surefire.booter.ForkedBooter.execute(ForkedBooter.java:162)\n org.apache.maven.surefire.booter.ForkedBooter.run(ForkedBooter.java:507)\n org.apache.maven.surefire.booter.ForkedBooter.main(ForkedBooter.java:495)],\n\tVerity min successful pings. expected [2] but found [1]\nStack Trace :[org.testng.Assert.fail(Assert.java:111)\n org.testng.Assert.failNotEquals(Assert.java:1578)\n org.testng.Assert.assertEqualsImpl(Assert.java:150)\n org.testng.Assert.assertEquals(Assert.java:132)\n org.testng.Assert.assertEquals(Assert.java:1419)\n org.testng.Assert.assertEquals(Assert.java:1383)\n org.testng.asserts.Assertion$26.doAssert(Assertion.java:338)\n com.pinger.automation.utils.SoftVerifier.doAssert(SoftVerifier.java:20)\n org.testng.asserts.Assertion.assertEquals(Assertion.java:334)\n com.pinger.automation.core.clients.PingerClient.processValidScenario(PingerClient.java:62)\n functional.TC016_VerifyElevenEndpointsProcessingTest.test(TC016_VerifyElevenEndpointsProcessingTest.java:34)\n java.base/jdk.internal.reflect.DirectMethodHandleAccessor.invoke(DirectMethodHandleAccessor.java:103)\n java.base/java.lang.reflect.Method.invoke(Method.java:580)\n org.testng.internal.invokers.MethodInvocationHelper.invokeMethod(MethodInvocationHelper.java:139)\n org.testng.internal.invokers.TestInvoker.invokeMethod(TestInvoker.java:664)\n org.testng.internal.invokers.TestInvoker.invokeTestMethod(TestInvoker.java:228)\n org.testng.internal.invokers.MethodRunner.runInSequence(MethodRunner.java:63)\n org.testng.internal.invokers.TestInvoker$MethodInvocationAgent.invoke(TestInvoker.java:961)\n org.testng.internal.invokers.TestInvoker.invokeTestMethods(TestInvoker.java:201)\n org.testng.internal.invokers.TestMethodWorker.invokeTestMethods(TestMethodWorker.java:148)\n org.testng.internal.invokers.TestMethodWorker.run(TestMethodWorker.java:128)\n java.base/java.util.ArrayList.forEach(ArrayList.java:1596)\n org.testng.TestRunner.privateRun(TestRunner.java:819)\n org.testng.TestRunner.run(TestRunner.java:619)\n org.testng.SuiteRunner.runTest(SuiteRunner.java:443)\n org.testng.SuiteRunner.runSequentially(SuiteRunner.java:437)\n org.testng.SuiteRunner.privateRun(SuiteRunner.java:397)\n org.testng.SuiteRunner.run(SuiteRunner.java:336)\n org.testng.SuiteRunnerWorker.runSuite(SuiteRunnerWorker.java:52)\n org.testng.SuiteRunnerWorker.run(SuiteRunnerWorker.java:95)\n org.testng.TestNG.runSuitesSequentially(TestNG.java:1301)\n org.testng.TestNG.runSuitesLocally(TestNG.java:1228)\n org.testng.TestNG.runSuites(TestNG.java:1134)\n org.testng.TestNG.run(TestNG.java:1101)\n org.apache.maven.surefire.testng.TestNGExecutor.run(TestNGExecutor.java:155)\n org.apache.maven.surefire.testng.TestNGDirectoryTestSuite.executeMulti(TestNGDirectoryTestSuite.java:169)\n org.apache.maven.surefire.testng.TestNGDirectoryTestSuite.execute(TestNGDirectoryTestSuite.java:88)\n org.apache.maven.surefire.testng.TestNGProvider.invoke(TestNGProvider.java:137)\n org.apache.maven.surefire.booter.ForkedBooter.runSuitesInProcess(ForkedBooter.java:385)\n org.apache.maven.surefire.booter.ForkedBooter.execute(ForkedBooter.java:162)\n org.apache.maven.surefire.booter.ForkedBooter.run(ForkedBooter.java:507)\n org.apache.maven.surefire.booter.ForkedBooter.main(ForkedBooter.java:495)],\n\tVerify that report contains all not ignored endpoints. expected [true] but found [false]\nStack Trace :[org.testng.Assert.fail(Assert.java:111)\n org.testng.Assert.failNotEquals(Assert.java:1578)\n org.testng.Assert.assertTrue(Assert.java:57)\n org.testng.asserts.Assertion$1.doAssert(Assertion.java:86)\n com.pinger.automation.utils.SoftVerifier.doAssert(SoftVerifier.java:20)\n org.testng.asserts.Assertion.assertTrue(Assertion.java:82)\n com.pinger.automation.core.clients.PingerClient.processValidScenario(PingerClient.java:69)\n functional.TC016_VerifyElevenEndpointsProcessingTest.test(TC016_VerifyElevenEndpointsProcessingTest.java:34)\n java.base/jdk.internal.reflect.DirectMethodHandleAccessor.invoke(DirectMethodHandleAccessor.java:103)\n java.base/java.lang.reflect.Method.invoke(Method.java:580)\n org.testng.internal.invokers.MethodInvocationHelper.invokeMethod(MethodInvocationHelper.java:139)\n org.testng.internal.invokers.TestInvoker.invokeMethod(TestInvoker.java:664)\n org.testng.internal.invokers.TestInvoker.invokeTestMethod(TestInvoker.java:228)\n org.testng.internal.invokers.MethodRunner.runInSequence(MethodRunner.java:63)\n org.testng.internal.invokers.TestInvoker$MethodInvocationAgent.invoke(TestInvoker.java:961)\n org.testng.internal.invokers.TestInvoker.invokeTestMethods(TestInvoker.java:201)\n org.testng.internal.invokers.TestMethodWorker.invokeTestMethods(TestMethodWorker.java:148)\n org.testng.internal.invokers.TestMethodWorker.run(TestMethodWorker.java:128)\n java.base/java.util.ArrayList.forEach(ArrayList.java:1596)\n org.testng.TestRunner.privateRun(TestRunner.java:819)\n org.testng.TestRunner.run(TestRunner.java:619)\n org.testng.SuiteRunner.runTest(SuiteRunner.java:443)\n org.testng.SuiteRunner.runSequentially(SuiteRunner.java:437)\n org.testng.SuiteRunner.privateRun(SuiteRunner.java:397)\n org.testng.SuiteRunner.run(SuiteRunner.java:336)\n org.testng.SuiteRunnerWorker.runSuite(SuiteRunnerWorker.java:52)\n org.testng.SuiteRunnerWorker.run(SuiteRunnerWorker.java:95)\n org.testng.TestNG.runSuitesSequentially(TestNG.java:1301)\n org.testng.TestNG.runSuitesLocally(TestNG.java:1228)\n org.testng.TestNG.runSuites(TestNG.java:1134)\n org.testng.TestNG.run(TestNG.java:1101)\n org.apache.maven.surefire.testng.TestNGExecutor.run(TestNGExecutor.java:155)\n org.apache.maven.surefire.testng.TestNGDirectoryTestSuite.executeMulti(TestNGDirectoryTestSuite.java:169)\n org.apache.maven.surefire.testng.TestNGDirectoryTestSuite.execute(TestNGDirectoryTestSuite.java:88)\n org.apache.maven.surefire.testng.TestNGProvider.invoke(TestNGProvider.java:137)\n org.apache.maven.surefire.booter.ForkedBooter.runSuitesInProcess(ForkedBooter.java:385)\n org.apache.maven.surefire.booter.ForkedBooter.execute(ForkedBooter.java:162)\n org.apache.maven.surefire.booter.ForkedBooter.run(ForkedBooter.java:507)\n org.apache.maven.surefire.booter.ForkedBooter.main(ForkedBooter.java:495)],\n\tAssert endpoint data. expected [EndpointDto(address=1.1.1,, description=Invalid IP, ignore=false)] but found [EndpointDto(address=, description=Invalid IP, ignore=false)]\nStack Trace :[org.testng.Assert.fail(Assert.java:111)\n org.testng.Assert.failNotEquals(Assert.java:1578)\n org.testng.Assert.assertEqualsImpl(Assert.java:150)\n org.testng.Assert.assertEquals(Assert.java:132)\n org.testng.asserts.Assertion$8.doAssert(Assertion.java:156)\n com.pinger.automation.utils.SoftVerifier.doAssert(SoftVerifier.java:20)\n org.testng.asserts.Assertion.assertEquals(Assertion.java:152)\n com.pinger.automation.core.clients.PingerClient.validateEndpointEntries(PingerClient.java:89)\n com.pinger.automation.core.clients.PingerClient.processValidScenario(PingerClient.java:73)\n functional.TC016_VerifyElevenEndpointsProcessingTest.test(TC016_VerifyElevenEndpointsProcessingTest.java:34)\n java.base/jdk.internal.reflect.DirectMethodHandleAccessor.invoke(DirectMethodHandleAccessor.java:103)\n java.base/java.lang.reflect.Method.invoke(Method.java:580)\n org.testng.internal.invokers.MethodInvocationHelper.invokeMethod(MethodInvocationHelper.java:139)\n org.testng.internal.invokers.TestInvoker.invokeMethod(TestInvoker.java:664)\n org.testng.internal.invokers.TestInvoker.invokeTestMethod(TestInvoker.java:228)\n org.testng.internal.invokers.MethodRunner.runInSequence(MethodRunner.java:63)\n org.testng.internal.invokers.TestInvoker$MethodInvocationAgent.invoke(TestInvoker.java:961)\n org.testng.internal.invokers.TestInvoker.invokeTestMethods(TestInvoker.java:201)\n org.testng.internal.invokers.TestMethodWorker.invokeTestMethods(TestMethodWorker.java:148)\n org.testng.internal.invokers.TestMethodWorker.run(TestMethodWorker.java:128)\n java.base/java.util.ArrayList.forEach(ArrayList.java:1596)\n org.testng.TestRunner.privateRun(TestRunner.java:819)\n org.testng.TestRunner.run(TestRunner.java:619)\n org.testng.SuiteRunner.runTest(SuiteRunner.java:443)\n org.testng.SuiteRunner.runSequentially(SuiteRunner.java:437)\n org.testng.SuiteRunner.privateRun(SuiteRunner.java:397)\n org.testng.SuiteRunner.run(SuiteRunner.java:336)\n org.testng.SuiteRunnerWorker.runSuite(SuiteRunnerWorker.java:52)\n org.testng.SuiteRunnerWorker.run(SuiteRunnerWorker.java:95)\n org.testng.TestNG.runSuitesSequentially(TestNG.java:1301)\n org.testng.TestNG.runSuitesLocally(TestNG.java:1228)\n org.testng.TestNG.runSuites(TestNG.java:1134)\n org.testng.TestNG.run(TestNG.java:1101)\n org.apache.maven.surefire.testng.TestNGExecutor.run(TestNGExecutor.java:155)\n org.apache.maven.surefire.testng.TestNGDirectoryTestSuite.executeMulti(TestNGDirectoryTestSuite.java:169)\n org.apache.maven.surefire.testng.TestNGDirectoryTestSuite.execute(TestNGDirectoryTestSuite.java:88)\n org.apache.maven.surefire.testng.TestNGProvider.invoke(TestNGProvider.java:137)\n org.apache.maven.surefire.booter.ForkedBooter.runSuitesInProcess(ForkedBooter.java:385)\n org.apache.maven.surefire.booter.ForkedBooter.execute(ForkedBooter.java:162)\n org.apache.maven.surefire.booter.ForkedBooter.run(ForkedBooter.java:507)\n org.apache.maven.surefire.booter.ForkedBooter.main(ForkedBooter.java:495)]","statusTrace":"java.lang.AssertionError: The following asserts failed:\n\tVerify that start and end time differs. did not expect [2025-02-12T09:35:07.891147002Z] but found [2025-02-12T09:35:07.891147002Z]\nStack Trace :[org.testng.Assert.fail(Assert.java:111)\n org.testng.Assert.failEquals(Assert.java:1582)\n org.testng.Assert.assertNotEqualsImpl(Assert.java:157)\n org.testng.Assert.assertNotEquals(Assert.java:2201)\n org.testng.asserts.Assertion$47.doAssert(Assertion.java:550)\n com.pinger.automation.utils.SoftVerifier.doAssert(SoftVerifier.java:20)\n org.testng.asserts.Assertion.assertNotEquals(Assertion.java:546)\n com.pinger.automation.core.clients.PingerClient.processValidScenario(PingerClient.java:56)\n functional.TC016_VerifyElevenEndpointsProcessingTest.test(TC016_VerifyElevenEndpointsProcessingTest.java:34)\n java.base/jdk.internal.reflect.DirectMethodHandleAccessor.invoke(DirectMethodHandleAccessor.java:103)\n java.base/java.lang.reflect.Method.invoke(Method.java:580)\n org.testng.internal.invokers.MethodInvocationHelper.invokeMethod(MethodInvocationHelper.java:139)\n org.testng.internal.invokers.TestInvoker.invokeMethod(TestInvoker.java:664)\n org.testng.internal.invokers.TestInvoker.invokeTestMethod(TestInvoker.java:228)\n org.testng.internal.invokers.MethodRunner.runInSequence(MethodRunner.java:63)\n org.testng.internal.invokers.TestInvoker$MethodInvocationAgent.invoke(TestInvoker.java:961)\n org.testng.internal.invokers.TestInvoker.invokeTestMethods(TestInvoker.java:201)\n org.testng.internal.invokers.TestMethodWorker.invokeTestMethods(TestMethodWorker.java:148)\n org.testng.internal.invokers.TestMethodWorker.run(TestMethodWorker.java:128)\n java.base/java.util.ArrayList.forEach(ArrayList.java:1596)\n org.testng.TestRunner.privateRun(TestRunner.java:819)\n org.testng.TestRunner.run(TestRunner.java:619)\n org.testng.SuiteRunner.runTest(SuiteRunner.java:443)\n org.testng.SuiteRunner.runSequentially(SuiteRunner.java:437)\n org.testng.SuiteRunner.privateRun(SuiteRunner.java:397)\n org.testng.SuiteRunner.run(SuiteRunner.java:336)\n org.testng.SuiteRunnerWorker.runSuite(SuiteRunnerWorker.java:52)\n org.testng.SuiteRunnerWorker.run(SuiteRunnerWorker.java:95)\n org.testng.TestNG.runSuitesSequentially(TestNG.java:1301)\n org.testng.TestNG.runSuitesLocally(TestNG.java:1228)\n org.testng.TestNG.runSuites(TestNG.java:1134)\n org.testng.TestNG.run(TestNG.java:1101)\n org.apache.maven.surefire.testng.TestNGExecutor.run(TestNGExecutor.java:155)\n org.apache.maven.surefire.testng.TestNGDirectoryTestSuite.executeMulti(TestNGDirectoryTestSuite.java:169)\n org.apache.maven.surefire.testng.TestNGDirectoryTestSuite.execute(TestNGDirectoryTestSuite.java:88)\n org.apache.maven.surefire.testng.TestNGProvider.invoke(TestNGProvider.java:137)\n org.apache.maven.surefire.booter.ForkedBooter.runSuitesInProcess(ForkedBooter.java:385)\n org.apache.maven.surefire.booter.ForkedBooter.execute(ForkedBooter.java:162)\n org.apache.maven.surefire.booter.ForkedBooter.run(ForkedBooter.java:507)\n org.apache.maven.surefire.booter.ForkedBooter.main(ForkedBooter.java:495)],\n\tVerify that start date is before end date. expected [true] but found [false]\nStack Trace :[org.testng.Assert.fail(Assert.java:111)\n org.testng.Assert.failNotEquals(Assert.java:1578)\n org.testng.Assert.assertTrue(Assert.java:57)\n org.testng.asserts.Assertion$1.doAssert(Assertion.java:86)\n com.pinger.automation.utils.SoftVerifier.doAssert(SoftVerifier.java:20)\n org.testng.asserts.Assertion.assertTrue(Assertion.java:82)\n com.pinger.automation.core.clients.PingerClient.processValidScenario(PingerClient.java:57)\n functional.TC016_VerifyElevenEndpointsProcessingTest.test(TC016_VerifyElevenEndpointsProcessingTest.java:34)\n java.base/jdk.internal.reflect.DirectMethodHandleAccessor.invoke(DirectMethodHandleAccessor.java:103)\n java.base/java.lang.reflect.Method.invoke(Method.java:580)\n org.testng.internal.invokers.MethodInvocationHelper.invokeMethod(MethodInvocationHelper.java:139)\n org.testng.internal.invokers.TestInvoker.invokeMethod(TestInvoker.java:664)\n org.testng.internal.invokers.TestInvoker.invokeTestMethod(TestInvoker.java:228)\n org.testng.internal.invokers.MethodRunner.runInSequence(MethodRunner.java:63)\n org.testng.internal.invokers.TestInvoker$MethodInvocationAgent.invoke(TestInvoker.java:961)\n org.testng.internal.invokers.TestInvoker.invokeTestMethods(TestInvoker.java:201)\n org.testng.internal.invokers.TestMethodWorker.invokeTestMethods(TestMethodWorker.java:148)\n org.testng.internal.invokers.TestMethodWorker.run(TestMethodWorker.java:128)\n java.base/java.util.ArrayList.forEach(ArrayList.java:1596)\n org.testng.TestRunner.privateRun(TestRunner.java:819)\n org.testng.TestRunner.run(TestRunner.java:619)\n org.testng.SuiteRunner.runTest(SuiteRunner.java:443)\n org.testng.SuiteRunner.runSequentially(SuiteRunner.java:437)\n org.testng.SuiteRunner.privateRun(SuiteRunner.java:397)\n org.testng.SuiteRunner.run(SuiteRunner.java:336)\n org.testng.SuiteRunnerWorker.runSuite(SuiteRunnerWorker.java:52)\n org.testng.SuiteRunnerWorker.run(SuiteRunnerWorker.java:95)\n org.testng.TestNG.runSuitesSequentially(TestNG.java:1301)\n org.testng.TestNG.runSuitesLocally(TestNG.java:1228)\n org.testng.TestNG.runSuites(TestNG.java:1134)\n org.testng.TestNG.run(TestNG.java:1101)\n org.apache.maven.surefire.testng.TestNGExecutor.run(TestNGExecutor.java:155)\n org.apache.maven.surefire.testng.TestNGDirectoryTestSuite.executeMulti(TestNGDirectoryTestSuite.java:169)\n org.apache.maven.surefire.testng.TestNGDirectoryTestSuite.execute(TestNGDirectoryTestSuite.java:88)\n org.apache.maven.surefire.testng.TestNGProvider.invoke(TestNGProvider.java:137)\n org.apache.maven.surefire.booter.ForkedBooter.runSuitesInProcess(ForkedBooter.java:385)\n org.apache.maven.surefire.booter.ForkedBooter.execute(ForkedBooter.java:162)\n org.apache.maven.surefire.booter.ForkedBooter.run(ForkedBooter.java:507)\n org.apache.maven.surefire.booter.ForkedBooter.main(ForkedBooter.java:495)],\n\tVerity end date time. expected [2025-02-12T09:35:07Z] but found [2025-02-12T09:37:37Z]\nStack Trace :[org.testng.Assert.fail(Assert.java:111)\n org.testng.Assert.failNotEquals(Assert.java:1578)\n org.testng.Assert.assertEqualsImpl(Assert.java:150)\n org.testng.Assert.assertEquals(Assert.java:132)\n org.testng.asserts.Assertion$8.doAssert(Assertion.java:156)\n com.pinger.automation.utils.SoftVerifier.doAssert(SoftVerifier.java:20)\n org.testng.asserts.Assertion.assertEquals(Assertion.java:152)\n com.pinger.automation.core.clients.PingerClient.processValidScenario(PingerClient.java:59)\n functional.TC016_VerifyElevenEndpointsProcessingTest.test(TC016_VerifyElevenEndpointsProcessingTest.java:34)\n java.base/jdk.internal.reflect.DirectMethodHandleAccessor.invoke(DirectMethodHandleAccessor.java:103)\n java.base/java.lang.reflect.Method.invoke(Method.java:580)\n org.testng.internal.invokers.MethodInvocationHelper.invokeMethod(MethodInvocationHelper.java:139)\n org.testng.internal.invokers.TestInvoker.invokeMethod(TestInvoker.java:664)\n org.testng.internal.invokers.TestInvoker.invokeTestMethod(TestInvoker.java:228)\n org.testng.internal.invokers.MethodRunner.runInSequence(MethodRunner.java:63)\n org.testng.internal.invokers.TestInvoker$MethodInvocationAgent.invoke(TestInvoker.java:961)\n org.testng.internal.invokers.TestInvoker.invokeTestMethods(TestInvoker.java:201)\n org.testng.internal.invokers.TestMethodWorker.invokeTestMethods(TestMethodWorker.java:148)\n org.testng.internal.invokers.TestMethodWorker.run(TestMethodWorker.java:128)\n java.base/java.util.ArrayList.forEach(ArrayList.java:1596)\n org.testng.TestRunner.privateRun(TestRunner.java:819)\n org.testng.TestRunner.run(TestRunner.java:619)\n org.testng.SuiteRunner.runTest(SuiteRunner.java:443)\n org.testng.SuiteRunner.runSequentially(SuiteRunner.java:437)\n org.testng.SuiteRunner.privateRun(SuiteRunner.java:397)\n org.testng.SuiteRunner.run(SuiteRunner.java:336)\n org.testng.SuiteRunnerWorker.runSuite(SuiteRunnerWorker.java:52)\n org.testng.SuiteRunnerWorker.run(SuiteRunnerWorker.java:95)\n org.testng.TestNG.runSuitesSequentially(TestNG.java:1301)\n org.testng.TestNG.runSuitesLocally(TestNG.java:1228)\n org.testng.TestNG.runSuites(TestNG.java:1134)\n org.testng.TestNG.run(TestNG.java:1101)\n org.apache.maven.surefire.testng.TestNGExecutor.run(TestNGExecutor.java:155)\n org.apache.maven.surefire.testng.TestNGDirectoryTestSuite.executeMulti(TestNGDirectoryTestSuite.java:169)\n org.apache.maven.surefire.testng.TestNGDirectoryTestSuite.execute(TestNGDirectoryTestSuite.java:88)\n org.apache.maven.surefire.testng.TestNGProvider.invoke(TestNGProvider.java:137)\n org.apache.maven.surefire.booter.ForkedBooter.runSuitesInProcess(ForkedBooter.java:385)\n org.apache.maven.surefire.booter.ForkedBooter.execute(ForkedBooter.java:162)\n org.apache.maven.surefire.booter.ForkedBooter.run(ForkedBooter.java:507)\n org.apache.maven.surefire.booter.ForkedBooter.main(ForkedBooter.java:495)],\n\tVerity min successful pings. expected [2] but found [1]\nStack Trace :[org.testng.Assert.fail(Assert.java:111)\n org.testng.Assert.failNotEquals(Assert.java:1578)\n org.testng.Assert.assertEqualsImpl(Assert.java:150)\n org.testng.Assert.assertEquals(Assert.java:132)\n org.testng.Assert.assertEquals(Assert.java:1419)\n org.testng.Assert.assertEquals(Assert.java:1383)\n org.testng.asserts.Assertion$26.doAssert(Assertion.java:338)\n com.pinger.automation.utils.SoftVerifier.doAssert(SoftVerifier.java:20)\n org.testng.asserts.Assertion.assertEquals(Assertion.java:334)\n com.pinger.automation.core.clients.PingerClient.processValidScenario(PingerClient.java:62)\n functional.TC016_VerifyElevenEndpointsProcessingTest.test(TC016_VerifyElevenEndpointsProcessingTest.java:34)\n java.base/jdk.internal.reflect.DirectMethodHandleAccessor.invoke(DirectMethodHandleAccessor.java:103)\n java.base/java.lang.reflect.Method.invoke(Method.java:580)\n org.testng.internal.invokers.MethodInvocationHelper.invokeMethod(MethodInvocationHelper.java:139)\n org.testng.internal.invokers.TestInvoker.invokeMethod(TestInvoker.java:664)\n org.testng.internal.invokers.TestInvoker.invokeTestMethod(TestInvoker.java:228)\n org.testng.internal.invokers.MethodRunner.runInSequence(MethodRunner.java:63)\n org.testng.internal.invokers.TestInvoker$MethodInvocationAgent.invoke(TestInvoker.java:961)\n org.testng.internal.invokers.TestInvoker.invokeTestMethods(TestInvoker.java:201)\n org.testng.internal.invokers.TestMethodWorker.invokeTestMethods(TestMethodWorker.java:148)\n org.testng.internal.invokers.TestMethodWorker.run(TestMethodWorker.java:128)\n java.base/java.util.ArrayList.forEach(ArrayList.java:1596)\n org.testng.TestRunner.privateRun(TestRunner.java:819)\n org.testng.TestRunner.run(TestRunner.java:619)\n org.testng.SuiteRunner.runTest(SuiteRunner.java:443)\n org.testng.SuiteRunner.runSequentially(SuiteRunner.java:437)\n org.testng.SuiteRunner.privateRun(SuiteRunner.java:397)\n org.testng.SuiteRunner.run(SuiteRunner.java:336)\n org.testng.SuiteRunnerWorker.runSuite(SuiteRunnerWorker.java:52)\n org.testng.SuiteRunnerWorker.run(SuiteRunnerWorker.java:95)\n org.testng.TestNG.runSuitesSequentially(TestNG.java:1301)\n org.testng.TestNG.runSuitesLocally(TestNG.java:1228)\n org.testng.TestNG.runSuites(TestNG.java:1134)\n org.testng.TestNG.run(TestNG.java:1101)\n org.apache.maven.surefire.testng.TestNGExecutor.run(TestNGExecutor.java:155)\n org.apache.maven.surefire.testng.TestNGDirectoryTestSuite.executeMulti(TestNGDirectoryTestSuite.java:169)\n org.apache.maven.surefire.testng.TestNGDirectoryTestSuite.execute(TestNGDirectoryTestSuite.java:88)\n org.apache.maven.surefire.testng.TestNGProvider.invoke(TestNGProvider.java:137)\n org.apache.maven.surefire.booter.ForkedBooter.runSuitesInProcess(ForkedBooter.java:385)\n org.apache.maven.surefire.booter.ForkedBooter.execute(ForkedBooter.java:162)\n org.apache.maven.surefire.booter.ForkedBooter.run(ForkedBooter.java:507)\n org.apache.maven.surefire.booter.ForkedBooter.main(ForkedBooter.java:495)],\n\tVerify that report contains all not ignored endpoints. expected [true] but found [false]\nStack Trace :[org.testng.Assert.fail(Assert.java:111)\n org.testng.Assert.failNotEquals(Assert.java:1578)\n org.testng.Assert.assertTrue(Assert.java:57)\n org.testng.asserts.Assertion$1.doAssert(Assertion.java:86)\n com.pinger.automation.utils.SoftVerifier.doAssert(SoftVerifier.java:20)\n org.testng.asserts.Assertion.assertTrue(Assertion.java:82)\n com.pinger.automation.core.clients.PingerClient.processValidScenario(PingerClient.java:69)\n functional.TC016_VerifyElevenEndpointsProcessingTest.test(TC016_VerifyElevenEndpointsProcessingTest.java:34)\n java.base/jdk.internal.reflect.DirectMethodHandleAccessor.invoke(DirectMethodHandleAccessor.java:103)\n java.base/java.lang.reflect.Method.invoke(Method.java:580)\n org.testng.internal.invokers.MethodInvocationHelper.invokeMethod(MethodInvocationHelper.java:139)\n org.testng.internal.invokers.TestInvoker.invokeMethod(TestInvoker.java:664)\n org.testng.internal.invokers.TestInvoker.invokeTestMethod(TestInvoker.java:228)\n org.testng.internal.invokers.MethodRunner.runInSequence(MethodRunner.java:63)\n org.testng.internal.invokers.TestInvoker$MethodInvocationAgent.invoke(TestInvoker.java:961)\n org.testng.internal.invokers.TestInvoker.invokeTestMethods(TestInvoker.java:201)\n org.testng.internal.invokers.TestMethodWorker.invokeTestMethods(TestMethodWorker.java:148)\n org.testng.internal.invokers.TestMethodWorker.run(TestMethodWorker.java:128)\n java.base/java.util.ArrayList.forEach(ArrayList.java:1596)\n org.testng.TestRunner.privateRun(TestRunner.java:819)\n org.testng.TestRunner.run(TestRunner.java:619)\n org.testng.SuiteRunner.runTest(SuiteRunner.java:443)\n org.testng.SuiteRunner.runSequentially(SuiteRunner.java:437)\n org.testng.SuiteRunner.privateRun(SuiteRunner.java:397)\n org.testng.SuiteRunner.run(SuiteRunner.java:336)\n org.testng.SuiteRunnerWorker.runSuite(SuiteRunnerWorker.java:52)\n org.testng.SuiteRunnerWorker.run(SuiteRunnerWorker.java:95)\n org.testng.TestNG.runSuitesSequentially(TestNG.java:1301)\n org.testng.TestNG.runSuitesLocally(TestNG.java:1228)\n org.testng.TestNG.runSuites(TestNG.java:1134)\n org.testng.TestNG.run(TestNG.java:1101)\n org.apache.maven.surefire.testng.TestNGExecutor.run(TestNGExecutor.java:155)\n org.apache.maven.surefire.testng.TestNGDirectoryTestSuite.executeMulti(TestNGDirectoryTestSuite.java:169)\n org.apache.maven.surefire.testng.TestNGDirectoryTestSuite.execute(TestNGDirectoryTestSuite.java:88)\n org.apache.maven.surefire.testng.TestNGProvider.invoke(TestNGProvider.java:137)\n org.apache.maven.surefire.booter.ForkedBooter.runSuitesInProcess(ForkedBooter.java:385)\n org.apache.maven.surefire.booter.ForkedBooter.execute(ForkedBooter.java:162)\n org.apache.maven.surefire.booter.ForkedBooter.run(ForkedBooter.java:507)\n org.apache.maven.surefire.booter.ForkedBooter.main(ForkedBooter.java:495)],\n\tAssert endpoint data. expected [EndpointDto(address=1.1.1,, description=Invalid IP, ignore=false)] but found [EndpointDto(address=, description=Invalid IP, ignore=false)]\nStack Trace :[org.testng.Assert.fail(Assert.java:111)\n org.testng.Assert.failNotEquals(Assert.java:1578)\n org.testng.Assert.assertEqualsImpl(Assert.java:150)\n org.testng.Assert.assertEquals(Assert.java:132)\n org.testng.asserts.Assertion$8.doAssert(Assertion.java:156)\n com.pinger.automation.utils.SoftVerifier.doAssert(SoftVerifier.java:20)\n org.testng.asserts.Assertion.assertEquals(Assertion.java:152)\n com.pinger.automation.core.clients.PingerClient.validateEndpointEntries(PingerClient.java:89)\n com.pinger.automation.core.clients.PingerClient.processValidScenario(PingerClient.java:73)\n functional.TC016_VerifyElevenEndpointsProcessingTest.test(TC016_VerifyElevenEndpointsProcessingTest.java:34)\n java.base/jdk.internal.reflect.DirectMethodHandleAccessor.invoke(DirectMethodHandleAccessor.java:103)\n java.base/java.lang.reflect.Method.invoke(Method.java:580)\n org.testng.internal.invokers.MethodInvocationHelper.invokeMethod(MethodInvocationHelper.java:139)\n org.testng.internal.invokers.TestInvoker.invokeMethod(TestInvoker.java:664)\n org.testng.internal.invokers.TestInvoker.invokeTestMethod(TestInvoker.java:228)\n org.testng.internal.invokers.MethodRunner.runInSequence(MethodRunner.java:63)\n org.testng.internal.invokers.TestInvoker$MethodInvocationAgent.invoke(TestInvoker.java:961)\n org.testng.internal.invokers.TestInvoker.invokeTestMethods(TestInvoker.java:201)\n org.testng.internal.invokers.TestMethodWorker.invokeTestMethods(TestMethodWorker.java:148)\n org.testng.internal.invokers.TestMethodWorker.run(TestMethodWorker.java:128)\n java.base/java.util.ArrayList.forEach(ArrayList.java:1596)\n org.testng.TestRunner.privateRun(TestRunner.java:819)\n org.testng.TestRunner.run(TestRunner.java:619)\n org.testng.SuiteRunner.runTest(SuiteRunner.java:443)\n org.testng.SuiteRunner.runSequentially(SuiteRunner.java:437)\n org.testng.SuiteRunner.privateRun(SuiteRunner.java:397)\n org.testng.SuiteRunner.run(SuiteRunner.java:336)\n org.testng.SuiteRunnerWorker.runSuite(SuiteRunnerWorker.java:52)\n org.testng.SuiteRunnerWorker.run(SuiteRunnerWorker.java:95)\n org.testng.TestNG.runSuitesSequentially(TestNG.java:1301)\n org.testng.TestNG.runSuitesLocally(TestNG.java:1228)\n org.testng.TestNG.runSuites(TestNG.java:1134)\n org.testng.TestNG.run(TestNG.java:1101)\n org.apache.maven.surefire.testng.TestNGExecutor.run(TestNGExecutor.java:155)\n org.apache.maven.surefire.testng.TestNGDirectoryTestSuite.executeMulti(TestNGDirectoryTestSuite.java:169)\n org.apache.maven.surefire.testng.TestNGDirectoryTestSuite.execute(TestNGDirectoryTestSuite.java:88)\n org.apache.maven.surefire.testng.TestNGProvider.invoke(TestNGProvider.java:137)\n org.apache.maven.surefire.booter.ForkedBooter.runSuitesInProcess(ForkedBooter.java:385)\n org.apache.maven.surefire.booter.ForkedBooter.execute(ForkedBooter.java:162)\n org.apache.maven.surefire.booter.ForkedBooter.run(ForkedBooter.java:507)\n org.apache.maven.surefire.booter.ForkedBooter.main(ForkedBooter.java:495)]\n\tat com.pinger.automation.utils.SoftVerifier.verifyAll(SoftVerifier.java:49)\n\tat com.pinger.automation.core.clients.PingerClient.processValidScenario(PingerClient.java:74)\n\tat functional.TC016_VerifyElevenEndpointsProcessingTest.test(TC016_VerifyElevenEndpointsProcessingTest.java:34)\n\tat java.base/jdk.internal.reflect.DirectMethodHandleAccessor.invoke(DirectMethodHandleAccessor.java:103)\n\tat java.base/java.lang.reflect.Method.invoke(Method.java:580)\n\tat org.testng.internal.invokers.MethodInvocationHelper.invokeMethod(MethodInvocationHelper.java:139)\n\tat org.testng.internal.invokers.TestInvoker.invokeMethod(TestInvoker.java:664)\n\tat org.testng.internal.invokers.TestInvoker.invokeTestMethod(TestInvoker.java:228)\n\tat org.testng.internal.invokers.MethodRunner.runInSequence(MethodRunner.java:63)\n\tat org.testng.internal.invokers.TestInvoker$MethodInvocationAgent.invoke(TestInvoker.java:961)\n\tat org.testng.internal.invokers.TestInvoker.invokeTestMethods(TestInvoker.java:201)\n\tat org.testng.internal.invokers.TestMethodWorker.invokeTestMethods(TestMethodWorker.java:148)\n\tat org.testng.internal.invokers.TestMethodWorker.run(TestMethodWorker.java:128)\n\tat java.base/java.util.ArrayList.forEach(ArrayList.java:1596)\n\tat org.testng.TestRunner.privateRun(TestRunner.java:819)\n\tat org.testng.TestRunner.run(TestRunner.java:619)\n\tat org.testng.SuiteRunner.runTest(SuiteRunner.java:443)\n\tat org.testng.SuiteRunner.runSequentially(SuiteRunner.java:437)\n\tat org.testng.SuiteRunner.privateRun(SuiteRunner.java:397)\n\tat org.testng.SuiteRunner.run(SuiteRunner.java:336)\n\tat org.testng.SuiteRunnerWorker.runSuite(SuiteRunnerWorker.java:52)\n\tat org.testng.SuiteRunnerWorker.run(SuiteRunnerWorker.java:95)\n\tat org.testng.TestNG.runSuitesSequentially(TestNG.java:1301)\n\tat org.testng.TestNG.runSuitesLocally(TestNG.java:1228)\n\tat org.testng.TestNG.runSuites(TestNG.java:1134)\n\tat org.testng.TestNG.run(TestNG.java:1101)\n\tat org.apache.maven.surefire.testng.TestNGExecutor.run(TestNGExecutor.java:155)\n\tat org.apache.maven.surefire.testng.TestNGDirectoryTestSuite.executeMulti(TestNGDirectoryTestSuite.java:169)\n\tat org.apache.maven.surefire.testng.TestNGDirectoryTestSuite.execute(TestNGDirectoryTestSuite.java:88)\n\tat org.apache.maven.surefire.testng.TestNGProvider.invoke(TestNGProvider.java:137)\n\tat org.apache.maven.surefire.booter.ForkedBooter.runSuitesInProcess(ForkedBooter.java:385)\n\tat org.apache.maven.surefire.booter.ForkedBooter.execute(ForkedBooter.java:162)\n\tat org.apache.maven.surefire.booter.ForkedBooter.run(ForkedBooter.java:507)\n\tat org.apache.maven.surefire.booter.ForkedBooter.main(ForkedBooter.java:495)\n","flaky":false,"newFailed":false,"newBroken":false,"newPassed":false,"retriesCount":0,"retriesStatusChange":false,"beforeStages":[{"name":"setupTestConfig","time":{"start":1739352907873,"stop":1739352907880,"duration":7},"description":"","status":"passed","steps":[{"name":"Generating test data.","time":{"start":1739352907875,"stop":1739352907875,"duration":0},"status":"passed","steps":[],"attachments":[],"parameters":[],"shouldDisplayMessage":false,"stepsCount":0,"attachmentsCount":0,"hasContent":false,"attachmentStep":false},{"name":"Generated TestDataDto(config=FileData(name=TC016_VerifyElevenEndpointsProcessingTestConfig.json, directory=src/main/resources/testData/, path=src/main/resources/testData/TC016_VerifyElevenEndpointsProcessingTestConfig.json, dto=ConfigDto(minSuccessfulPings=2, maxPings=3, endpoints=[EndpointDto(address=1.1.1.1, description=Cloudflare DNS, ignore=false), EndpointDto(address=1.0.0.1, description=Cloudflare Secondary DNS, ignore=false), EndpointDto(address=8.8.8.8, description=Google DNS, ignore=false), EndpointDto(address=8.8.4.4, description=Google Secondary DNS, ignore=false), EndpointDto(address=8.8.8.8, description=Google DNS EDGE, ignore=false), EndpointDto(address=1.1.1,, description=Invalid IP, ignore=false), EndpointDto(address=192.168.0.1, description=My Router, ignore=false), EndpointDto(address=192.168.0.102, description=My S/O LAN, ignore=false), EndpointDto(address=123.123.123.123, description=My S/O WAN, ignore=false), EndpointDto(address=208.67.222.222, description=Open DNS, ignore=false), EndpointDto(address=9.9.9.9, description=Quad9 DNS, ignore=false), EndpointDto(address=149.112.112.112, description=Quad9 DNS, ignore=false), EndpointDto(address=1.1.1.1, description=Cloudflare DNS, ignore=true), EndpointDto(address=192.168.0.101, description=My Grandma, ignore=false), EndpointDto(address=192.168.0.101, description=My Grandma, ignore=true)])), report=FileData(name=TC016_VerifyElevenEndpointsProcessingTestReport.json, directory=src/main/resources/testData/, path=src/main/resources/testData/TC016_VerifyElevenEndpointsProcessingTestReport.json, dto=null)).","time":{"start":1739352907880,"stop":1739352907880,"duration":0},"status":"passed","steps":[],"attachments":[],"parameters":[],"shouldDisplayMessage":false,"stepsCount":0,"attachmentsCount":0,"hasContent":false,"attachmentStep":false}],"attachments":[],"parameters":[],"shouldDisplayMessage":false,"stepsCount":2,"attachmentsCount":0,"hasContent":true,"attachmentStep":false}],"testStage":{"description":"Execution of config file that has more than 10 endpoints.","status":"failed","statusMessage":"The following asserts failed:\n\tVerify that start and end time differs. did not expect [2025-02-12T09:35:07.891147002Z] but found [2025-02-12T09:35:07.891147002Z]\nStack Trace :[org.testng.Assert.fail(Assert.java:111)\n org.testng.Assert.failEquals(Assert.java:1582)\n org.testng.Assert.assertNotEqualsImpl(Assert.java:157)\n org.testng.Assert.assertNotEquals(Assert.java:2201)\n org.testng.asserts.Assertion$47.doAssert(Assertion.java:550)\n com.pinger.automation.utils.SoftVerifier.doAssert(SoftVerifier.java:20)\n org.testng.asserts.Assertion.assertNotEquals(Assertion.java:546)\n com.pinger.automation.core.clients.PingerClient.processValidScenario(PingerClient.java:56)\n functional.TC016_VerifyElevenEndpointsProcessingTest.test(TC016_VerifyElevenEndpointsProcessingTest.java:34)\n java.base/jdk.internal.reflect.DirectMethodHandleAccessor.invoke(DirectMethodHandleAccessor.java:103)\n java.base/java.lang.reflect.Method.invoke(Method.java:580)\n org.testng.internal.invokers.MethodInvocationHelper.invokeMethod(MethodInvocationHelper.java:139)\n org.testng.internal.invokers.TestInvoker.invokeMethod(TestInvoker.java:664)\n org.testng.internal.invokers.TestInvoker.invokeTestMethod(TestInvoker.java:228)\n org.testng.internal.invokers.MethodRunner.runInSequence(MethodRunner.java:63)\n org.testng.internal.invokers.TestInvoker$MethodInvocationAgent.invoke(TestInvoker.java:961)\n org.testng.internal.invokers.TestInvoker.invokeTestMethods(TestInvoker.java:201)\n org.testng.internal.invokers.TestMethodWorker.invokeTestMethods(TestMethodWorker.java:148)\n org.testng.internal.invokers.TestMethodWorker.run(TestMethodWorker.java:128)\n java.base/java.util.ArrayList.forEach(ArrayList.java:1596)\n org.testng.TestRunner.privateRun(TestRunner.java:819)\n org.testng.TestRunner.run(TestRunner.java:619)\n org.testng.SuiteRunner.runTest(SuiteRunner.java:443)\n org.testng.SuiteRunner.runSequentially(SuiteRunner.java:437)\n org.testng.SuiteRunner.privateRun(SuiteRunner.java:397)\n org.testng.SuiteRunner.run(SuiteRunner.java:336)\n org.testng.SuiteRunnerWorker.runSuite(SuiteRunnerWorker.java:52)\n org.testng.SuiteRunnerWorker.run(SuiteRunnerWorker.java:95)\n org.testng.TestNG.runSuitesSequentially(TestNG.java:1301)\n org.testng.TestNG.runSuitesLocally(TestNG.java:1228)\n org.testng.TestNG.runSuites(TestNG.java:1134)\n org.testng.TestNG.run(TestNG.java:1101)\n org.apache.maven.surefire.testng.TestNGExecutor.run(TestNGExecutor.java:155)\n org.apache.maven.surefire.testng.TestNGDirectoryTestSuite.executeMulti(TestNGDirectoryTestSuite.java:169)\n org.apache.maven.surefire.testng.TestNGDirectoryTestSuite.execute(TestNGDirectoryTestSuite.java:88)\n org.apache.maven.surefire.testng.TestNGProvider.invoke(TestNGProvider.java:137)\n org.apache.maven.surefire.booter.ForkedBooter.runSuitesInProcess(ForkedBooter.java:385)\n org.apache.maven.surefire.booter.ForkedBooter.execute(ForkedBooter.java:162)\n org.apache.maven.surefire.booter.ForkedBooter.run(ForkedBooter.java:507)\n org.apache.maven.surefire.booter.ForkedBooter.main(ForkedBooter.java:495)],\n\tVerify that start date is before end date. expected [true] but found [false]\nStack Trace :[org.testng.Assert.fail(Assert.java:111)\n org.testng.Assert.failNotEquals(Assert.java:1578)\n org.testng.Assert.assertTrue(Assert.java:57)\n org.testng.asserts.Assertion$1.doAssert(Assertion.java:86)\n com.pinger.automation.utils.SoftVerifier.doAssert(SoftVerifier.java:20)\n org.testng.asserts.Assertion.assertTrue(Assertion.java:82)\n com.pinger.automation.core.clients.PingerClient.processValidScenario(PingerClient.java:57)\n functional.TC016_VerifyElevenEndpointsProcessingTest.test(TC016_VerifyElevenEndpointsProcessingTest.java:34)\n java.base/jdk.internal.reflect.DirectMethodHandleAccessor.invoke(DirectMethodHandleAccessor.java:103)\n java.base/java.lang.reflect.Method.invoke(Method.java:580)\n org.testng.internal.invokers.MethodInvocationHelper.invokeMethod(MethodInvocationHelper.java:139)\n org.testng.internal.invokers.TestInvoker.invokeMethod(TestInvoker.java:664)\n org.testng.internal.invokers.TestInvoker.invokeTestMethod(TestInvoker.java:228)\n org.testng.internal.invokers.MethodRunner.runInSequence(MethodRunner.java:63)\n org.testng.internal.invokers.TestInvoker$MethodInvocationAgent.invoke(TestInvoker.java:961)\n org.testng.internal.invokers.TestInvoker.invokeTestMethods(TestInvoker.java:201)\n org.testng.internal.invokers.TestMethodWorker.invokeTestMethods(TestMethodWorker.java:148)\n org.testng.internal.invokers.TestMethodWorker.run(TestMethodWorker.java:128)\n java.base/java.util.ArrayList.forEach(ArrayList.java:1596)\n org.testng.TestRunner.privateRun(TestRunner.java:819)\n org.testng.TestRunner.run(TestRunner.java:619)\n org.testng.SuiteRunner.runTest(SuiteRunner.java:443)\n org.testng.SuiteRunner.runSequentially(SuiteRunner.java:437)\n org.testng.SuiteRunner.privateRun(SuiteRunner.java:397)\n org.testng.SuiteRunner.run(SuiteRunner.java:336)\n org.testng.SuiteRunnerWorker.runSuite(SuiteRunnerWorker.java:52)\n org.testng.SuiteRunnerWorker.run(SuiteRunnerWorker.java:95)\n org.testng.TestNG.runSuitesSequentially(TestNG.java:1301)\n org.testng.TestNG.runSuitesLocally(TestNG.java:1228)\n org.testng.TestNG.runSuites(TestNG.java:1134)\n org.testng.TestNG.run(TestNG.java:1101)\n org.apache.maven.surefire.testng.TestNGExecutor.run(TestNGExecutor.java:155)\n org.apache.maven.surefire.testng.TestNGDirectoryTestSuite.executeMulti(TestNGDirectoryTestSuite.java:169)\n org.apache.maven.surefire.testng.TestNGDirectoryTestSuite.execute(TestNGDirectoryTestSuite.java:88)\n org.apache.maven.surefire.testng.TestNGProvider.invoke(TestNGProvider.java:137)\n org.apache.maven.surefire.booter.ForkedBooter.runSuitesInProcess(ForkedBooter.java:385)\n org.apache.maven.surefire.booter.ForkedBooter.execute(ForkedBooter.java:162)\n org.apache.maven.surefire.booter.ForkedBooter.run(ForkedBooter.java:507)\n org.apache.maven.surefire.booter.ForkedBooter.main(ForkedBooter.java:495)],\n\tVerity end date time. expected [2025-02-12T09:35:07Z] but found [2025-02-12T09:37:37Z]\nStack Trace :[org.testng.Assert.fail(Assert.java:111)\n org.testng.Assert.failNotEquals(Assert.java:1578)\n org.testng.Assert.assertEqualsImpl(Assert.java:150)\n org.testng.Assert.assertEquals(Assert.java:132)\n org.testng.asserts.Assertion$8.doAssert(Assertion.java:156)\n com.pinger.automation.utils.SoftVerifier.doAssert(SoftVerifier.java:20)\n org.testng.asserts.Assertion.assertEquals(Assertion.java:152)\n com.pinger.automation.core.clients.PingerClient.processValidScenario(PingerClient.java:59)\n functional.TC016_VerifyElevenEndpointsProcessingTest.test(TC016_VerifyElevenEndpointsProcessingTest.java:34)\n java.base/jdk.internal.reflect.DirectMethodHandleAccessor.invoke(DirectMethodHandleAccessor.java:103)\n java.base/java.lang.reflect.Method.invoke(Method.java:580)\n org.testng.internal.invokers.MethodInvocationHelper.invokeMethod(MethodInvocationHelper.java:139)\n org.testng.internal.invokers.TestInvoker.invokeMethod(TestInvoker.java:664)\n org.testng.internal.invokers.TestInvoker.invokeTestMethod(TestInvoker.java:228)\n org.testng.internal.invokers.MethodRunner.runInSequence(MethodRunner.java:63)\n org.testng.internal.invokers.TestInvoker$MethodInvocationAgent.invoke(TestInvoker.java:961)\n org.testng.internal.invokers.TestInvoker.invokeTestMethods(TestInvoker.java:201)\n org.testng.internal.invokers.TestMethodWorker.invokeTestMethods(TestMethodWorker.java:148)\n org.testng.internal.invokers.TestMethodWorker.run(TestMethodWorker.java:128)\n java.base/java.util.ArrayList.forEach(ArrayList.java:1596)\n org.testng.TestRunner.privateRun(TestRunner.java:819)\n org.testng.TestRunner.run(TestRunner.java:619)\n org.testng.SuiteRunner.runTest(SuiteRunner.java:443)\n org.testng.SuiteRunner.runSequentially(SuiteRunner.java:437)\n org.testng.SuiteRunner.privateRun(SuiteRunner.java:397)\n org.testng.SuiteRunner.run(SuiteRunner.java:336)\n org.testng.SuiteRunnerWorker.runSuite(SuiteRunnerWorker.java:52)\n org.testng.SuiteRunnerWorker.run(SuiteRunnerWorker.java:95)\n org.testng.TestNG.runSuitesSequentially(TestNG.java:1301)\n org.testng.TestNG.runSuitesLocally(TestNG.java:1228)\n org.testng.TestNG.runSuites(TestNG.java:1134)\n org.testng.TestNG.run(TestNG.java:1101)\n org.apache.maven.surefire.testng.TestNGExecutor.run(TestNGExecutor.java:155)\n org.apache.maven.surefire.testng.TestNGDirectoryTestSuite.executeMulti(TestNGDirectoryTestSuite.java:169)\n org.apache.maven.surefire.testng.TestNGDirectoryTestSuite.execute(TestNGDirectoryTestSuite.java:88)\n org.apache.maven.surefire.testng.TestNGProvider.invoke(TestNGProvider.java:137)\n org.apache.maven.surefire.booter.ForkedBooter.runSuitesInProcess(ForkedBooter.java:385)\n org.apache.maven.surefire.booter.ForkedBooter.execute(ForkedBooter.java:162)\n org.apache.maven.surefire.booter.ForkedBooter.run(ForkedBooter.java:507)\n org.apache.maven.surefire.booter.ForkedBooter.main(ForkedBooter.java:495)],\n\tVerity min successful pings. expected [2] but found [1]\nStack Trace :[org.testng.Assert.fail(Assert.java:111)\n org.testng.Assert.failNotEquals(Assert.java:1578)\n org.testng.Assert.assertEqualsImpl(Assert.java:150)\n org.testng.Assert.assertEquals(Assert.java:132)\n org.testng.Assert.assertEquals(Assert.java:1419)\n org.testng.Assert.assertEquals(Assert.java:1383)\n org.testng.asserts.Assertion$26.doAssert(Assertion.java:338)\n com.pinger.automation.utils.SoftVerifier.doAssert(SoftVerifier.java:20)\n org.testng.asserts.Assertion.assertEquals(Assertion.java:334)\n com.pinger.automation.core.clients.PingerClient.processValidScenario(PingerClient.java:62)\n functional.TC016_VerifyElevenEndpointsProcessingTest.test(TC016_VerifyElevenEndpointsProcessingTest.java:34)\n java.base/jdk.internal.reflect.DirectMethodHandleAccessor.invoke(DirectMethodHandleAccessor.java:103)\n java.base/java.lang.reflect.Method.invoke(Method.java:580)\n org.testng.internal.invokers.MethodInvocationHelper.invokeMethod(MethodInvocationHelper.java:139)\n org.testng.internal.invokers.TestInvoker.invokeMethod(TestInvoker.java:664)\n org.testng.internal.invokers.TestInvoker.invokeTestMethod(TestInvoker.java:228)\n org.testng.internal.invokers.MethodRunner.runInSequence(MethodRunner.java:63)\n org.testng.internal.invokers.TestInvoker$MethodInvocationAgent.invoke(TestInvoker.java:961)\n org.testng.internal.invokers.TestInvoker.invokeTestMethods(TestInvoker.java:201)\n org.testng.internal.invokers.TestMethodWorker.invokeTestMethods(TestMethodWorker.java:148)\n org.testng.internal.invokers.TestMethodWorker.run(TestMethodWorker.java:128)\n java.base/java.util.ArrayList.forEach(ArrayList.java:1596)\n org.testng.TestRunner.privateRun(TestRunner.java:819)\n org.testng.TestRunner.run(TestRunner.java:619)\n org.testng.SuiteRunner.runTest(SuiteRunner.java:443)\n org.testng.SuiteRunner.runSequentially(SuiteRunner.java:437)\n org.testng.SuiteRunner.privateRun(SuiteRunner.java:397)\n org.testng.SuiteRunner.run(SuiteRunner.java:336)\n org.testng.SuiteRunnerWorker.runSuite(SuiteRunnerWorker.java:52)\n org.testng.SuiteRunnerWorker.run(SuiteRunnerWorker.java:95)\n org.testng.TestNG.runSuitesSequentially(TestNG.java:1301)\n org.testng.TestNG.runSuitesLocally(TestNG.java:1228)\n org.testng.TestNG.runSuites(TestNG.java:1134)\n org.testng.TestNG.run(TestNG.java:1101)\n org.apache.maven.surefire.testng.TestNGExecutor.run(TestNGExecutor.java:155)\n org.apache.maven.surefire.testng.TestNGDirectoryTestSuite.executeMulti(TestNGDirectoryTestSuite.java:169)\n org.apache.maven.surefire.testng.TestNGDirectoryTestSuite.execute(TestNGDirectoryTestSuite.java:88)\n org.apache.maven.surefire.testng.TestNGProvider.invoke(TestNGProvider.java:137)\n org.apache.maven.surefire.booter.ForkedBooter.runSuitesInProcess(ForkedBooter.java:385)\n org.apache.maven.surefire.booter.ForkedBooter.execute(ForkedBooter.java:162)\n org.apache.maven.surefire.booter.ForkedBooter.run(ForkedBooter.java:507)\n org.apache.maven.surefire.booter.ForkedBooter.main(ForkedBooter.java:495)],\n\tVerify that report contains all not ignored endpoints. expected [true] but found [false]\nStack Trace :[org.testng.Assert.fail(Assert.java:111)\n org.testng.Assert.failNotEquals(Assert.java:1578)\n org.testng.Assert.assertTrue(Assert.java:57)\n org.testng.asserts.Assertion$1.doAssert(Assertion.java:86)\n com.pinger.automation.utils.SoftVerifier.doAssert(SoftVerifier.java:20)\n org.testng.asserts.Assertion.assertTrue(Assertion.java:82)\n com.pinger.automation.core.clients.PingerClient.processValidScenario(PingerClient.java:69)\n functional.TC016_VerifyElevenEndpointsProcessingTest.test(TC016_VerifyElevenEndpointsProcessingTest.java:34)\n java.base/jdk.internal.reflect.DirectMethodHandleAccessor.invoke(DirectMethodHandleAccessor.java:103)\n java.base/java.lang.reflect.Method.invoke(Method.java:580)\n org.testng.internal.invokers.MethodInvocationHelper.invokeMethod(MethodInvocationHelper.java:139)\n org.testng.internal.invokers.TestInvoker.invokeMethod(TestInvoker.java:664)\n org.testng.internal.invokers.TestInvoker.invokeTestMethod(TestInvoker.java:228)\n org.testng.internal.invokers.MethodRunner.runInSequence(MethodRunner.java:63)\n org.testng.internal.invokers.TestInvoker$MethodInvocationAgent.invoke(TestInvoker.java:961)\n org.testng.internal.invokers.TestInvoker.invokeTestMethods(TestInvoker.java:201)\n org.testng.internal.invokers.TestMethodWorker.invokeTestMethods(TestMethodWorker.java:148)\n org.testng.internal.invokers.TestMethodWorker.run(TestMethodWorker.java:128)\n java.base/java.util.ArrayList.forEach(ArrayList.java:1596)\n org.testng.TestRunner.privateRun(TestRunner.java:819)\n org.testng.TestRunner.run(TestRunner.java:619)\n org.testng.SuiteRunner.runTest(SuiteRunner.java:443)\n org.testng.SuiteRunner.runSequentially(SuiteRunner.java:437)\n org.testng.SuiteRunner.privateRun(SuiteRunner.java:397)\n org.testng.SuiteRunner.run(SuiteRunner.java:336)\n org.testng.SuiteRunnerWorker.runSuite(SuiteRunnerWorker.java:52)\n org.testng.SuiteRunnerWorker.run(SuiteRunnerWorker.java:95)\n org.testng.TestNG.runSuitesSequentially(TestNG.java:1301)\n org.testng.TestNG.runSuitesLocally(TestNG.java:1228)\n org.testng.TestNG.runSuites(TestNG.java:1134)\n org.testng.TestNG.run(TestNG.java:1101)\n org.apache.maven.surefire.testng.TestNGExecutor.run(TestNGExecutor.java:155)\n org.apache.maven.surefire.testng.TestNGDirectoryTestSuite.executeMulti(TestNGDirectoryTestSuite.java:169)\n org.apache.maven.surefire.testng.TestNGDirectoryTestSuite.execute(TestNGDirectoryTestSuite.java:88)\n org.apache.maven.surefire.testng.TestNGProvider.invoke(TestNGProvider.java:137)\n org.apache.maven.surefire.booter.ForkedBooter.runSuitesInProcess(ForkedBooter.java:385)\n org.apache.maven.surefire.booter.ForkedBooter.execute(ForkedBooter.java:162)\n org.apache.maven.surefire.booter.ForkedBooter.run(ForkedBooter.java:507)\n org.apache.maven.surefire.booter.ForkedBooter.main(ForkedBooter.java:495)],\n\tAssert endpoint data. expected [EndpointDto(address=1.1.1,, description=Invalid IP, ignore=false)] but found [EndpointDto(address=, description=Invalid IP, ignore=false)]\nStack Trace :[org.testng.Assert.fail(Assert.java:111)\n org.testng.Assert.failNotEquals(Assert.java:1578)\n org.testng.Assert.assertEqualsImpl(Assert.java:150)\n org.testng.Assert.assertEquals(Assert.java:132)\n org.testng.asserts.Assertion$8.doAssert(Assertion.java:156)\n com.pinger.automation.utils.SoftVerifier.doAssert(SoftVerifier.java:20)\n org.testng.asserts.Assertion.assertEquals(Assertion.java:152)\n com.pinger.automation.core.clients.PingerClient.validateEndpointEntries(PingerClient.java:89)\n com.pinger.automation.core.clients.PingerClient.processValidScenario(PingerClient.java:73)\n functional.TC016_VerifyElevenEndpointsProcessingTest.test(TC016_VerifyElevenEndpointsProcessingTest.java:34)\n java.base/jdk.internal.reflect.DirectMethodHandleAccessor.invoke(DirectMethodHandleAccessor.java:103)\n java.base/java.lang.reflect.Method.invoke(Method.java:580)\n org.testng.internal.invokers.MethodInvocationHelper.invokeMethod(MethodInvocationHelper.java:139)\n org.testng.internal.invokers.TestInvoker.invokeMethod(TestInvoker.java:664)\n org.testng.internal.invokers.TestInvoker.invokeTestMethod(TestInvoker.java:228)\n org.testng.internal.invokers.MethodRunner.runInSequence(MethodRunner.java:63)\n org.testng.internal.invokers.TestInvoker$MethodInvocationAgent.invoke(TestInvoker.java:961)\n org.testng.internal.invokers.TestInvoker.invokeTestMethods(TestInvoker.java:201)\n org.testng.internal.invokers.TestMethodWorker.invokeTestMethods(TestMethodWorker.java:148)\n org.testng.internal.invokers.TestMethodWorker.run(TestMethodWorker.java:128)\n java.base/java.util.ArrayList.forEach(ArrayList.java:1596)\n org.testng.TestRunner.privateRun(TestRunner.java:819)\n org.testng.TestRunner.run(TestRunner.java:619)\n org.testng.SuiteRunner.runTest(SuiteRunner.java:443)\n org.testng.SuiteRunner.runSequentially(SuiteRunner.java:437)\n org.testng.SuiteRunner.privateRun(SuiteRunner.java:397)\n org.testng.SuiteRunner.run(SuiteRunner.java:336)\n org.testng.SuiteRunnerWorker.runSuite(SuiteRunnerWorker.java:52)\n org.testng.SuiteRunnerWorker.run(SuiteRunnerWorker.java:95)\n org.testng.TestNG.runSuitesSequentially(TestNG.java:1301)\n org.testng.TestNG.runSuitesLocally(TestNG.java:1228)\n org.testng.TestNG.runSuites(TestNG.java:1134)\n org.testng.TestNG.run(TestNG.java:1101)\n org.apache.maven.surefire.testng.TestNGExecutor.run(TestNGExecutor.java:155)\n org.apache.maven.surefire.testng.TestNGDirectoryTestSuite.executeMulti(TestNGDirectoryTestSuite.java:169)\n org.apache.maven.surefire.testng.TestNGDirectoryTestSuite.execute(TestNGDirectoryTestSuite.java:88)\n org.apache.maven.surefire.testng.TestNGProvider.invoke(TestNGProvider.java:137)\n org.apache.maven.surefire.booter.ForkedBooter.runSuitesInProcess(ForkedBooter.java:385)\n org.apache.maven.surefire.booter.ForkedBooter.execute(ForkedBooter.java:162)\n org.apache.maven.surefire.booter.ForkedBooter.run(ForkedBooter.java:507)\n org.apache.maven.surefire.booter.ForkedBooter.main(ForkedBooter.java:495)]","statusTrace":"java.lang.AssertionError: The following asserts failed:\n\tVerify that start and end time differs. did not expect [2025-02-12T09:35:07.891147002Z] but found [2025-02-12T09:35:07.891147002Z]\nStack Trace :[org.testng.Assert.fail(Assert.java:111)\n org.testng.Assert.failEquals(Assert.java:1582)\n org.testng.Assert.assertNotEqualsImpl(Assert.java:157)\n org.testng.Assert.assertNotEquals(Assert.java:2201)\n org.testng.asserts.Assertion$47.doAssert(Assertion.java:550)\n com.pinger.automation.utils.SoftVerifier.doAssert(SoftVerifier.java:20)\n org.testng.asserts.Assertion.assertNotEquals(Assertion.java:546)\n com.pinger.automation.core.clients.PingerClient.processValidScenario(PingerClient.java:56)\n functional.TC016_VerifyElevenEndpointsProcessingTest.test(TC016_VerifyElevenEndpointsProcessingTest.java:34)\n java.base/jdk.internal.reflect.DirectMethodHandleAccessor.invoke(DirectMethodHandleAccessor.java:103)\n java.base/java.lang.reflect.Method.invoke(Method.java:580)\n org.testng.internal.invokers.MethodInvocationHelper.invokeMethod(MethodInvocationHelper.java:139)\n org.testng.internal.invokers.TestInvoker.invokeMethod(TestInvoker.java:664)\n org.testng.internal.invokers.TestInvoker.invokeTestMethod(TestInvoker.java:228)\n org.testng.internal.invokers.MethodRunner.runInSequence(MethodRunner.java:63)\n org.testng.internal.invokers.TestInvoker$MethodInvocationAgent.invoke(TestInvoker.java:961)\n org.testng.internal.invokers.TestInvoker.invokeTestMethods(TestInvoker.java:201)\n org.testng.internal.invokers.TestMethodWorker.invokeTestMethods(TestMethodWorker.java:148)\n org.testng.internal.invokers.TestMethodWorker.run(TestMethodWorker.java:128)\n java.base/java.util.ArrayList.forEach(ArrayList.java:1596)\n org.testng.TestRunner.privateRun(TestRunner.java:819)\n org.testng.TestRunner.run(TestRunner.java:619)\n org.testng.SuiteRunner.runTest(SuiteRunner.java:443)\n org.testng.SuiteRunner.runSequentially(SuiteRunner.java:437)\n org.testng.SuiteRunner.privateRun(SuiteRunner.java:397)\n org.testng.SuiteRunner.run(SuiteRunner.java:336)\n org.testng.SuiteRunnerWorker.runSuite(SuiteRunnerWorker.java:52)\n org.testng.SuiteRunnerWorker.run(SuiteRunnerWorker.java:95)\n org.testng.TestNG.runSuitesSequentially(TestNG.java:1301)\n org.testng.TestNG.runSuitesLocally(TestNG.java:1228)\n org.testng.TestNG.runSuites(TestNG.java:1134)\n org.testng.TestNG.run(TestNG.java:1101)\n org.apache.maven.surefire.testng.TestNGExecutor.run(TestNGExecutor.java:155)\n org.apache.maven.surefire.testng.TestNGDirectoryTestSuite.executeMulti(TestNGDirectoryTestSuite.java:169)\n org.apache.maven.surefire.testng.TestNGDirectoryTestSuite.execute(TestNGDirectoryTestSuite.java:88)\n org.apache.maven.surefire.testng.TestNGProvider.invoke(TestNGProvider.java:137)\n org.apache.maven.surefire.booter.ForkedBooter.runSuitesInProcess(ForkedBooter.java:385)\n org.apache.maven.surefire.booter.ForkedBooter.execute(ForkedBooter.java:162)\n org.apache.maven.surefire.booter.ForkedBooter.run(ForkedBooter.java:507)\n org.apache.maven.surefire.booter.ForkedBooter.main(ForkedBooter.java:495)],\n\tVerify that start date is before end date. expected [true] but found [false]\nStack Trace :[org.testng.Assert.fail(Assert.java:111)\n org.testng.Assert.failNotEquals(Assert.java:1578)\n org.testng.Assert.assertTrue(Assert.java:57)\n org.testng.asserts.Assertion$1.doAssert(Assertion.java:86)\n com.pinger.automation.utils.SoftVerifier.doAssert(SoftVerifier.java:20)\n org.testng.asserts.Assertion.assertTrue(Assertion.java:82)\n com.pinger.automation.core.clients.PingerClient.processValidScenario(PingerClient.java:57)\n functional.TC016_VerifyElevenEndpointsProcessingTest.test(TC016_VerifyElevenEndpointsProcessingTest.java:34)\n java.base/jdk.internal.reflect.DirectMethodHandleAccessor.invoke(DirectMethodHandleAccessor.java:103)\n java.base/java.lang.reflect.Method.invoke(Method.java:580)\n org.testng.internal.invokers.MethodInvocationHelper.invokeMethod(MethodInvocationHelper.java:139)\n org.testng.internal.invokers.TestInvoker.invokeMethod(TestInvoker.java:664)\n org.testng.internal.invokers.TestInvoker.invokeTestMethod(TestInvoker.java:228)\n org.testng.internal.invokers.MethodRunner.runInSequence(MethodRunner.java:63)\n org.testng.internal.invokers.TestInvoker$MethodInvocationAgent.invoke(TestInvoker.java:961)\n org.testng.internal.invokers.TestInvoker.invokeTestMethods(TestInvoker.java:201)\n org.testng.internal.invokers.TestMethodWorker.invokeTestMethods(TestMethodWorker.java:148)\n org.testng.internal.invokers.TestMethodWorker.run(TestMethodWorker.java:128)\n java.base/java.util.ArrayList.forEach(ArrayList.java:1596)\n org.testng.TestRunner.privateRun(TestRunner.java:819)\n org.testng.TestRunner.run(TestRunner.java:619)\n org.testng.SuiteRunner.runTest(SuiteRunner.java:443)\n org.testng.SuiteRunner.runSequentially(SuiteRunner.java:437)\n org.testng.SuiteRunner.privateRun(SuiteRunner.java:397)\n org.testng.SuiteRunner.run(SuiteRunner.java:336)\n org.testng.SuiteRunnerWorker.runSuite(SuiteRunnerWorker.java:52)\n org.testng.SuiteRunnerWorker.run(SuiteRunnerWorker.java:95)\n org.testng.TestNG.runSuitesSequentially(TestNG.java:1301)\n org.testng.TestNG.runSuitesLocally(TestNG.java:1228)\n org.testng.TestNG.runSuites(TestNG.java:1134)\n org.testng.TestNG.run(TestNG.java:1101)\n org.apache.maven.surefire.testng.TestNGExecutor.run(TestNGExecutor.java:155)\n org.apache.maven.surefire.testng.TestNGDirectoryTestSuite.executeMulti(TestNGDirectoryTestSuite.java:169)\n org.apache.maven.surefire.testng.TestNGDirectoryTestSuite.execute(TestNGDirectoryTestSuite.java:88)\n org.apache.maven.surefire.testng.TestNGProvider.invoke(TestNGProvider.java:137)\n org.apache.maven.surefire.booter.ForkedBooter.runSuitesInProcess(ForkedBooter.java:385)\n org.apache.maven.surefire.booter.ForkedBooter.execute(ForkedBooter.java:162)\n org.apache.maven.surefire.booter.ForkedBooter.run(ForkedBooter.java:507)\n org.apache.maven.surefire.booter.ForkedBooter.main(ForkedBooter.java:495)],\n\tVerity end date time. expected [2025-02-12T09:35:07Z] but found [2025-02-12T09:37:37Z]\nStack Trace :[org.testng.Assert.fail(Assert.java:111)\n org.testng.Assert.failNotEquals(Assert.java:1578)\n org.testng.Assert.assertEqualsImpl(Assert.java:150)\n org.testng.Assert.assertEquals(Assert.java:132)\n org.testng.asserts.Assertion$8.doAssert(Assertion.java:156)\n com.pinger.automation.utils.SoftVerifier.doAssert(SoftVerifier.java:20)\n org.testng.asserts.Assertion.assertEquals(Assertion.java:152)\n com.pinger.automation.core.clients.PingerClient.processValidScenario(PingerClient.java:59)\n functional.TC016_VerifyElevenEndpointsProcessingTest.test(TC016_VerifyElevenEndpointsProcessingTest.java:34)\n java.base/jdk.internal.reflect.DirectMethodHandleAccessor.invoke(DirectMethodHandleAccessor.java:103)\n java.base/java.lang.reflect.Method.invoke(Method.java:580)\n org.testng.internal.invokers.MethodInvocationHelper.invokeMethod(MethodInvocationHelper.java:139)\n org.testng.internal.invokers.TestInvoker.invokeMethod(TestInvoker.java:664)\n org.testng.internal.invokers.TestInvoker.invokeTestMethod(TestInvoker.java:228)\n org.testng.internal.invokers.MethodRunner.runInSequence(MethodRunner.java:63)\n org.testng.internal.invokers.TestInvoker$MethodInvocationAgent.invoke(TestInvoker.java:961)\n org.testng.internal.invokers.TestInvoker.invokeTestMethods(TestInvoker.java:201)\n org.testng.internal.invokers.TestMethodWorker.invokeTestMethods(TestMethodWorker.java:148)\n org.testng.internal.invokers.TestMethodWorker.run(TestMethodWorker.java:128)\n java.base/java.util.ArrayList.forEach(ArrayList.java:1596)\n org.testng.TestRunner.privateRun(TestRunner.java:819)\n org.testng.TestRunner.run(TestRunner.java:619)\n org.testng.SuiteRunner.runTest(SuiteRunner.java:443)\n org.testng.SuiteRunner.runSequentially(SuiteRunner.java:437)\n org.testng.SuiteRunner.privateRun(SuiteRunner.java:397)\n org.testng.SuiteRunner.run(SuiteRunner.java:336)\n org.testng.SuiteRunnerWorker.runSuite(SuiteRunnerWorker.java:52)\n org.testng.SuiteRunnerWorker.run(SuiteRunnerWorker.java:95)\n org.testng.TestNG.runSuitesSequentially(TestNG.java:1301)\n org.testng.TestNG.runSuitesLocally(TestNG.java:1228)\n org.testng.TestNG.runSuites(TestNG.java:1134)\n org.testng.TestNG.run(TestNG.java:1101)\n org.apache.maven.surefire.testng.TestNGExecutor.run(TestNGExecutor.java:155)\n org.apache.maven.surefire.testng.TestNGDirectoryTestSuite.executeMulti(TestNGDirectoryTestSuite.java:169)\n org.apache.maven.surefire.testng.TestNGDirectoryTestSuite.execute(TestNGDirectoryTestSuite.java:88)\n org.apache.maven.surefire.testng.TestNGProvider.invoke(TestNGProvider.java:137)\n org.apache.maven.surefire.booter.ForkedBooter.runSuitesInProcess(ForkedBooter.java:385)\n org.apache.maven.surefire.booter.ForkedBooter.execute(ForkedBooter.java:162)\n org.apache.maven.surefire.booter.ForkedBooter.run(ForkedBooter.java:507)\n org.apache.maven.surefire.booter.ForkedBooter.main(ForkedBooter.java:495)],\n\tVerity min successful pings. expected [2] but found [1]\nStack Trace :[org.testng.Assert.fail(Assert.java:111)\n org.testng.Assert.failNotEquals(Assert.java:1578)\n org.testng.Assert.assertEqualsImpl(Assert.java:150)\n org.testng.Assert.assertEquals(Assert.java:132)\n org.testng.Assert.assertEquals(Assert.java:1419)\n org.testng.Assert.assertEquals(Assert.java:1383)\n org.testng.asserts.Assertion$26.doAssert(Assertion.java:338)\n com.pinger.automation.utils.SoftVerifier.doAssert(SoftVerifier.java:20)\n org.testng.asserts.Assertion.assertEquals(Assertion.java:334)\n com.pinger.automation.core.clients.PingerClient.processValidScenario(PingerClient.java:62)\n functional.TC016_VerifyElevenEndpointsProcessingTest.test(TC016_VerifyElevenEndpointsProcessingTest.java:34)\n java.base/jdk.internal.reflect.DirectMethodHandleAccessor.invoke(DirectMethodHandleAccessor.java:103)\n java.base/java.lang.reflect.Method.invoke(Method.java:580)\n org.testng.internal.invokers.MethodInvocationHelper.invokeMethod(MethodInvocationHelper.java:139)\n org.testng.internal.invokers.TestInvoker.invokeMethod(TestInvoker.java:664)\n org.testng.internal.invokers.TestInvoker.invokeTestMethod(TestInvoker.java:228)\n org.testng.internal.invokers.MethodRunner.runInSequence(MethodRunner.java:63)\n org.testng.internal.invokers.TestInvoker$MethodInvocationAgent.invoke(TestInvoker.java:961)\n org.testng.internal.invokers.TestInvoker.invokeTestMethods(TestInvoker.java:201)\n org.testng.internal.invokers.TestMethodWorker.invokeTestMethods(TestMethodWorker.java:148)\n org.testng.internal.invokers.TestMethodWorker.run(TestMethodWorker.java:128)\n java.base/java.util.ArrayList.forEach(ArrayList.java:1596)\n org.testng.TestRunner.privateRun(TestRunner.java:819)\n org.testng.TestRunner.run(TestRunner.java:619)\n org.testng.SuiteRunner.runTest(SuiteRunner.java:443)\n org.testng.SuiteRunner.runSequentially(SuiteRunner.java:437)\n org.testng.SuiteRunner.privateRun(SuiteRunner.java:397)\n org.testng.SuiteRunner.run(SuiteRunner.java:336)\n org.testng.SuiteRunnerWorker.runSuite(SuiteRunnerWorker.java:52)\n org.testng.SuiteRunnerWorker.run(SuiteRunnerWorker.java:95)\n org.testng.TestNG.runSuitesSequentially(TestNG.java:1301)\n org.testng.TestNG.runSuitesLocally(TestNG.java:1228)\n org.testng.TestNG.runSuites(TestNG.java:1134)\n org.testng.TestNG.run(TestNG.java:1101)\n org.apache.maven.surefire.testng.TestNGExecutor.run(TestNGExecutor.java:155)\n org.apache.maven.surefire.testng.TestNGDirectoryTestSuite.executeMulti(TestNGDirectoryTestSuite.java:169)\n org.apache.maven.surefire.testng.TestNGDirectoryTestSuite.execute(TestNGDirectoryTestSuite.java:88)\n org.apache.maven.surefire.testng.TestNGProvider.invoke(TestNGProvider.java:137)\n org.apache.maven.surefire.booter.ForkedBooter.runSuitesInProcess(ForkedBooter.java:385)\n org.apache.maven.surefire.booter.ForkedBooter.execute(ForkedBooter.java:162)\n org.apache.maven.surefire.booter.ForkedBooter.run(ForkedBooter.java:507)\n org.apache.maven.surefire.booter.ForkedBooter.main(ForkedBooter.java:495)],\n\tVerify that report contains all not ignored endpoints. expected [true] but found [false]\nStack Trace :[org.testng.Assert.fail(Assert.java:111)\n org.testng.Assert.failNotEquals(Assert.java:1578)\n org.testng.Assert.assertTrue(Assert.java:57)\n org.testng.asserts.Assertion$1.doAssert(Assertion.java:86)\n com.pinger.automation.utils.SoftVerifier.doAssert(SoftVerifier.java:20)\n org.testng.asserts.Assertion.assertTrue(Assertion.java:82)\n com.pinger.automation.core.clients.PingerClient.processValidScenario(PingerClient.java:69)\n functional.TC016_VerifyElevenEndpointsProcessingTest.test(TC016_VerifyElevenEndpointsProcessingTest.java:34)\n java.base/jdk.internal.reflect.DirectMethodHandleAccessor.invoke(DirectMethodHandleAccessor.java:103)\n java.base/java.lang.reflect.Method.invoke(Method.java:580)\n org.testng.internal.invokers.MethodInvocationHelper.invokeMethod(MethodInvocationHelper.java:139)\n org.testng.internal.invokers.TestInvoker.invokeMethod(TestInvoker.java:664)\n org.testng.internal.invokers.TestInvoker.invokeTestMethod(TestInvoker.java:228)\n org.testng.internal.invokers.MethodRunner.runInSequence(MethodRunner.java:63)\n org.testng.internal.invokers.TestInvoker$MethodInvocationAgent.invoke(TestInvoker.java:961)\n org.testng.internal.invokers.TestInvoker.invokeTestMethods(TestInvoker.java:201)\n org.testng.internal.invokers.TestMethodWorker.invokeTestMethods(TestMethodWorker.java:148)\n org.testng.internal.invokers.TestMethodWorker.run(TestMethodWorker.java:128)\n java.base/java.util.ArrayList.forEach(ArrayList.java:1596)\n org.testng.TestRunner.privateRun(TestRunner.java:819)\n org.testng.TestRunner.run(TestRunner.java:619)\n org.testng.SuiteRunner.runTest(SuiteRunner.java:443)\n org.testng.SuiteRunner.runSequentially(SuiteRunner.java:437)\n org.testng.SuiteRunner.privateRun(SuiteRunner.java:397)\n org.testng.SuiteRunner.run(SuiteRunner.java:336)\n org.testng.SuiteRunnerWorker.runSuite(SuiteRunnerWorker.java:52)\n org.testng.SuiteRunnerWorker.run(SuiteRunnerWorker.java:95)\n org.testng.TestNG.runSuitesSequentially(TestNG.java:1301)\n org.testng.TestNG.runSuitesLocally(TestNG.java:1228)\n org.testng.TestNG.runSuites(TestNG.java:1134)\n org.testng.TestNG.run(TestNG.java:1101)\n org.apache.maven.surefire.testng.TestNGExecutor.run(TestNGExecutor.java:155)\n org.apache.maven.surefire.testng.TestNGDirectoryTestSuite.executeMulti(TestNGDirectoryTestSuite.java:169)\n org.apache.maven.surefire.testng.TestNGDirectoryTestSuite.execute(TestNGDirectoryTestSuite.java:88)\n org.apache.maven.surefire.testng.TestNGProvider.invoke(TestNGProvider.java:137)\n org.apache.maven.surefire.booter.ForkedBooter.runSuitesInProcess(ForkedBooter.java:385)\n org.apache.maven.surefire.booter.ForkedBooter.execute(ForkedBooter.java:162)\n org.apache.maven.surefire.booter.ForkedBooter.run(ForkedBooter.java:507)\n org.apache.maven.surefire.booter.ForkedBooter.main(ForkedBooter.java:495)],\n\tAssert endpoint data. expected [EndpointDto(address=1.1.1,, description=Invalid IP, ignore=false)] but found [EndpointDto(address=, description=Invalid IP, ignore=false)]\nStack Trace :[org.testng.Assert.fail(Assert.java:111)\n org.testng.Assert.failNotEquals(Assert.java:1578)\n org.testng.Assert.assertEqualsImpl(Assert.java:150)\n org.testng.Assert.assertEquals(Assert.java:132)\n org.testng.asserts.Assertion$8.doAssert(Assertion.java:156)\n com.pinger.automation.utils.SoftVerifier.doAssert(SoftVerifier.java:20)\n org.testng.asserts.Assertion.assertEquals(Assertion.java:152)\n com.pinger.automation.core.clients.PingerClient.validateEndpointEntries(PingerClient.java:89)\n com.pinger.automation.core.clients.PingerClient.processValidScenario(PingerClient.java:73)\n functional.TC016_VerifyElevenEndpointsProcessingTest.test(TC016_VerifyElevenEndpointsProcessingTest.java:34)\n java.base/jdk.internal.reflect.DirectMethodHandleAccessor.invoke(DirectMethodHandleAccessor.java:103)\n java.base/java.lang.reflect.Method.invoke(Method.java:580)\n org.testng.internal.invokers.MethodInvocationHelper.invokeMethod(MethodInvocationHelper.java:139)\n org.testng.internal.invokers.TestInvoker.invokeMethod(TestInvoker.java:664)\n org.testng.internal.invokers.TestInvoker.invokeTestMethod(TestInvoker.java:228)\n org.testng.internal.invokers.MethodRunner.runInSequence(MethodRunner.java:63)\n org.testng.internal.invokers.TestInvoker$MethodInvocationAgent.invoke(TestInvoker.java:961)\n org.testng.internal.invokers.TestInvoker.invokeTestMethods(TestInvoker.java:201)\n org.testng.internal.invokers.TestMethodWorker.invokeTestMethods(TestMethodWorker.java:148)\n org.testng.internal.invokers.TestMethodWorker.run(TestMethodWorker.java:128)\n java.base/java.util.ArrayList.forEach(ArrayList.java:1596)\n org.testng.TestRunner.privateRun(TestRunner.java:819)\n org.testng.TestRunner.run(TestRunner.java:619)\n org.testng.SuiteRunner.runTest(SuiteRunner.java:443)\n org.testng.SuiteRunner.runSequentially(SuiteRunner.java:437)\n org.testng.SuiteRunner.privateRun(SuiteRunner.java:397)\n org.testng.SuiteRunner.run(SuiteRunner.java:336)\n org.testng.SuiteRunnerWorker.runSuite(SuiteRunnerWorker.java:52)\n org.testng.SuiteRunnerWorker.run(SuiteRunnerWorker.java:95)\n org.testng.TestNG.runSuitesSequentially(TestNG.java:1301)\n org.testng.TestNG.runSuitesLocally(TestNG.java:1228)\n org.testng.TestNG.runSuites(TestNG.java:1134)\n org.testng.TestNG.run(TestNG.java:1101)\n org.apache.maven.surefire.testng.TestNGExecutor.run(TestNGExecutor.java:155)\n org.apache.maven.surefire.testng.TestNGDirectoryTestSuite.executeMulti(TestNGDirectoryTestSuite.java:169)\n org.apache.maven.surefire.testng.TestNGDirectoryTestSuite.execute(TestNGDirectoryTestSuite.java:88)\n org.apache.maven.surefire.testng.TestNGProvider.invoke(TestNGProvider.java:137)\n org.apache.maven.surefire.booter.ForkedBooter.runSuitesInProcess(ForkedBooter.java:385)\n org.apache.maven.surefire.booter.ForkedBooter.execute(ForkedBooter.java:162)\n org.apache.maven.surefire.booter.ForkedBooter.run(ForkedBooter.java:507)\n org.apache.maven.surefire.booter.ForkedBooter.main(ForkedBooter.java:495)]\n\tat com.pinger.automation.utils.SoftVerifier.verifyAll(SoftVerifier.java:49)\n\tat com.pinger.automation.core.clients.PingerClient.processValidScenario(PingerClient.java:74)\n\tat functional.TC016_VerifyElevenEndpointsProcessingTest.test(TC016_VerifyElevenEndpointsProcessingTest.java:34)\n\tat java.base/jdk.internal.reflect.DirectMethodHandleAccessor.invoke(DirectMethodHandleAccessor.java:103)\n\tat java.base/java.lang.reflect.Method.invoke(Method.java:580)\n\tat org.testng.internal.invokers.MethodInvocationHelper.invokeMethod(MethodInvocationHelper.java:139)\n\tat org.testng.internal.invokers.TestInvoker.invokeMethod(TestInvoker.java:664)\n\tat org.testng.internal.invokers.TestInvoker.invokeTestMethod(TestInvoker.java:228)\n\tat org.testng.internal.invokers.MethodRunner.runInSequence(MethodRunner.java:63)\n\tat org.testng.internal.invokers.TestInvoker$MethodInvocationAgent.invoke(TestInvoker.java:961)\n\tat org.testng.internal.invokers.TestInvoker.invokeTestMethods(TestInvoker.java:201)\n\tat org.testng.internal.invokers.TestMethodWorker.invokeTestMethods(TestMethodWorker.java:148)\n\tat org.testng.internal.invokers.TestMethodWorker.run(TestMethodWorker.java:128)\n\tat java.base/java.util.ArrayList.forEach(ArrayList.java:1596)\n\tat org.testng.TestRunner.privateRun(TestRunner.java:819)\n\tat org.testng.TestRunner.run(TestRunner.java:619)\n\tat org.testng.SuiteRunner.runTest(SuiteRunner.java:443)\n\tat org.testng.SuiteRunner.runSequentially(SuiteRunner.java:437)\n\tat org.testng.SuiteRunner.privateRun(SuiteRunner.java:397)\n\tat org.testng.SuiteRunner.run(SuiteRunner.java:336)\n\tat org.testng.SuiteRunnerWorker.runSuite(SuiteRunnerWorker.java:52)\n\tat org.testng.SuiteRunnerWorker.run(SuiteRunnerWorker.java:95)\n\tat org.testng.TestNG.runSuitesSequentially(TestNG.java:1301)\n\tat org.testng.TestNG.runSuitesLocally(TestNG.java:1228)\n\tat org.testng.TestNG.runSuites(TestNG.java:1134)\n\tat org.testng.TestNG.run(TestNG.java:1101)\n\tat org.apache.maven.surefire.testng.TestNGExecutor.run(TestNGExecutor.java:155)\n\tat org.apache.maven.surefire.testng.TestNGDirectoryTestSuite.executeMulti(TestNGDirectoryTestSuite.java:169)\n\tat org.apache.maven.surefire.testng.TestNGDirectoryTestSuite.execute(TestNGDirectoryTestSuite.java:88)\n\tat org.apache.maven.surefire.testng.TestNGProvider.invoke(TestNGProvider.java:137)\n\tat org.apache.maven.surefire.booter.ForkedBooter.runSuitesInProcess(ForkedBooter.java:385)\n\tat org.apache.maven.surefire.booter.ForkedBooter.execute(ForkedBooter.java:162)\n\tat org.apache.maven.surefire.booter.ForkedBooter.run(ForkedBooter.java:507)\n\tat org.apache.maven.surefire.booter.ForkedBooter.main(ForkedBooter.java:495)\n","steps":[{"name":"Running ./pinger application with TC016_VerifyElevenEndpointsProcessingTestConfig.json TC016_VerifyElevenEndpointsProcessingTestReport.json parameters.","time":{"start":1739352907883,"stop":1739352907883,"duration":0},"status":"passed","steps":[],"attachments":[],"parameters":[],"shouldDisplayMessage":false,"stepsCount":0,"attachmentsCount":0,"hasContent":false,"attachmentStep":false},{"name":"Assertion Passed: Verity start date time.","time":{"start":1739353057948,"stop":1739353057948,"duration":0},"status":"passed","steps":[],"attachments":[],"parameters":[],"shouldDisplayMessage":false,"stepsCount":0,"attachmentsCount":0,"hasContent":false,"attachmentStep":false},{"name":"Assertion Passed: Verity max successful pings is less or equal to successful ones.","time":{"start":1739353057948,"stop":1739353057948,"duration":0},"status":"passed","steps":[],"attachments":[],"parameters":[],"shouldDisplayMessage":false,"stepsCount":0,"attachmentsCount":0,"hasContent":false,"attachmentStep":false},{"name":"Assertion Passed: Verify that report does not contain duplicates.","time":{"start":1739353057948,"stop":1739353057948,"duration":0},"status":"passed","steps":[],"attachments":[],"parameters":[],"shouldDisplayMessage":false,"stepsCount":0,"attachmentsCount":0,"hasContent":false,"attachmentStep":false},{"name":"Assertion Passed: Assert endpoint data.","time":{"start":1739353057949,"stop":1739353057949,"duration":0},"status":"passed","steps":[],"attachments":[],"parameters":[],"shouldDisplayMessage":false,"stepsCount":0,"attachmentsCount":0,"hasContent":false,"attachmentStep":false},{"name":"Assertion Passed: Assert actual total vs maximum successful pings.","time":{"start":1739353057949,"stop":1739353057949,"duration":0},"status":"passed","steps":[],"attachments":[],"parameters":[],"shouldDisplayMessage":false,"stepsCount":0,"attachmentsCount":0,"hasContent":false,"attachmentStep":false},{"name":"Assertion Passed: Successful pings count is >= maximum pings.","time":{"start":1739353057949,"stop":1739353057949,"duration":0},"status":"passed","steps":[],"attachments":[],"parameters":[],"shouldDisplayMessage":false,"stepsCount":0,"attachmentsCount":0,"hasContent":false,"attachmentStep":false},{"name":"Assertion Passed: Assert endpoint data.","time":{"start":1739353057949,"stop":1739353057949,"duration":0},"status":"passed","steps":[],"attachments":[],"parameters":[],"shouldDisplayMessage":false,"stepsCount":0,"attachmentsCount":0,"hasContent":false,"attachmentStep":false},{"name":"Assertion Passed: Assert actual total vs maximum successful pings.","time":{"start":1739353057949,"stop":1739353057949,"duration":0},"status":"passed","steps":[],"attachments":[],"parameters":[],"shouldDisplayMessage":false,"stepsCount":0,"attachmentsCount":0,"hasContent":false,"attachmentStep":false},{"name":"Assertion Passed: Successful pings count is >= maximum pings.","time":{"start":1739353057949,"stop":1739353057949,"duration":0},"status":"passed","steps":[],"attachments":[],"parameters":[],"shouldDisplayMessage":false,"stepsCount":0,"attachmentsCount":0,"hasContent":false,"attachmentStep":false},{"name":"Assertion Passed: Assert endpoint data.","time":{"start":1739353057949,"stop":1739353057949,"duration":0},"status":"passed","steps":[],"attachments":[],"parameters":[],"shouldDisplayMessage":false,"stepsCount":0,"attachmentsCount":0,"hasContent":false,"attachmentStep":false},{"name":"Assertion Passed: Assert actual total vs maximum successful pings.","time":{"start":1739353057949,"stop":1739353057949,"duration":0},"status":"passed","steps":[],"attachments":[],"parameters":[],"shouldDisplayMessage":false,"stepsCount":0,"attachmentsCount":0,"hasContent":false,"attachmentStep":false},{"name":"Assertion Passed: Successful pings count is >= maximum pings.","time":{"start":1739353057949,"stop":1739353057949,"duration":0},"status":"passed","steps":[],"attachments":[],"parameters":[],"shouldDisplayMessage":false,"stepsCount":0,"attachmentsCount":0,"hasContent":false,"attachmentStep":false},{"name":"Assertion Passed: Assert endpoint data.","time":{"start":1739353057950,"stop":1739353057950,"duration":0},"status":"passed","steps":[],"attachments":[],"parameters":[],"shouldDisplayMessage":false,"stepsCount":0,"attachmentsCount":0,"hasContent":false,"attachmentStep":false},{"name":"Assertion Passed: Assert actual total vs maximum successful pings.","time":{"start":1739353057950,"stop":1739353057950,"duration":0},"status":"passed","steps":[],"attachments":[],"parameters":[],"shouldDisplayMessage":false,"stepsCount":0,"attachmentsCount":0,"hasContent":false,"attachmentStep":false},{"name":"Assertion Passed: Successful pings count is >= maximum pings.","time":{"start":1739353057950,"stop":1739353057950,"duration":0},"status":"passed","steps":[],"attachments":[],"parameters":[],"shouldDisplayMessage":false,"stepsCount":0,"attachmentsCount":0,"hasContent":false,"attachmentStep":false},{"name":"Assertion Passed: Assert endpoint data.","time":{"start":1739353057950,"stop":1739353057950,"duration":0},"status":"passed","steps":[],"attachments":[],"parameters":[],"shouldDisplayMessage":false,"stepsCount":0,"attachmentsCount":0,"hasContent":false,"attachmentStep":false},{"name":"Assertion Passed: Assert actual total vs maximum successful pings.","time":{"start":1739353057950,"stop":1739353057950,"duration":0},"status":"passed","steps":[],"attachments":[],"parameters":[],"shouldDisplayMessage":false,"stepsCount":0,"attachmentsCount":0,"hasContent":false,"attachmentStep":false},{"name":"Assertion Passed: Successful pings count is >= maximum pings.","time":{"start":1739353057950,"stop":1739353057950,"duration":0},"status":"passed","steps":[],"attachments":[],"parameters":[],"shouldDisplayMessage":false,"stepsCount":0,"attachmentsCount":0,"hasContent":false,"attachmentStep":false},{"name":"Assertion Passed: Assert actual total vs maximum successful pings.","time":{"start":1739353057951,"stop":1739353057951,"duration":0},"status":"passed","steps":[],"attachments":[],"parameters":[],"shouldDisplayMessage":false,"stepsCount":0,"attachmentsCount":0,"hasContent":false,"attachmentStep":false},{"name":"Assertion Passed: Successful pings count is >= maximum pings.","time":{"start":1739353057951,"stop":1739353057951,"duration":0},"status":"passed","steps":[],"attachments":[],"parameters":[],"shouldDisplayMessage":false,"stepsCount":0,"attachmentsCount":0,"hasContent":false,"attachmentStep":false}],"attachments":[],"parameters":[],"shouldDisplayMessage":true,"stepsCount":21,"attachmentsCount":0,"hasContent":true,"attachmentStep":false},"afterStages":[{"name":"afterClass","time":{"start":1739353057956,"stop":1739353057956,"duration":0},"description":"","status":"passed","steps":[],"attachments":[],"parameters":[],"shouldDisplayMessage":false,"stepsCount":0,"attachmentsCount":0,"hasContent":false,"attachmentStep":false}],"labels":[{"name":"package","value":"functional.TC016_VerifyElevenEndpointsProcessingTest"},{"name":"testClass","value":"functional.TC016_VerifyElevenEndpointsProcessingTest"},{"name":"testMethod","value":"test"},{"name":"parentSuite","value":"Surefire suite"},{"name":"suite","value":"Surefire test"},{"name":"subSuite","value":"functional.TC016_VerifyElevenEndpointsProcessingTest"},{"name":"host","value":"fv-az1365-627"},{"name":"thread","value":"4001@fv-az1365-627.main(1)"},{"name":"framework","value":"testng"},{"name":"language","value":"java"},{"name":"resultFormat","value":"allure2"}],"parameters":[],"links":[],"hidden":false,"retry":false,"extra":{"severity":"normal","retries":[],"categories":[{"name":"Product defects","matchedStatuses":[],"flaky":false}],"history":{"statistic":{"failed":3,"broken":0,"skipped":0,"passed":0,"unknown":0,"total":3},"items":[{"uid":"7f59f837ef60c0c1","reportUrl":"https://ZeroTull.github.io/ns_sqa2/7//#testresult/7f59f837ef60c0c1","status":"failed","statusDetails":"The following asserts failed:\n\tVerify that start and end time differs. did not expect [2025-02-11T00:17:48.060481982Z] but found [2025-02-11T00:17:48.060481982Z]\nStack Trace :[org.testng.Assert.fail(Assert.java:111)\n org.testng.Assert.failEquals(Assert.java:1582)\n org.testng.Assert.assertNotEqualsImpl(Assert.java:157)\n org.testng.Assert.assertNotEquals(Assert.java:2201)\n org.testng.asserts.Assertion$47.doAssert(Assertion.java:550)\n com.pinger.automation.utils.SoftVerifier.doAssert(SoftVerifier.java:20)\n org.testng.asserts.Assertion.assertNotEquals(Assertion.java:546)\n com.pinger.automation.core.clients.PingerClient.processValidScenario(PingerClient.java:56)\n functional.TC016_VerifyElevenEndpointsProcessingTest.test(TC016_VerifyElevenEndpointsProcessingTest.java:34)\n java.base/jdk.internal.reflect.DirectMethodHandleAccessor.invoke(DirectMethodHandleAccessor.java:103)\n java.base/java.lang.reflect.Method.invoke(Method.java:580)\n org.testng.internal.invokers.MethodInvocationHelper.invokeMethod(MethodInvocationHelper.java:139)\n org.testng.internal.invokers.TestInvoker.invokeMethod(TestInvoker.java:664)\n org.testng.internal.invokers.TestInvoker.invokeTestMethod(TestInvoker.java:228)\n org.testng.internal.invokers.MethodRunner.runInSequence(MethodRunner.java:63)\n org.testng.internal.invokers.TestInvoker$MethodInvocationAgent.invoke(TestInvoker.java:961)\n org.testng.internal.invokers.TestInvoker.invokeTestMethods(TestInvoker.java:201)\n org.testng.internal.invokers.TestMethodWorker.invokeTestMethods(TestMethodWorker.java:148)\n org.testng.internal.invokers.TestMethodWorker.run(TestMethodWorker.java:128)\n java.base/java.util.ArrayList.forEach(ArrayList.java:1596)\n org.testng.TestRunner.privateRun(TestRunner.java:819)\n org.testng.TestRunner.run(TestRunner.java:619)\n org.testng.SuiteRunner.runTest(SuiteRunner.java:443)\n org.testng.SuiteRunner.runSequentially(SuiteRunner.java:437)\n org.testng.SuiteRunner.privateRun(SuiteRunner.java:397)\n org.testng.SuiteRunner.run(SuiteRunner.java:336)\n org.testng.SuiteRunnerWorker.runSuite(SuiteRunnerWorker.java:52)\n org.testng.SuiteRunnerWorker.run(SuiteRunnerWorker.java:95)\n org.testng.TestNG.runSuitesSequentially(TestNG.java:1301)\n org.testng.TestNG.runSuitesLocally(TestNG.java:1228)\n org.testng.TestNG.runSuites(TestNG.java:1134)\n org.testng.TestNG.run(TestNG.java:1101)\n org.apache.maven.surefire.testng.TestNGExecutor.run(TestNGExecutor.java:155)\n org.apache.maven.surefire.testng.TestNGDirectoryTestSuite.executeMulti(TestNGDirectoryTestSuite.java:169)\n org.apache.maven.surefire.testng.TestNGDirectoryTestSuite.execute(TestNGDirectoryTestSuite.java:88)\n org.apache.maven.surefire.testng.TestNGProvider.invoke(TestNGProvider.java:137)\n org.apache.maven.surefire.booter.ForkedBooter.runSuitesInProcess(ForkedBooter.java:385)\n org.apache.maven.surefire.booter.ForkedBooter.execute(ForkedBooter.java:162)\n org.apache.maven.surefire.booter.ForkedBooter.run(ForkedBooter.java:507)\n org.apache.maven.surefire.booter.ForkedBooter.main(ForkedBooter.java:495)],\n\tVerify that start date is before end date. expected [true] but found [false]\nStack Trace :[org.testng.Assert.fail(Assert.java:111)\n org.testng.Assert.failNotEquals(Assert.java:1578)\n org.testng.Assert.assertTrue(Assert.java:57)\n org.testng.asserts.Assertion$1.doAssert(Assertion.java:86)\n com.pinger.automation.utils.SoftVerifier.doAssert(SoftVerifier.java:20)\n org.testng.asserts.Assertion.assertTrue(Assertion.java:82)\n com.pinger.automation.core.clients.PingerClient.processValidScenario(PingerClient.java:57)\n functional.TC016_VerifyElevenEndpointsProcessingTest.test(TC016_VerifyElevenEndpointsProcessingTest.java:34)\n java.base/jdk.internal.reflect.DirectMethodHandleAccessor.invoke(DirectMethodHandleAccessor.java:103)\n java.base/java.lang.reflect.Method.invoke(Method.java:580)\n org.testng.internal.invokers.MethodInvocationHelper.invokeMethod(MethodInvocationHelper.java:139)\n org.testng.internal.invokers.TestInvoker.invokeMethod(TestInvoker.java:664)\n org.testng.internal.invokers.TestInvoker.invokeTestMethod(TestInvoker.java:228)\n org.testng.internal.invokers.MethodRunner.runInSequence(MethodRunner.java:63)\n org.testng.internal.invokers.TestInvoker$MethodInvocationAgent.invoke(TestInvoker.java:961)\n org.testng.internal.invokers.TestInvoker.invokeTestMethods(TestInvoker.java:201)\n org.testng.internal.invokers.TestMethodWorker.invokeTestMethods(TestMethodWorker.java:148)\n org.testng.internal.invokers.TestMethodWorker.run(TestMethodWorker.java:128)\n java.base/java.util.ArrayList.forEach(ArrayList.java:1596)\n org.testng.TestRunner.privateRun(TestRunner.java:819)\n org.testng.TestRunner.run(TestRunner.java:619)\n org.testng.SuiteRunner.runTest(SuiteRunner.java:443)\n org.testng.SuiteRunner.runSequentially(SuiteRunner.java:437)\n org.testng.SuiteRunner.privateRun(SuiteRunner.java:397)\n org.testng.SuiteRunner.run(SuiteRunner.java:336)\n org.testng.SuiteRunnerWorker.runSuite(SuiteRunnerWorker.java:52)\n org.testng.SuiteRunnerWorker.run(SuiteRunnerWorker.java:95)\n org.testng.TestNG.runSuitesSequentially(TestNG.java:1301)\n org.testng.TestNG.runSuitesLocally(TestNG.java:1228)\n org.testng.TestNG.runSuites(TestNG.java:1134)\n org.testng.TestNG.run(TestNG.java:1101)\n org.apache.maven.surefire.testng.TestNGExecutor.run(TestNGExecutor.java:155)\n org.apache.maven.surefire.testng.TestNGDirectoryTestSuite.executeMulti(TestNGDirectoryTestSuite.java:169)\n org.apache.maven.surefire.testng.TestNGDirectoryTestSuite.execute(TestNGDirectoryTestSuite.java:88)\n org.apache.maven.surefire.testng.TestNGProvider.invoke(TestNGProvider.java:137)\n org.apache.maven.surefire.booter.ForkedBooter.runSuitesInProcess(ForkedBooter.java:385)\n org.apache.maven.surefire.booter.ForkedBooter.execute(ForkedBooter.java:162)\n org.apache.maven.surefire.booter.ForkedBooter.run(ForkedBooter.java:507)\n org.apache.maven.surefire.booter.ForkedBooter.main(ForkedBooter.java:495)],\n\tVerity end date time. expected [2025-02-11T00:17:48Z] but found [2025-02-11T00:22:48Z]\nStack Trace :[org.testng.Assert.fail(Assert.java:111)\n org.testng.Assert.failNotEquals(Assert.java:1578)\n org.testng.Assert.assertEqualsImpl(Assert.java:150)\n org.testng.Assert.assertEquals(Assert.java:132)\n org.testng.asserts.Assertion$8.doAssert(Assertion.java:156)\n com.pinger.automation.utils.SoftVerifier.doAssert(SoftVerifier.java:20)\n org.testng.asserts.Assertion.assertEquals(Assertion.java:152)\n com.pinger.automation.core.clients.PingerClient.processValidScenario(PingerClient.java:59)\n functional.TC016_VerifyElevenEndpointsProcessingTest.test(TC016_VerifyElevenEndpointsProcessingTest.java:34)\n java.base/jdk.internal.reflect.DirectMethodHandleAccessor.invoke(DirectMethodHandleAccessor.java:103)\n java.base/java.lang.reflect.Method.invoke(Method.java:580)\n org.testng.internal.invokers.MethodInvocationHelper.invokeMethod(MethodInvocationHelper.java:139)\n org.testng.internal.invokers.TestInvoker.invokeMethod(TestInvoker.java:664)\n org.testng.internal.invokers.TestInvoker.invokeTestMethod(TestInvoker.java:228)\n org.testng.internal.invokers.MethodRunner.runInSequence(MethodRunner.java:63)\n org.testng.internal.invokers.TestInvoker$MethodInvocationAgent.invoke(TestInvoker.java:961)\n org.testng.internal.invokers.TestInvoker.invokeTestMethods(TestInvoker.java:201)\n org.testng.internal.invokers.TestMethodWorker.invokeTestMethods(TestMethodWorker.java:148)\n org.testng.internal.invokers.TestMethodWorker.run(TestMethodWorker.java:128)\n java.base/java.util.ArrayList.forEach(ArrayList.java:1596)\n org.testng.TestRunner.privateRun(TestRunner.java:819)\n org.testng.TestRunner.run(TestRunner.java:619)\n org.testng.SuiteRunner.runTest(SuiteRunner.java:443)\n org.testng.SuiteRunner.runSequentially(SuiteRunner.java:437)\n org.testng.SuiteRunner.privateRun(SuiteRunner.java:397)\n org.testng.SuiteRunner.run(SuiteRunner.java:336)\n org.testng.SuiteRunnerWorker.runSuite(SuiteRunnerWorker.java:52)\n org.testng.SuiteRunnerWorker.run(SuiteRunnerWorker.java:95)\n org.testng.TestNG.runSuitesSequentially(TestNG.java:1301)\n org.testng.TestNG.runSuitesLocally(TestNG.java:1228)\n org.testng.TestNG.runSuites(TestNG.java:1134)\n org.testng.TestNG.run(TestNG.java:1101)\n org.apache.maven.surefire.testng.TestNGExecutor.run(TestNGExecutor.java:155)\n org.apache.maven.surefire.testng.TestNGDirectoryTestSuite.executeMulti(TestNGDirectoryTestSuite.java:169)\n org.apache.maven.surefire.testng.TestNGDirectoryTestSuite.execute(TestNGDirectoryTestSuite.java:88)\n org.apache.maven.surefire.testng.TestNGProvider.invoke(TestNGProvider.java:137)\n org.apache.maven.surefire.booter.ForkedBooter.runSuitesInProcess(ForkedBooter.java:385)\n org.apache.maven.surefire.booter.ForkedBooter.execute(ForkedBooter.java:162)\n org.apache.maven.surefire.booter.ForkedBooter.run(ForkedBooter.java:507)\n org.apache.maven.surefire.booter.ForkedBooter.main(ForkedBooter.java:495)],\n\tVerity min successful pings. expected [2] but found [1]\nStack Trace :[org.testng.Assert.fail(Assert.java:111)\n org.testng.Assert.failNotEquals(Assert.java:1578)\n org.testng.Assert.assertEqualsImpl(Assert.java:150)\n org.testng.Assert.assertEquals(Assert.java:132)\n org.testng.Assert.assertEquals(Assert.java:1419)\n org.testng.Assert.assertEquals(Assert.java:1383)\n org.testng.asserts.Assertion$26.doAssert(Assertion.java:338)\n com.pinger.automation.utils.SoftVerifier.doAssert(SoftVerifier.java:20)\n org.testng.asserts.Assertion.assertEquals(Assertion.java:334)\n com.pinger.automation.core.clients.PingerClient.processValidScenario(PingerClient.java:62)\n functional.TC016_VerifyElevenEndpointsProcessingTest.test(TC016_VerifyElevenEndpointsProcessingTest.java:34)\n java.base/jdk.internal.reflect.DirectMethodHandleAccessor.invoke(DirectMethodHandleAccessor.java:103)\n java.base/java.lang.reflect.Method.invoke(Method.java:580)\n org.testng.internal.invokers.MethodInvocationHelper.invokeMethod(MethodInvocationHelper.java:139)\n org.testng.internal.invokers.TestInvoker.invokeMethod(TestInvoker.java:664)\n org.testng.internal.invokers.TestInvoker.invokeTestMethod(TestInvoker.java:228)\n org.testng.internal.invokers.MethodRunner.runInSequence(MethodRunner.java:63)\n org.testng.internal.invokers.TestInvoker$MethodInvocationAgent.invoke(TestInvoker.java:961)\n org.testng.internal.invokers.TestInvoker.invokeTestMethods(TestInvoker.java:201)\n org.testng.internal.invokers.TestMethodWorker.invokeTestMethods(TestMethodWorker.java:148)\n org.testng.internal.invokers.TestMethodWorker.run(TestMethodWorker.java:128)\n java.base/java.util.ArrayList.forEach(ArrayList.java:1596)\n org.testng.TestRunner.privateRun(TestRunner.java:819)\n org.testng.TestRunner.run(TestRunner.java:619)\n org.testng.SuiteRunner.runTest(SuiteRunner.java:443)\n org.testng.SuiteRunner.runSequentially(SuiteRunner.java:437)\n org.testng.SuiteRunner.privateRun(SuiteRunner.java:397)\n org.testng.SuiteRunner.run(SuiteRunner.java:336)\n org.testng.SuiteRunnerWorker.runSuite(SuiteRunnerWorker.java:52)\n org.testng.SuiteRunnerWorker.run(SuiteRunnerWorker.java:95)\n org.testng.TestNG.runSuitesSequentially(TestNG.java:1301)\n org.testng.TestNG.runSuitesLocally(TestNG.java:1228)\n org.testng.TestNG.runSuites(TestNG.java:1134)\n org.testng.TestNG.run(TestNG.java:1101)\n org.apache.maven.surefire.testng.TestNGExecutor.run(TestNGExecutor.java:155)\n org.apache.maven.surefire.testng.TestNGDirectoryTestSuite.executeMulti(TestNGDirectoryTestSuite.java:169)\n org.apache.maven.surefire.testng.TestNGDirectoryTestSuite.execute(TestNGDirectoryTestSuite.java:88)\n org.apache.maven.surefire.testng.TestNGProvider.invoke(TestNGProvider.java:137)\n org.apache.maven.surefire.booter.ForkedBooter.runSuitesInProcess(ForkedBooter.java:385)\n org.apache.maven.surefire.booter.ForkedBooter.execute(ForkedBooter.java:162)\n org.apache.maven.surefire.booter.ForkedBooter.run(ForkedBooter.java:507)\n org.apache.maven.surefire.booter.ForkedBooter.main(ForkedBooter.java:495)],\n\tVerify that report contains all not ignored endpoints. expected [true] but found [false]\nStack Trace :[org.testng.Assert.fail(Assert.java:111)\n org.testng.Assert.failNotEquals(Assert.java:1578)\n org.testng.Assert.assertTrue(Assert.java:57)\n org.testng.asserts.Assertion$1.doAssert(Assertion.java:86)\n com.pinger.automation.utils.SoftVerifier.doAssert(SoftVerifier.java:20)\n org.testng.asserts.Assertion.assertTrue(Assertion.java:82)\n com.pinger.automation.core.clients.PingerClient.processValidScenario(PingerClient.java:69)\n functional.TC016_VerifyElevenEndpointsProcessingTest.test(TC016_VerifyElevenEndpointsProcessingTest.java:34)\n java.base/jdk.internal.reflect.DirectMethodHandleAccessor.invoke(DirectMethodHandleAccessor.java:103)\n java.base/java.lang.reflect.Method.invoke(Method.java:580)\n org.testng.internal.invokers.MethodInvocationHelper.invokeMethod(MethodInvocationHelper.java:139)\n org.testng.internal.invokers.TestInvoker.invokeMethod(TestInvoker.java:664)\n org.testng.internal.invokers.TestInvoker.invokeTestMethod(TestInvoker.java:228)\n org.testng.internal.invokers.MethodRunner.runInSequence(MethodRunner.java:63)\n org.testng.internal.invokers.TestInvoker$MethodInvocationAgent.invoke(TestInvoker.java:961)\n org.testng.internal.invokers.TestInvoker.invokeTestMethods(TestInvoker.java:201)\n org.testng.internal.invokers.TestMethodWorker.invokeTestMethods(TestMethodWorker.java:148)\n org.testng.internal.invokers.TestMethodWorker.run(TestMethodWorker.java:128)\n java.base/java.util.ArrayList.forEach(ArrayList.java:1596)\n org.testng.TestRunner.privateRun(TestRunner.java:819)\n org.testng.TestRunner.run(TestRunner.java:619)\n org.testng.SuiteRunner.runTest(SuiteRunner.java:443)\n org.testng.SuiteRunner.runSequentially(SuiteRunner.java:437)\n org.testng.SuiteRunner.privateRun(SuiteRunner.java:397)\n org.testng.SuiteRunner.run(SuiteRunner.java:336)\n org.testng.SuiteRunnerWorker.runSuite(SuiteRunnerWorker.java:52)\n org.testng.SuiteRunnerWorker.run(SuiteRunnerWorker.java:95)\n org.testng.TestNG.runSuitesSequentially(TestNG.java:1301)\n org.testng.TestNG.runSuitesLocally(TestNG.java:1228)\n org.testng.TestNG.runSuites(TestNG.java:1134)\n org.testng.TestNG.run(TestNG.java:1101)\n org.apache.maven.surefire.testng.TestNGExecutor.run(TestNGExecutor.java:155)\n org.apache.maven.surefire.testng.TestNGDirectoryTestSuite.executeMulti(TestNGDirectoryTestSuite.java:169)\n org.apache.maven.surefire.testng.TestNGDirectoryTestSuite.execute(TestNGDirectoryTestSuite.java:88)\n org.apache.maven.surefire.testng.TestNGProvider.invoke(TestNGProvider.java:137)\n org.apache.maven.surefire.booter.ForkedBooter.runSuitesInProcess(ForkedBooter.java:385)\n org.apache.maven.surefire.booter.ForkedBooter.execute(ForkedBooter.java:162)\n org.apache.maven.surefire.booter.ForkedBooter.run(ForkedBooter.java:507)\n org.apache.maven.surefire.booter.ForkedBooter.main(ForkedBooter.java:495)]","time":{"start":1739233068056,"stop":1739233368147,"duration":300091}},{"uid":"69574204b2abd986","reportUrl":"https://ZeroTull.github.io/ns_sqa2/6//#testresult/69574204b2abd986","status":"failed","statusDetails":"The following asserts failed:\n\tVerify that start and end time differs. did not expect [2025-02-10T23:51:21.164784017Z] but found [2025-02-10T23:51:21.164784017Z]\nStack Trace :[org.testng.Assert.fail(Assert.java:111)\n org.testng.Assert.failEquals(Assert.java:1582)\n org.testng.Assert.assertNotEqualsImpl(Assert.java:157)\n org.testng.Assert.assertNotEquals(Assert.java:2201)\n org.testng.asserts.Assertion$47.doAssert(Assertion.java:550)\n com.pinger.automation.utils.SoftVerifier.doAssert(SoftVerifier.java:20)\n org.testng.asserts.Assertion.assertNotEquals(Assertion.java:546)\n com.pinger.automation.core.clients.PingerClient.processValidScenario(PingerClient.java:56)\n functional.TC016_VerifyElevenEndpointsProcessingTest.test(TC016_VerifyElevenEndpointsProcessingTest.java:37)\n java.base/jdk.internal.reflect.DirectMethodHandleAccessor.invoke(DirectMethodHandleAccessor.java:103)\n java.base/java.lang.reflect.Method.invoke(Method.java:580)\n org.testng.internal.invokers.MethodInvocationHelper.invokeMethod(MethodInvocationHelper.java:139)\n org.testng.internal.invokers.TestInvoker.invokeMethod(TestInvoker.java:664)\n org.testng.internal.invokers.TestInvoker.invokeTestMethod(TestInvoker.java:228)\n org.testng.internal.invokers.MethodRunner.runInSequence(MethodRunner.java:63)\n org.testng.internal.invokers.TestInvoker$MethodInvocationAgent.invoke(TestInvoker.java:961)\n org.testng.internal.invokers.TestInvoker.invokeTestMethods(TestInvoker.java:201)\n org.testng.internal.invokers.TestMethodWorker.invokeTestMethods(TestMethodWorker.java:148)\n org.testng.internal.invokers.TestMethodWorker.run(TestMethodWorker.java:128)\n java.base/java.util.ArrayList.forEach(ArrayList.java:1596)\n org.testng.TestRunner.privateRun(TestRunner.java:819)\n org.testng.TestRunner.run(TestRunner.java:619)\n org.testng.SuiteRunner.runTest(SuiteRunner.java:443)\n org.testng.SuiteRunner.runSequentially(SuiteRunner.java:437)\n org.testng.SuiteRunner.privateRun(SuiteRunner.java:397)\n org.testng.SuiteRunner.run(SuiteRunner.java:336)\n org.testng.SuiteRunnerWorker.runSuite(SuiteRunnerWorker.java:52)\n org.testng.SuiteRunnerWorker.run(SuiteRunnerWorker.java:95)\n org.testng.TestNG.runSuitesSequentially(TestNG.java:1301)\n org.testng.TestNG.runSuitesLocally(TestNG.java:1228)\n org.testng.TestNG.runSuites(TestNG.java:1134)\n org.testng.TestNG.run(TestNG.java:1101)\n org.apache.maven.surefire.testng.TestNGExecutor.run(TestNGExecutor.java:155)\n org.apache.maven.surefire.testng.TestNGDirectoryTestSuite.executeMulti(TestNGDirectoryTestSuite.java:169)\n org.apache.maven.surefire.testng.TestNGDirectoryTestSuite.execute(TestNGDirectoryTestSuite.java:88)\n org.apache.maven.surefire.testng.TestNGProvider.invoke(TestNGProvider.java:137)\n org.apache.maven.surefire.booter.ForkedBooter.runSuitesInProcess(ForkedBooter.java:385)\n org.apache.maven.surefire.booter.ForkedBooter.execute(ForkedBooter.java:162)\n org.apache.maven.surefire.booter.ForkedBooter.run(ForkedBooter.java:507)\n org.apache.maven.surefire.booter.ForkedBooter.main(ForkedBooter.java:495)],\n\tVerify that start date is before end date. expected [true] but found [false]\nStack Trace :[org.testng.Assert.fail(Assert.java:111)\n org.testng.Assert.failNotEquals(Assert.java:1578)\n org.testng.Assert.assertTrue(Assert.java:57)\n org.testng.asserts.Assertion$1.doAssert(Assertion.java:86)\n com.pinger.automation.utils.SoftVerifier.doAssert(SoftVerifier.java:20)\n org.testng.asserts.Assertion.assertTrue(Assertion.java:82)\n com.pinger.automation.core.clients.PingerClient.processValidScenario(PingerClient.java:57)\n functional.TC016_VerifyElevenEndpointsProcessingTest.test(TC016_VerifyElevenEndpointsProcessingTest.java:37)\n java.base/jdk.internal.reflect.DirectMethodHandleAccessor.invoke(DirectMethodHandleAccessor.java:103)\n java.base/java.lang.reflect.Method.invoke(Method.java:580)\n org.testng.internal.invokers.MethodInvocationHelper.invokeMethod(MethodInvocationHelper.java:139)\n org.testng.internal.invokers.TestInvoker.invokeMethod(TestInvoker.java:664)\n org.testng.internal.invokers.TestInvoker.invokeTestMethod(TestInvoker.java:228)\n org.testng.internal.invokers.MethodRunner.runInSequence(MethodRunner.java:63)\n org.testng.internal.invokers.TestInvoker$MethodInvocationAgent.invoke(TestInvoker.java:961)\n org.testng.internal.invokers.TestInvoker.invokeTestMethods(TestInvoker.java:201)\n org.testng.internal.invokers.TestMethodWorker.invokeTestMethods(TestMethodWorker.java:148)\n org.testng.internal.invokers.TestMethodWorker.run(TestMethodWorker.java:128)\n java.base/java.util.ArrayList.forEach(ArrayList.java:1596)\n org.testng.TestRunner.privateRun(TestRunner.java:819)\n org.testng.TestRunner.run(TestRunner.java:619)\n org.testng.SuiteRunner.runTest(SuiteRunner.java:443)\n org.testng.SuiteRunner.runSequentially(SuiteRunner.java:437)\n org.testng.SuiteRunner.privateRun(SuiteRunner.java:397)\n org.testng.SuiteRunner.run(SuiteRunner.java:336)\n org.testng.SuiteRunnerWorker.runSuite(SuiteRunnerWorker.java:52)\n org.testng.SuiteRunnerWorker.run(SuiteRunnerWorker.java:95)\n org.testng.TestNG.runSuitesSequentially(TestNG.java:1301)\n org.testng.TestNG.runSuitesLocally(TestNG.java:1228)\n org.testng.TestNG.runSuites(TestNG.java:1134)\n org.testng.TestNG.run(TestNG.java:1101)\n org.apache.maven.surefire.testng.TestNGExecutor.run(TestNGExecutor.java:155)\n org.apache.maven.surefire.testng.TestNGDirectoryTestSuite.executeMulti(TestNGDirectoryTestSuite.java:169)\n org.apache.maven.surefire.testng.TestNGDirectoryTestSuite.execute(TestNGDirectoryTestSuite.java:88)\n org.apache.maven.surefire.testng.TestNGProvider.invoke(TestNGProvider.java:137)\n org.apache.maven.surefire.booter.ForkedBooter.runSuitesInProcess(ForkedBooter.java:385)\n org.apache.maven.surefire.booter.ForkedBooter.execute(ForkedBooter.java:162)\n org.apache.maven.surefire.booter.ForkedBooter.run(ForkedBooter.java:507)\n org.apache.maven.surefire.booter.ForkedBooter.main(ForkedBooter.java:495)],\n\tVerity end date time. expected [2025-02-10T23:51:21Z] but found [2025-02-10T23:56:21Z]\nStack Trace :[org.testng.Assert.fail(Assert.java:111)\n org.testng.Assert.failNotEquals(Assert.java:1578)\n org.testng.Assert.assertEqualsImpl(Assert.java:150)\n org.testng.Assert.assertEquals(Assert.java:132)\n org.testng.asserts.Assertion$8.doAssert(Assertion.java:156)\n com.pinger.automation.utils.SoftVerifier.doAssert(SoftVerifier.java:20)\n org.testng.asserts.Assertion.assertEquals(Assertion.java:152)\n com.pinger.automation.core.clients.PingerClient.processValidScenario(PingerClient.java:59)\n functional.TC016_VerifyElevenEndpointsProcessingTest.test(TC016_VerifyElevenEndpointsProcessingTest.java:37)\n java.base/jdk.internal.reflect.DirectMethodHandleAccessor.invoke(DirectMethodHandleAccessor.java:103)\n java.base/java.lang.reflect.Method.invoke(Method.java:580)\n org.testng.internal.invokers.MethodInvocationHelper.invokeMethod(MethodInvocationHelper.java:139)\n org.testng.internal.invokers.TestInvoker.invokeMethod(TestInvoker.java:664)\n org.testng.internal.invokers.TestInvoker.invokeTestMethod(TestInvoker.java:228)\n org.testng.internal.invokers.MethodRunner.runInSequence(MethodRunner.java:63)\n org.testng.internal.invokers.TestInvoker$MethodInvocationAgent.invoke(TestInvoker.java:961)\n org.testng.internal.invokers.TestInvoker.invokeTestMethods(TestInvoker.java:201)\n org.testng.internal.invokers.TestMethodWorker.invokeTestMethods(TestMethodWorker.java:148)\n org.testng.internal.invokers.TestMethodWorker.run(TestMethodWorker.java:128)\n java.base/java.util.ArrayList.forEach(ArrayList.java:1596)\n org.testng.TestRunner.privateRun(TestRunner.java:819)\n org.testng.TestRunner.run(TestRunner.java:619)\n org.testng.SuiteRunner.runTest(SuiteRunner.java:443)\n org.testng.SuiteRunner.runSequentially(SuiteRunner.java:437)\n org.testng.SuiteRunner.privateRun(SuiteRunner.java:397)\n org.testng.SuiteRunner.run(SuiteRunner.java:336)\n org.testng.SuiteRunnerWorker.runSuite(SuiteRunnerWorker.java:52)\n org.testng.SuiteRunnerWorker.run(SuiteRunnerWorker.java:95)\n org.testng.TestNG.runSuitesSequentially(TestNG.java:1301)\n org.testng.TestNG.runSuitesLocally(TestNG.java:1228)\n org.testng.TestNG.runSuites(TestNG.java:1134)\n org.testng.TestNG.run(TestNG.java:1101)\n org.apache.maven.surefire.testng.TestNGExecutor.run(TestNGExecutor.java:155)\n org.apache.maven.surefire.testng.TestNGDirectoryTestSuite.executeMulti(TestNGDirectoryTestSuite.java:169)\n org.apache.maven.surefire.testng.TestNGDirectoryTestSuite.execute(TestNGDirectoryTestSuite.java:88)\n org.apache.maven.surefire.testng.TestNGProvider.invoke(TestNGProvider.java:137)\n org.apache.maven.surefire.booter.ForkedBooter.runSuitesInProcess(ForkedBooter.java:385)\n org.apache.maven.surefire.booter.ForkedBooter.execute(ForkedBooter.java:162)\n org.apache.maven.surefire.booter.ForkedBooter.run(ForkedBooter.java:507)\n org.apache.maven.surefire.booter.ForkedBooter.main(ForkedBooter.java:495)],\n\tVerity min successful pings. expected [2] but found [1]\nStack Trace :[org.testng.Assert.fail(Assert.java:111)\n org.testng.Assert.failNotEquals(Assert.java:1578)\n org.testng.Assert.assertEqualsImpl(Assert.java:150)\n org.testng.Assert.assertEquals(Assert.java:132)\n org.testng.Assert.assertEquals(Assert.java:1419)\n org.testng.Assert.assertEquals(Assert.java:1383)\n org.testng.asserts.Assertion$26.doAssert(Assertion.java:338)\n com.pinger.automation.utils.SoftVerifier.doAssert(SoftVerifier.java:20)\n org.testng.asserts.Assertion.assertEquals(Assertion.java:334)\n com.pinger.automation.core.clients.PingerClient.processValidScenario(PingerClient.java:62)\n functional.TC016_VerifyElevenEndpointsProcessingTest.test(TC016_VerifyElevenEndpointsProcessingTest.java:37)\n java.base/jdk.internal.reflect.DirectMethodHandleAccessor.invoke(DirectMethodHandleAccessor.java:103)\n java.base/java.lang.reflect.Method.invoke(Method.java:580)\n org.testng.internal.invokers.MethodInvocationHelper.invokeMethod(MethodInvocationHelper.java:139)\n org.testng.internal.invokers.TestInvoker.invokeMethod(TestInvoker.java:664)\n org.testng.internal.invokers.TestInvoker.invokeTestMethod(TestInvoker.java:228)\n org.testng.internal.invokers.MethodRunner.runInSequence(MethodRunner.java:63)\n org.testng.internal.invokers.TestInvoker$MethodInvocationAgent.invoke(TestInvoker.java:961)\n org.testng.internal.invokers.TestInvoker.invokeTestMethods(TestInvoker.java:201)\n org.testng.internal.invokers.TestMethodWorker.invokeTestMethods(TestMethodWorker.java:148)\n org.testng.internal.invokers.TestMethodWorker.run(TestMethodWorker.java:128)\n java.base/java.util.ArrayList.forEach(ArrayList.java:1596)\n org.testng.TestRunner.privateRun(TestRunner.java:819)\n org.testng.TestRunner.run(TestRunner.java:619)\n org.testng.SuiteRunner.runTest(SuiteRunner.java:443)\n org.testng.SuiteRunner.runSequentially(SuiteRunner.java:437)\n org.testng.SuiteRunner.privateRun(SuiteRunner.java:397)\n org.testng.SuiteRunner.run(SuiteRunner.java:336)\n org.testng.SuiteRunnerWorker.runSuite(SuiteRunnerWorker.java:52)\n org.testng.SuiteRunnerWorker.run(SuiteRunnerWorker.java:95)\n org.testng.TestNG.runSuitesSequentially(TestNG.java:1301)\n org.testng.TestNG.runSuitesLocally(TestNG.java:1228)\n org.testng.TestNG.runSuites(TestNG.java:1134)\n org.testng.TestNG.run(TestNG.java:1101)\n org.apache.maven.surefire.testng.TestNGExecutor.run(TestNGExecutor.java:155)\n org.apache.maven.surefire.testng.TestNGDirectoryTestSuite.executeMulti(TestNGDirectoryTestSuite.java:169)\n org.apache.maven.surefire.testng.TestNGDirectoryTestSuite.execute(TestNGDirectoryTestSuite.java:88)\n org.apache.maven.surefire.testng.TestNGProvider.invoke(TestNGProvider.java:137)\n org.apache.maven.surefire.booter.ForkedBooter.runSuitesInProcess(ForkedBooter.java:385)\n org.apache.maven.surefire.booter.ForkedBooter.execute(ForkedBooter.java:162)\n org.apache.maven.surefire.booter.ForkedBooter.run(ForkedBooter.java:507)\n org.apache.maven.surefire.booter.ForkedBooter.main(ForkedBooter.java:495)],\n\tVerify that report contains all not ignored endpoints. expected [true] but found [false]\nStack Trace :[org.testng.Assert.fail(Assert.java:111)\n org.testng.Assert.failNotEquals(Assert.java:1578)\n org.testng.Assert.assertTrue(Assert.java:57)\n org.testng.asserts.Assertion$1.doAssert(Assertion.java:86)\n com.pinger.automation.utils.SoftVerifier.doAssert(SoftVerifier.java:20)\n org.testng.asserts.Assertion.assertTrue(Assertion.java:82)\n com.pinger.automation.core.clients.PingerClient.processValidScenario(PingerClient.java:69)\n functional.TC016_VerifyElevenEndpointsProcessingTest.test(TC016_VerifyElevenEndpointsProcessingTest.java:37)\n java.base/jdk.internal.reflect.DirectMethodHandleAccessor.invoke(DirectMethodHandleAccessor.java:103)\n java.base/java.lang.reflect.Method.invoke(Method.java:580)\n org.testng.internal.invokers.MethodInvocationHelper.invokeMethod(MethodInvocationHelper.java:139)\n org.testng.internal.invokers.TestInvoker.invokeMethod(TestInvoker.java:664)\n org.testng.internal.invokers.TestInvoker.invokeTestMethod(TestInvoker.java:228)\n org.testng.internal.invokers.MethodRunner.runInSequence(MethodRunner.java:63)\n org.testng.internal.invokers.TestInvoker$MethodInvocationAgent.invoke(TestInvoker.java:961)\n org.testng.internal.invokers.TestInvoker.invokeTestMethods(TestInvoker.java:201)\n org.testng.internal.invokers.TestMethodWorker.invokeTestMethods(TestMethodWorker.java:148)\n org.testng.internal.invokers.TestMethodWorker.run(TestMethodWorker.java:128)\n java.base/java.util.ArrayList.forEach(ArrayList.java:1596)\n org.testng.TestRunner.privateRun(TestRunner.java:819)\n org.testng.TestRunner.run(TestRunner.java:619)\n org.testng.SuiteRunner.runTest(SuiteRunner.java:443)\n org.testng.SuiteRunner.runSequentially(SuiteRunner.java:437)\n org.testng.SuiteRunner.privateRun(SuiteRunner.java:397)\n org.testng.SuiteRunner.run(SuiteRunner.java:336)\n org.testng.SuiteRunnerWorker.runSuite(SuiteRunnerWorker.java:52)\n org.testng.SuiteRunnerWorker.run(SuiteRunnerWorker.java:95)\n org.testng.TestNG.runSuitesSequentially(TestNG.java:1301)\n org.testng.TestNG.runSuitesLocally(TestNG.java:1228)\n org.testng.TestNG.runSuites(TestNG.java:1134)\n org.testng.TestNG.run(TestNG.java:1101)\n org.apache.maven.surefire.testng.TestNGExecutor.run(TestNGExecutor.java:155)\n org.apache.maven.surefire.testng.TestNGDirectoryTestSuite.executeMulti(TestNGDirectoryTestSuite.java:169)\n org.apache.maven.surefire.testng.TestNGDirectoryTestSuite.execute(TestNGDirectoryTestSuite.java:88)\n org.apache.maven.surefire.testng.TestNGProvider.invoke(TestNGProvider.java:137)\n org.apache.maven.surefire.booter.ForkedBooter.runSuitesInProcess(ForkedBooter.java:385)\n org.apache.maven.surefire.booter.ForkedBooter.execute(ForkedBooter.java:162)\n org.apache.maven.surefire.booter.ForkedBooter.run(ForkedBooter.java:507)\n org.apache.maven.surefire.booter.ForkedBooter.main(ForkedBooter.java:495)]","time":{"start":1739231481161,"stop":1739231781250,"duration":300089}}]},"tags":[]},"source":"2ef79581356f4dde.json","parameterValues":[]}